<?xml version="1.0" encoding="UTF-8"?>
<coverage generated="1756062217476" clover="3.2.0">
  <project timestamp="1756062217476" name="All files">
    <metrics statements="2019" coveredstatements="1842" conditionals="401" coveredconditionals="355" methods="78" coveredmethods="62" elements="2498" coveredelements="2259" complexity="0" loc="2019" ncloc="2019" packages="5" files="17" classes="17"/>
    <package name="frontend">
      <metrics statements="23" coveredstatements="0" conditionals="2" coveredconditionals="0" methods="2" coveredmethods="0"/>
      <file name="postcss.config.js" path="/Users/tim/Code/Personal/NFLDrafter/frontend/postcss.config.js">
        <metrics statements="6" coveredstatements="0" conditionals="1" coveredconditionals="0" methods="1" coveredmethods="0"/>
        <line num="1" count="0" type="cond" truecount="0" falsecount="1"/>
        <line num="2" count="0" type="stmt"/>
        <line num="3" count="0" type="stmt"/>
        <line num="4" count="0" type="stmt"/>
        <line num="5" count="0" type="stmt"/>
        <line num="6" count="0" type="stmt"/>
      </file>
      <file name="tailwind.config.js" path="/Users/tim/Code/Personal/NFLDrafter/frontend/tailwind.config.js">
        <metrics statements="17" coveredstatements="0" conditionals="1" coveredconditionals="0" methods="1" coveredmethods="0"/>
        <line num="1" count="0" type="cond" truecount="0" falsecount="1"/>
        <line num="2" count="0" type="stmt"/>
        <line num="3" count="0" type="stmt"/>
        <line num="4" count="0" type="stmt"/>
        <line num="5" count="0" type="stmt"/>
        <line num="6" count="0" type="stmt"/>
        <line num="7" count="0" type="stmt"/>
        <line num="8" count="0" type="stmt"/>
        <line num="9" count="0" type="stmt"/>
        <line num="10" count="0" type="stmt"/>
        <line num="11" count="0" type="stmt"/>
        <line num="12" count="0" type="stmt"/>
        <line num="13" count="0" type="stmt"/>
        <line num="14" count="0" type="stmt"/>
        <line num="15" count="0" type="stmt"/>
        <line num="16" count="0" type="stmt"/>
        <line num="17" count="0" type="stmt"/>
      </file>
    </package>
    <package name="frontend.src">
      <metrics statements="88" coveredstatements="0" conditionals="3" coveredconditionals="0" methods="3" coveredmethods="0"/>
      <file name="App.tsx" path="/Users/tim/Code/Personal/NFLDrafter/frontend/src/App.tsx">
        <metrics statements="33" coveredstatements="0" conditionals="1" coveredconditionals="0" methods="1" coveredmethods="0"/>
        <line num="1" count="0" type="cond" truecount="0" falsecount="1"/>
        <line num="2" count="0" type="stmt"/>
        <line num="3" count="0" type="stmt"/>
        <line num="4" count="0" type="stmt"/>
        <line num="5" count="0" type="stmt"/>
        <line num="6" count="0" type="stmt"/>
        <line num="7" count="0" type="stmt"/>
        <line num="10" count="0" type="stmt"/>
        <line num="11" count="0" type="stmt"/>
        <line num="12" count="0" type="stmt"/>
        <line num="13" count="0" type="stmt"/>
        <line num="14" count="0" type="stmt"/>
        <line num="15" count="0" type="stmt"/>
        <line num="16" count="0" type="stmt"/>
        <line num="17" count="0" type="stmt"/>
        <line num="19" count="0" type="stmt"/>
        <line num="20" count="0" type="stmt"/>
        <line num="21" count="0" type="stmt"/>
        <line num="22" count="0" type="stmt"/>
        <line num="23" count="0" type="stmt"/>
        <line num="24" count="0" type="stmt"/>
        <line num="25" count="0" type="stmt"/>
        <line num="26" count="0" type="stmt"/>
        <line num="27" count="0" type="stmt"/>
        <line num="28" count="0" type="stmt"/>
        <line num="29" count="0" type="stmt"/>
        <line num="30" count="0" type="stmt"/>
        <line num="31" count="0" type="stmt"/>
        <line num="32" count="0" type="stmt"/>
        <line num="33" count="0" type="stmt"/>
        <line num="34" count="0" type="stmt"/>
        <line num="36" count="0" type="stmt"/>
        <line num="38" count="0" type="stmt"/>
      </file>
      <file name="api.ts" path="/Users/tim/Code/Personal/NFLDrafter/frontend/src/api.ts">
        <metrics statements="46" coveredstatements="0" conditionals="1" coveredconditionals="0" methods="1" coveredmethods="0"/>
        <line num="1" count="0" type="cond" truecount="0" falsecount="1"/>
        <line num="4" count="0" type="stmt"/>
        <line num="5" count="0" type="stmt"/>
        <line num="6" count="0" type="stmt"/>
        <line num="7" count="0" type="stmt"/>
        <line num="8" count="0" type="stmt"/>
        <line num="9" count="0" type="stmt"/>
        <line num="12" count="0" type="stmt"/>
        <line num="14" count="0" type="stmt"/>
        <line num="15" count="0" type="stmt"/>
        <line num="16" count="0" type="stmt"/>
        <line num="19" count="0" type="stmt"/>
        <line num="20" count="0" type="stmt"/>
        <line num="44" count="0" type="stmt"/>
        <line num="46" count="0" type="stmt"/>
        <line num="47" count="0" type="stmt"/>
        <line num="48" count="0" type="stmt"/>
        <line num="49" count="0" type="stmt"/>
        <line num="50" count="0" type="stmt"/>
        <line num="51" count="0" type="stmt"/>
        <line num="52" count="0" type="stmt"/>
        <line num="53" count="0" type="stmt"/>
        <line num="54" count="0" type="stmt"/>
        <line num="55" count="0" type="stmt"/>
        <line num="56" count="0" type="stmt"/>
        <line num="59" count="0" type="stmt"/>
        <line num="60" count="0" type="stmt"/>
        <line num="61" count="0" type="stmt"/>
        <line num="62" count="0" type="stmt"/>
        <line num="63" count="0" type="stmt"/>
        <line num="64" count="0" type="stmt"/>
        <line num="65" count="0" type="stmt"/>
        <line num="66" count="0" type="stmt"/>
        <line num="67" count="0" type="stmt"/>
        <line num="68" count="0" type="stmt"/>
        <line num="71" count="0" type="stmt"/>
        <line num="72" count="0" type="stmt"/>
        <line num="73" count="0" type="stmt"/>
        <line num="74" count="0" type="stmt"/>
        <line num="75" count="0" type="stmt"/>
        <line num="78" count="0" type="stmt"/>
        <line num="79" count="0" type="stmt"/>
        <line num="80" count="0" type="stmt"/>
        <line num="81" count="0" type="stmt"/>
        <line num="82" count="0" type="stmt"/>
        <line num="83" count="0" type="stmt"/>
      </file>
      <file name="main.tsx" path="/Users/tim/Code/Personal/NFLDrafter/frontend/src/main.tsx">
        <metrics statements="9" coveredstatements="0" conditionals="1" coveredconditionals="0" methods="1" coveredmethods="0"/>
        <line num="1" count="0" type="cond" truecount="0" falsecount="1"/>
        <line num="2" count="0" type="stmt"/>
        <line num="3" count="0" type="stmt"/>
        <line num="4" count="0" type="stmt"/>
        <line num="6" count="0" type="stmt"/>
        <line num="7" count="0" type="stmt"/>
        <line num="8" count="0" type="stmt"/>
        <line num="9" count="0" type="stmt"/>
        <line num="10" count="0" type="stmt"/>
      </file>
    </package>
    <package name="frontend.src.components">
      <metrics statements="1742" coveredstatements="1676" conditionals="384" coveredconditionals="343" methods="64" coveredmethods="53"/>
      <file name="DraftRoom.tsx" path="/Users/tim/Code/Personal/NFLDrafter/frontend/src/components/DraftRoom.tsx">
        <metrics statements="245" coveredstatements="213" conditionals="58" coveredconditionals="53" methods="5" coveredmethods="5"/>
        <line num="1" count="1" type="stmt"/>
        <line num="2" count="1" type="stmt"/>
        <line num="40" count="1" type="stmt"/>
        <line num="41" count="1" type="stmt"/>
        <line num="42" count="1" type="stmt"/>
        <line num="43" count="1" type="stmt"/>
        <line num="44" count="1" type="stmt"/>
        <line num="45" count="1" type="stmt"/>
        <line num="46" count="1" type="stmt"/>
        <line num="47" count="1" type="stmt"/>
        <line num="48" count="1" type="stmt"/>
        <line num="49" count="1" type="stmt"/>
        <line num="51" count="1" type="cond" truecount="1" falsecount="0"/>
        <line num="52" count="113" type="stmt"/>
        <line num="53" count="113" type="stmt"/>
        <line num="54" count="113" type="stmt"/>
        <line num="55" count="113" type="stmt"/>
        <line num="56" count="113" type="stmt"/>
        <line num="57" count="113" type="stmt"/>
        <line num="58" count="113" type="stmt"/>
        <line num="59" count="113" type="stmt"/>
        <line num="60" count="113" type="stmt"/>
        <line num="61" count="113" type="stmt"/>
        <line num="64" count="113" type="cond" truecount="1" falsecount="0"/>
        <line num="65" count="48" type="stmt"/>
        <line num="66" count="48" type="cond" truecount="1" falsecount="0"/>
        <line num="67" count="745" type="cond" truecount="1" falsecount="0"/>
        <line num="68" count="8846" type="stmt"/>
        <line num="69" count="8846" type="cond" truecount="2" falsecount="0"/>
        <line num="70" count="8846" type="stmt"/>
        <line num="72" count="8846" type="stmt"/>
        <line num="73" count="8846" type="stmt"/>
        <line num="74" count="8846" type="stmt"/>
        <line num="75" count="8846" type="stmt"/>
        <line num="76" count="8846" type="stmt"/>
        <line num="77" count="8846" type="stmt"/>
        <line num="78" count="745" type="stmt"/>
        <line num="79" count="48" type="stmt"/>
        <line num="80" count="113" type="stmt"/>
        <line num="83" count="113" type="cond" truecount="1" falsecount="0"/>
        <line num="84" count="48" type="cond" truecount="1" falsecount="0"/>
        <line num="86" count="7" type="cond" truecount="2" falsecount="0"/>
        <line num="87" count="1" type="stmt"/>
        <line num="88" count="1" type="cond" truecount="1" falsecount="0"/>
        <line num="90" count="6" type="stmt"/>
        <line num="91" count="7" type="cond" truecount="1" falsecount="0"/>
        <line num="92" count="2" type="stmt"/>
        <line num="94" count="2" type="stmt"/>
        <line num="95" count="2" type="stmt"/>
        <line num="96" count="7" type="cond" truecount="1" falsecount="0"/>
        <line num="97" count="1" type="stmt"/>
        <line num="99" count="1" type="stmt"/>
        <line num="100" count="1" type="stmt"/>
        <line num="101" count="7" type="cond" truecount="1" falsecount="0"/>
        <line num="102" count="1" type="stmt"/>
        <line num="104" count="1" type="stmt"/>
        <line num="105" count="1" type="stmt"/>
        <line num="106" count="7" type="cond" truecount="0" falsecount="1"/>
        <line num="107" count="7" type="cond" truecount="1" falsecount="0"/>
        <line num="108" count="7" type="cond" truecount="1" falsecount="0"/>
        <line num="109" count="7" type="cond" truecount="1" falsecount="0"/>
        <line num="110" count="7" type="cond" truecount="1" falsecount="0"/>
        <line num="111" count="7" type="cond" truecount="1" falsecount="0"/>
        <line num="112" count="2" type="stmt"/>
        <line num="113" count="2" type="stmt"/>
        <line num="114" count="2" type="stmt"/>
        <line num="115" count="2" type="stmt"/>
        <line num="116" count="2" type="stmt"/>
        <line num="117" count="2" type="stmt"/>
        <line num="118" count="2" type="stmt"/>
        <line num="119" count="7" type="cond" truecount="1" falsecount="0"/>
        <line num="120" count="7" type="stmt"/>
        <line num="122" count="48" type="stmt"/>
        <line num="123" count="48" type="cond" truecount="1" falsecount="0"/>
        <line num="124" count="113" type="stmt"/>
        <line num="126" count="113" type="stmt"/>
        <line num="127" count="0" type="stmt"/>
        <line num="128" count="0" type="stmt"/>
        <line num="129" count="0" type="stmt"/>
        <line num="130" count="0" type="stmt"/>
        <line num="131" count="0" type="stmt"/>
        <line num="132" count="0" type="stmt"/>
        <line num="133" count="113" type="stmt"/>
        <line num="135" count="113" type="stmt"/>
        <line num="136" count="0" type="stmt"/>
        <line num="137" count="113" type="stmt"/>
        <line num="139" count="113" type="stmt"/>
        <line num="140" count="0" type="stmt"/>
        <line num="141" count="113" type="stmt"/>
        <line num="143" count="113" type="stmt"/>
        <line num="144" count="113" type="stmt"/>
        <line num="146" count="113" type="cond" truecount="2" falsecount="0"/>
        <line num="147" count="113" type="stmt"/>
        <line num="148" count="113" type="cond" truecount="1" falsecount="0"/>
        <line num="149" count="110" type="stmt"/>
        <line num="151" count="113" type="stmt"/>
        <line num="152" count="113" type="cond" truecount="1" falsecount="0"/>
        <line num="153" count="113" type="stmt"/>
        <line num="154" count="113" type="cond" truecount="2" falsecount="0"/>
        <line num="156" count="113" type="cond" truecount="1" falsecount="0"/>
        <line num="157" count="3" type="cond" truecount="1" falsecount="0"/>
        <line num="159" count="110" type="stmt"/>
        <line num="161" count="113" type="stmt"/>
        <line num="162" count="113" type="stmt"/>
        <line num="164" count="113" type="cond" truecount="1" falsecount="0"/>
        <line num="165" count="110" type="stmt"/>
        <line num="166" count="110" type="stmt"/>
        <line num="167" count="110" type="cond" truecount="1" falsecount="0"/>
        <line num="168" count="1714" type="stmt"/>
        <line num="169" count="1714" type="stmt"/>
        <line num="170" count="1714" type="stmt"/>
        <line num="171" count="1714" type="stmt"/>
        <line num="172" count="1714" type="cond" truecount="1" falsecount="0"/>
        <line num="173" count="20380" type="stmt"/>
        <line num="174" count="20380" type="cond" truecount="2" falsecount="0"/>
        <line num="175" count="20380" type="stmt"/>
        <line num="176" count="20380" type="cond" truecount="1" falsecount="0"/>
        <line num="177" count="20380" type="stmt"/>
        <line num="179" count="20380" type="stmt"/>
        <line num="180" count="20380" type="stmt"/>
        <line num="181" count="20380" type="stmt"/>
        <line num="182" count="20380" type="stmt"/>
        <line num="184" count="20380" type="cond" truecount="2" falsecount="0"/>
        <line num="185" count="20380" type="cond" truecount="1" falsecount="1"/>
        <line num="187" count="20380" type="stmt"/>
        <line num="189" count="20380" type="cond" truecount="1" falsecount="1"/>
        <line num="190" count="0" type="stmt"/>
        <line num="191" count="0" type="stmt"/>
        <line num="192" count="0" type="stmt"/>
        <line num="194" count="20380" type="stmt"/>
        <line num="196" count="20380" type="stmt"/>
        <line num="198" count="1714" type="stmt"/>
        <line num="199" count="1714" type="stmt"/>
        <line num="200" count="110" type="stmt"/>
        <line num="201" count="110" type="stmt"/>
        <line num="202" count="110" type="stmt"/>
        <line num="204" count="113" type="stmt"/>
        <line num="207" count="113" type="stmt"/>
        <line num="208" count="113" type="stmt"/>
        <line num="209" count="113" type="stmt"/>
        <line num="210" count="113" type="stmt"/>
        <line num="211" count="113" type="stmt"/>
        <line num="213" count="113" type="stmt"/>
        <line num="214" count="113" type="cond" truecount="1" falsecount="0"/>
        <line num="215" count="791" type="stmt"/>
        <line num="216" count="791" type="stmt"/>
        <line num="217" count="791" type="cond" truecount="1" falsecount="0"/>
        <line num="218" count="791" type="stmt"/>
        <line num="220" count="791" type="cond" truecount="1" falsecount="0"/>
        <line num="221" count="113" type="cond" truecount="1" falsecount="0"/>
        <line num="222" count="678" type="stmt"/>
        <line num="223" count="791" type="stmt"/>
        <line num="225" count="791" type="stmt"/>
        <line num="227" count="791" type="stmt"/>
        <line num="228" count="791" type="stmt"/>
        <line num="229" count="113" type="stmt"/>
        <line num="230" count="113" type="stmt"/>
        <line num="233" count="113" type="stmt"/>
        <line num="234" count="113" type="stmt"/>
        <line num="235" count="113" type="stmt"/>
        <line num="236" count="113" type="stmt"/>
        <line num="237" count="113" type="stmt"/>
        <line num="238" count="113" type="stmt"/>
        <line num="239" count="113" type="stmt"/>
        <line num="240" count="113" type="stmt"/>
        <line num="241" count="113" type="stmt"/>
        <line num="242" count="113" type="stmt"/>
        <line num="244" count="113" type="stmt"/>
        <line num="245" count="113" type="stmt"/>
        <line num="246" count="113" type="stmt"/>
        <line num="248" count="113" type="stmt"/>
        <line num="249" count="113" type="stmt"/>
        <line num="250" count="113" type="stmt"/>
        <line num="251" count="113" type="stmt"/>
        <line num="252" count="113" type="stmt"/>
        <line num="253" count="113" type="stmt"/>
        <line num="254" count="113" type="stmt"/>
        <line num="255" count="113" type="stmt"/>
        <line num="258" count="113" type="cond" truecount="2" falsecount="0"/>
        <line num="259" count="113" type="stmt"/>
        <line num="260" count="113" type="stmt"/>
        <line num="261" count="113" type="cond" truecount="1" falsecount="0"/>
        <line num="262" count="113" type="stmt"/>
        <line num="263" count="113" type="cond" truecount="2" falsecount="0"/>
        <line num="265" count="113" type="cond" truecount="1" falsecount="0"/>
        <line num="266" count="3" type="cond" truecount="1" falsecount="0"/>
        <line num="268" count="110" type="stmt"/>
        <line num="270" count="113" type="stmt"/>
        <line num="271" count="113" type="cond" truecount="1" falsecount="0"/>
        <line num="272" count="110" type="stmt"/>
        <line num="274" count="113" type="stmt"/>
        <line num="276" count="113" type="cond" truecount="1" falsecount="0"/>
        <line num="277" count="110" type="stmt"/>
        <line num="279" count="110" type="stmt"/>
        <line num="280" count="110" type="stmt"/>
        <line num="281" count="110" type="stmt"/>
        <line num="282" count="110" type="cond" truecount="1" falsecount="0"/>
        <line num="283" count="880" type="stmt"/>
        <line num="284" count="880" type="stmt"/>
        <line num="285" count="880" type="stmt"/>
        <line num="287" count="880" type="cond" truecount="0" falsecount="1"/>
        <line num="288" count="0" type="stmt"/>
        <line num="289" count="880" type="stmt"/>
        <line num="290" count="880" type="stmt"/>
        <line num="292" count="880" type="stmt"/>
        <line num="293" count="880" type="stmt"/>
        <line num="294" count="880" type="stmt"/>
        <line num="295" count="110" type="stmt"/>
        <line num="296" count="110" type="stmt"/>
        <line num="297" count="110" type="stmt"/>
        <line num="300" count="110" type="stmt"/>
        <line num="301" count="110" type="stmt"/>
        <line num="302" count="110" type="stmt"/>
        <line num="303" count="110" type="stmt"/>
        <line num="304" count="110" type="stmt"/>
        <line num="306" count="110" type="stmt"/>
        <line num="307" count="110" type="stmt"/>
        <line num="309" count="110" type="stmt"/>
        <line num="310" count="110" type="stmt"/>
        <line num="311" count="110" type="cond" truecount="0" falsecount="1"/>
        <line num="313" count="0" type="stmt"/>
        <line num="314" count="0" type="stmt"/>
        <line num="315" count="0" type="stmt"/>
        <line num="316" count="0" type="stmt"/>
        <line num="317" count="0" type="stmt"/>
        <line num="319" count="0" type="stmt"/>
        <line num="320" count="0" type="stmt"/>
        <line num="321" count="0" type="stmt"/>
        <line num="322" count="0" type="stmt"/>
        <line num="323" count="0" type="stmt"/>
        <line num="324" count="0" type="stmt"/>
        <line num="325" count="0" type="stmt"/>
        <line num="326" count="0" type="stmt"/>
        <line num="327" count="0" type="stmt"/>
        <line num="328" count="0" type="stmt"/>
        <line num="329" count="0" type="stmt"/>
        <line num="331" count="0" type="stmt"/>
        <line num="332" count="0" type="stmt"/>
        <line num="333" count="0" type="stmt"/>
        <line num="334" count="0" type="stmt"/>
        <line num="336" count="110" type="stmt"/>
        <line num="337" count="110" type="stmt"/>
        <line num="339" count="113" type="stmt"/>
        <line num="340" count="113" type="stmt"/>
        <line num="342" count="113" type="stmt"/>
      </file>
      <file name="Navigation.tsx" path="/Users/tim/Code/Personal/NFLDrafter/frontend/src/components/Navigation.tsx">
        <metrics statements="33" coveredstatements="33" conditionals="4" coveredconditionals="4" methods="1" coveredmethods="1"/>
        <line num="1" count="1" type="stmt"/>
        <line num="3" count="1" type="cond" truecount="1" falsecount="0"/>
        <line num="4" count="6" type="stmt"/>
        <line num="6" count="6" type="stmt"/>
        <line num="7" count="6" type="stmt"/>
        <line num="8" count="6" type="stmt"/>
        <line num="9" count="6" type="stmt"/>
        <line num="10" count="6" type="stmt"/>
        <line num="12" count="6" type="stmt"/>
        <line num="13" count="6" type="stmt"/>
        <line num="14" count="6" type="stmt"/>
        <line num="15" count="6" type="stmt"/>
        <line num="16" count="6" type="stmt"/>
        <line num="17" count="6" type="stmt"/>
        <line num="18" count="6" type="stmt"/>
        <line num="20" count="6" type="stmt"/>
        <line num="21" count="6" type="cond" truecount="1" falsecount="0"/>
        <line num="22" count="18" type="stmt"/>
        <line num="23" count="18" type="stmt"/>
        <line num="24" count="18" type="stmt"/>
        <line num="25" count="18" type="stmt"/>
        <line num="26" count="18" type="cond" truecount="1" falsecount="0"/>
        <line num="27" count="6" type="cond" truecount="1" falsecount="0"/>
        <line num="28" count="12" type="stmt"/>
        <line num="29" count="18" type="stmt"/>
        <line num="31" count="18" type="stmt"/>
        <line num="32" count="18" type="stmt"/>
        <line num="33" count="6" type="stmt"/>
        <line num="34" count="6" type="stmt"/>
        <line num="35" count="6" type="stmt"/>
        <line num="36" count="6" type="stmt"/>
        <line num="37" count="6" type="stmt"/>
        <line num="39" count="6" type="stmt"/>
      </file>
      <file name="PlayerBoard.tsx" path="/Users/tim/Code/Personal/NFLDrafter/frontend/src/components/PlayerBoard.tsx">
        <metrics statements="405" coveredstatements="379" conditionals="108" coveredconditionals="90" methods="15" coveredmethods="13"/>
        <line num="1" count="1" type="stmt"/>
        <line num="2" count="1" type="stmt"/>
        <line num="35" count="1" type="stmt"/>
        <line num="36" count="1" type="stmt"/>
        <line num="37" count="1" type="stmt"/>
        <line num="39" count="1" type="cond" truecount="1" falsecount="0"/>
        <line num="40" count="96" type="stmt"/>
        <line num="41" count="96" type="stmt"/>
        <line num="42" count="96" type="stmt"/>
        <line num="43" count="96" type="stmt"/>
        <line num="44" count="96" type="stmt"/>
        <line num="45" count="96" type="stmt"/>
        <line num="46" count="96" type="stmt"/>
        <line num="47" count="96" type="stmt"/>
        <line num="48" count="96" type="stmt"/>
        <line num="49" count="96" type="stmt"/>
        <line num="50" count="96" type="stmt"/>
        <line num="51" count="96" type="stmt"/>
        <line num="52" count="96" type="stmt"/>
        <line num="53" count="96" type="stmt"/>
        <line num="55" count="96" type="stmt"/>
        <line num="56" count="96" type="stmt"/>
        <line num="59" count="96" type="cond" truecount="1" falsecount="0"/>
        <line num="60" count="79" type="cond" truecount="1" falsecount="0"/>
        <line num="62" count="1383" type="cond" truecount="2" falsecount="0"/>
        <line num="63" count="6" type="stmt"/>
        <line num="64" count="6" type="cond" truecount="1" falsecount="0"/>
        <line num="67" count="1383" type="cond" truecount="1" falsecount="0"/>
        <line num="68" count="56" type="stmt"/>
        <line num="69" count="56" type="stmt"/>
        <line num="70" count="56" type="cond" truecount="1" falsecount="0"/>
        <line num="71" count="55" type="cond" truecount="1" falsecount="0"/>
        <line num="72" count="53" type="stmt"/>
        <line num="74" count="56" type="cond" truecount="1" falsecount="0"/>
        <line num="76" count="1321" type="stmt"/>
        <line num="77" count="79" type="stmt"/>
        <line num="80" count="79" type="cond" truecount="1" falsecount="0"/>
        <line num="81" count="1364" type="stmt"/>
        <line num="82" count="1364" type="stmt"/>
        <line num="85" count="1364" type="cond" truecount="0" falsecount="1"/>
        <line num="86" count="1364" type="cond" truecount="1" falsecount="1"/>
        <line num="89" count="1364" type="cond" truecount="0" falsecount="1"/>
        <line num="90" count="0" type="stmt"/>
        <line num="91" count="0" type="stmt"/>
        <line num="92" count="0" type="stmt"/>
        <line num="94" count="1364" type="cond" truecount="2" falsecount="1"/>
        <line num="95" count="59" type="cond" truecount="0" falsecount="2"/>
        <line num="96" count="0" type="stmt"/>
        <line num="97" count="79" type="stmt"/>
        <line num="99" count="79" type="stmt"/>
        <line num="100" count="96" type="stmt"/>
        <line num="103" count="96" type="cond" truecount="1" falsecount="0"/>
        <line num="104" count="86" type="cond" truecount="1" falsecount="0"/>
        <line num="105" count="1353" type="cond" truecount="2" falsecount="0"/>
        <line num="106" count="86" type="stmt"/>
        <line num="107" count="96" type="stmt"/>
        <line num="109" count="96" type="stmt"/>
        <line num="110" count="96" type="stmt"/>
        <line num="111" count="96" type="stmt"/>
        <line num="114" count="96" type="cond" truecount="1" falsecount="0"/>
        <line num="115" count="1" type="cond" truecount="0" falsecount="1"/>
        <line num="116" count="0" type="stmt"/>
        <line num="117" count="1" type="stmt"/>
        <line num="118" count="1" type="stmt"/>
        <line num="119" count="1" type="stmt"/>
        <line num="120" count="1" type="stmt"/>
        <line num="121" count="96" type="stmt"/>
        <line num="124" count="96" type="cond" truecount="1" falsecount="0"/>
        <line num="125" count="6" type="cond" truecount="2" falsecount="0"/>
        <line num="126" count="96" type="stmt"/>
        <line num="129" count="96" type="stmt"/>
        <line num="130" count="0" type="stmt"/>
        <line num="131" count="96" type="stmt"/>
        <line num="134" count="96" type="cond" truecount="1" falsecount="0"/>
        <line num="135" count="89" type="cond" truecount="1" falsecount="0"/>
        <line num="136" count="15" type="cond" truecount="0" falsecount="1"/>
        <line num="138" count="15" type="stmt"/>
        <line num="139" count="15" type="cond" truecount="1" falsecount="0"/>
        <line num="140" count="8" type="stmt"/>
        <line num="141" count="8" type="cond" truecount="1" falsecount="0"/>
        <line num="142" count="8" type="stmt"/>
        <line num="143" count="8" type="stmt"/>
        <line num="144" count="8" type="stmt"/>
        <line num="145" count="15" type="cond" truecount="1" falsecount="0"/>
        <line num="146" count="2" type="stmt"/>
        <line num="147" count="2" type="cond" truecount="1" falsecount="0"/>
        <line num="148" count="2" type="stmt"/>
        <line num="149" count="15" type="cond" truecount="1" falsecount="0"/>
        <line num="150" count="2" type="stmt"/>
        <line num="151" count="2" type="stmt"/>
        <line num="152" count="2" type="stmt"/>
        <line num="153" count="2" type="stmt"/>
        <line num="154" count="2" type="stmt"/>
        <line num="155" count="15" type="cond" truecount="1" falsecount="0"/>
        <line num="156" count="15" type="cond" truecount="1" falsecount="0"/>
        <line num="157" count="1" type="stmt"/>
        <line num="158" count="1" type="stmt"/>
        <line num="159" count="1" type="stmt"/>
        <line num="160" count="1" type="stmt"/>
        <line num="161" count="1" type="stmt"/>
        <line num="162" count="1" type="stmt"/>
        <line num="163" count="1" type="stmt"/>
        <line num="164" count="1" type="stmt"/>
        <line num="165" count="15" type="cond" truecount="1" falsecount="0"/>
        <line num="166" count="15" type="cond" truecount="1" falsecount="0"/>
        <line num="167" count="1" type="stmt"/>
        <line num="168" count="1" type="stmt"/>
        <line num="169" count="1" type="stmt"/>
        <line num="170" count="1" type="cond" truecount="0" falsecount="1"/>
        <line num="171" count="0" type="stmt"/>
        <line num="172" count="0" type="stmt"/>
        <line num="173" count="1" type="stmt"/>
        <line num="174" count="1" type="stmt"/>
        <line num="175" count="15" type="cond" truecount="1" falsecount="0"/>
        <line num="176" count="1" type="stmt"/>
        <line num="177" count="1" type="stmt"/>
        <line num="178" count="15" type="stmt"/>
        <line num="179" count="15" type="stmt"/>
        <line num="181" count="89" type="stmt"/>
        <line num="182" count="89" type="cond" truecount="1" falsecount="0"/>
        <line num="183" count="96" type="stmt"/>
        <line num="186" count="96" type="cond" truecount="1" falsecount="0"/>
        <line num="187" count="78" type="cond" truecount="2" falsecount="0"/>
        <line num="188" count="75" type="stmt"/>
        <line num="189" count="75" type="stmt"/>
        <line num="190" count="75" type="stmt"/>
        <line num="192" count="75" type="cond" truecount="2" falsecount="0"/>
        <line num="193" count="10" type="stmt"/>
        <line num="194" count="10" type="stmt"/>
        <line num="195" count="75" type="stmt"/>
        <line num="196" count="96" type="stmt"/>
        <line num="199" count="96" type="cond" truecount="1" falsecount="0"/>
        <line num="200" count="656" type="cond" truecount="2" falsecount="0"/>
        <line num="201" count="617" type="stmt"/>
        <line num="202" count="656" type="stmt"/>
        <line num="205" count="96" type="cond" truecount="1" falsecount="0"/>
        <line num="206" count="323" type="cond" truecount="2" falsecount="0"/>
        <line num="207" count="323" type="cond" truecount="0" falsecount="1"/>
        <line num="208" count="323" type="stmt"/>
        <line num="209" count="323" type="stmt"/>
        <line num="212" count="96" type="cond" truecount="1" falsecount="0"/>
        <line num="213" count="323" type="cond" truecount="2" falsecount="0"/>
        <line num="214" count="290" type="cond" truecount="0" falsecount="1"/>
        <line num="215" count="0" type="stmt"/>
        <line num="216" count="0" type="stmt"/>
        <line num="217" count="0" type="stmt"/>
        <line num="218" count="323" type="stmt"/>
        <line num="221" count="96" type="cond" truecount="1" falsecount="0"/>
        <line num="222" count="323" type="cond" truecount="2" falsecount="0"/>
        <line num="223" count="323" type="cond" truecount="2" falsecount="0"/>
        <line num="224" count="215" type="cond" truecount="0" falsecount="1"/>
        <line num="225" count="0" type="stmt"/>
        <line num="226" count="0" type="stmt"/>
        <line num="227" count="0" type="stmt"/>
        <line num="228" count="0" type="stmt"/>
        <line num="229" count="323" type="stmt"/>
        <line num="232" count="96" type="cond" truecount="1" falsecount="0"/>
        <line num="233" count="323" type="cond" truecount="2" falsecount="0"/>
        <line num="234" count="323" type="cond" truecount="2" falsecount="0"/>
        <line num="235" count="214" type="cond" truecount="0" falsecount="1"/>
        <line num="236" count="0" type="stmt"/>
        <line num="237" count="0" type="stmt"/>
        <line num="238" count="0" type="stmt"/>
        <line num="239" count="323" type="stmt"/>
        <line num="242" count="96" type="cond" truecount="1" falsecount="0"/>
        <line num="243" count="768" type="stmt"/>
        <line num="244" count="768" type="cond" truecount="1" falsecount="0"/>
        <line num="245" count="768" type="stmt"/>
        <line num="247" count="768" type="stmt"/>
        <line num="248" count="768" type="cond" truecount="1" falsecount="0"/>
        <line num="249" count="96" type="stmt"/>
        <line num="250" count="96" type="cond" truecount="0" falsecount="1"/>
        <line num="251" count="0" type="stmt"/>
        <line num="253" count="96" type="stmt"/>
        <line num="255" count="96" type="stmt"/>
        <line num="257" count="768" type="stmt"/>
        <line num="260" count="96" type="stmt"/>
        <line num="261" count="96" type="stmt"/>
        <line num="263" count="96" type="stmt"/>
        <line num="264" count="96" type="stmt"/>
        <line num="265" count="96" type="stmt"/>
        <line num="266" count="96" type="stmt"/>
        <line num="267" count="96" type="stmt"/>
        <line num="268" count="96" type="stmt"/>
        <line num="269" count="96" type="cond" truecount="1" falsecount="0"/>
        <line num="270" count="96" type="stmt"/>
        <line num="271" count="96" type="stmt"/>
        <line num="272" count="96" type="stmt"/>
        <line num="273" count="96" type="stmt"/>
        <line num="274" count="96" type="stmt"/>
        <line num="275" count="96" type="stmt"/>
        <line num="276" count="96" type="stmt"/>
        <line num="277" count="96" type="stmt"/>
        <line num="278" count="96" type="stmt"/>
        <line num="279" count="96" type="stmt"/>
        <line num="282" count="96" type="stmt"/>
        <line num="283" count="96" type="stmt"/>
        <line num="284" count="96" type="stmt"/>
        <line num="285" count="96" type="stmt"/>
        <line num="287" count="96" type="stmt"/>
        <line num="288" count="96" type="stmt"/>
        <line num="289" count="96" type="stmt"/>
        <line num="290" count="96" type="stmt"/>
        <line num="291" count="96" type="stmt"/>
        <line num="293" count="96" type="stmt"/>
        <line num="294" count="96" type="stmt"/>
        <line num="295" count="96" type="stmt"/>
        <line num="296" count="96" type="stmt"/>
        <line num="297" count="96" type="stmt"/>
        <line num="298" count="96" type="stmt"/>
        <line num="299" count="96" type="stmt"/>
        <line num="300" count="96" type="stmt"/>
        <line num="301" count="96" type="stmt"/>
        <line num="302" count="96" type="stmt"/>
        <line num="303" count="96" type="stmt"/>
        <line num="304" count="96" type="stmt"/>
        <line num="305" count="96" type="stmt"/>
        <line num="306" count="96" type="stmt"/>
        <line num="307" count="96" type="stmt"/>
        <line num="308" count="96" type="stmt"/>
        <line num="309" count="96" type="stmt"/>
        <line num="310" count="96" type="stmt"/>
        <line num="311" count="96" type="stmt"/>
        <line num="312" count="96" type="stmt"/>
        <line num="313" count="96" type="stmt"/>
        <line num="314" count="96" type="stmt"/>
        <line num="315" count="96" type="stmt"/>
        <line num="316" count="96" type="stmt"/>
        <line num="317" count="96" type="stmt"/>
        <line num="318" count="96" type="stmt"/>
        <line num="320" count="96" type="stmt"/>
        <line num="321" count="96" type="stmt"/>
        <line num="323" count="96" type="stmt"/>
        <line num="324" count="96" type="stmt"/>
        <line num="326" count="96" type="stmt"/>
        <line num="327" count="96" type="stmt"/>
        <line num="328" count="96" type="stmt"/>
        <line num="329" count="96" type="stmt"/>
        <line num="330" count="96" type="cond" truecount="1" falsecount="0"/>
        <line num="331" count="13" type="stmt"/>
        <line num="332" count="13" type="stmt"/>
        <line num="333" count="13" type="stmt"/>
        <line num="334" count="13" type="stmt"/>
        <line num="335" count="13" type="stmt"/>
        <line num="336" count="13" type="cond" truecount="1" falsecount="0"/>
        <line num="338" count="83" type="cond" truecount="1" falsecount="0"/>
        <line num="339" count="323" type="stmt"/>
        <line num="340" count="323" type="stmt"/>
        <line num="341" count="323" type="stmt"/>
        <line num="343" count="323" type="stmt"/>
        <line num="344" count="323" type="stmt"/>
        <line num="345" count="323" type="stmt"/>
        <line num="346" count="323" type="cond" truecount="2" falsecount="0"/>
        <line num="347" count="323" type="stmt"/>
        <line num="348" count="323" type="cond" truecount="2" falsecount="0"/>
        <line num="349" count="323" type="cond" truecount="2" falsecount="0"/>
        <line num="350" count="323" type="cond" truecount="1" falsecount="0"/>
        <line num="351" count="323" type="stmt"/>
        <line num="352" count="323" type="stmt"/>
        <line num="353" count="323" type="stmt"/>
        <line num="354" count="323" type="stmt"/>
        <line num="355" count="323" type="stmt"/>
        <line num="356" count="323" type="stmt"/>
        <line num="357" count="323" type="stmt"/>
        <line num="360" count="323" type="stmt"/>
        <line num="361" count="323" type="stmt"/>
        <line num="362" count="323" type="stmt"/>
        <line num="363" count="323" type="stmt"/>
        <line num="364" count="323" type="cond" truecount="1" falsecount="0"/>
        <line num="365" count="6" type="stmt"/>
        <line num="366" count="6" type="stmt"/>
        <line num="367" count="6" type="stmt"/>
        <line num="368" count="323" type="stmt"/>
        <line num="369" count="323" type="stmt"/>
        <line num="371" count="323" type="cond" truecount="1" falsecount="0"/>
        <line num="372" count="5" type="cond" truecount="1" falsecount="0"/>
        <line num="374" count="318" type="stmt"/>
        <line num="376" count="323" type="stmt"/>
        <line num="377" count="323" type="stmt"/>
        <line num="378" count="323" type="stmt"/>
        <line num="379" count="323" type="stmt"/>
        <line num="380" count="323" type="stmt"/>
        <line num="381" count="323" type="stmt"/>
        <line num="382" count="323" type="stmt"/>
        <line num="385" count="323" type="stmt"/>
        <line num="386" count="323" type="stmt"/>
        <line num="387" count="323" type="stmt"/>
        <line num="388" count="323" type="stmt"/>
        <line num="389" count="323" type="stmt"/>
        <line num="392" count="323" type="stmt"/>
        <line num="393" count="323" type="stmt"/>
        <line num="394" count="323" type="stmt"/>
        <line num="397" count="323" type="stmt"/>
        <line num="398" count="323" type="stmt"/>
        <line num="399" count="323" type="stmt"/>
        <line num="402" count="323" type="stmt"/>
        <line num="403" count="323" type="stmt"/>
        <line num="404" count="323" type="stmt"/>
        <line num="407" count="323" type="stmt"/>
        <line num="408" count="323" type="stmt"/>
        <line num="409" count="323" type="stmt"/>
        <line num="412" count="323" type="stmt"/>
        <line num="413" count="323" type="cond" truecount="2" falsecount="0"/>
        <line num="414" count="323" type="stmt"/>
        <line num="417" count="323" type="stmt"/>
        <line num="418" count="323" type="cond" truecount="1" falsecount="0"/>
        <line num="419" count="323" type="stmt"/>
        <line num="422" count="323" type="stmt"/>
        <line num="423" count="323" type="cond" truecount="2" falsecount="0"/>
        <line num="424" count="323" type="stmt"/>
        <line num="427" count="323" type="stmt"/>
        <line num="428" count="323" type="cond" truecount="1" falsecount="0"/>
        <line num="429" count="220" type="stmt"/>
        <line num="430" count="220" type="stmt"/>
        <line num="431" count="220" type="cond" truecount="1" falsecount="0"/>
        <line num="433" count="103" type="stmt"/>
        <line num="435" count="323" type="stmt"/>
        <line num="438" count="323" type="stmt"/>
        <line num="439" count="323" type="cond" truecount="2" falsecount="0"/>
        <line num="440" count="323" type="stmt"/>
        <line num="443" count="323" type="stmt"/>
        <line num="444" count="323" type="stmt"/>
        <line num="445" count="323" type="cond" truecount="1" falsecount="0"/>
        <line num="446" count="6" type="stmt"/>
        <line num="447" count="6" type="cond" truecount="1" falsecount="0"/>
        <line num="448" count="1" type="stmt"/>
        <line num="449" count="1" type="stmt"/>
        <line num="450" count="1" type="stmt"/>
        <line num="451" count="6" type="stmt"/>
        <line num="452" count="6" type="stmt"/>
        <line num="453" count="6" type="stmt"/>
        <line num="455" count="6" type="cond" truecount="1" falsecount="0"/>
        <line num="457" count="317" type="stmt"/>
        <line num="458" count="317" type="cond" truecount="1" falsecount="0"/>
        <line num="459" count="2" type="stmt"/>
        <line num="460" count="2" type="stmt"/>
        <line num="461" count="2" type="stmt"/>
        <line num="462" count="317" type="stmt"/>
        <line num="463" count="317" type="stmt"/>
        <line num="464" count="317" type="stmt"/>
        <line num="466" count="317" type="stmt"/>
        <line num="468" count="323" type="stmt"/>
        <line num="469" count="323" type="stmt"/>
        <line num="470" count="323" type="stmt"/>
        <line num="473" count="323" type="cond" truecount="1" falsecount="0"/>
        <line num="474" count="5" type="stmt"/>
        <line num="475" count="5" type="stmt"/>
        <line num="476" count="5" type="stmt"/>
        <line num="477" count="5" type="stmt"/>
        <line num="478" count="5" type="stmt"/>
        <line num="479" count="5" type="stmt"/>
        <line num="480" count="5" type="stmt"/>
        <line num="482" count="5" type="stmt"/>
        <line num="483" count="5" type="stmt"/>
        <line num="485" count="5" type="stmt"/>
        <line num="486" count="5" type="stmt"/>
        <line num="487" count="5" type="stmt"/>
        <line num="488" count="5" type="stmt"/>
        <line num="489" count="5" type="stmt"/>
        <line num="490" count="5" type="cond" truecount="0" falsecount="1"/>
        <line num="491" count="5" type="cond" truecount="0" falsecount="1"/>
        <line num="492" count="5" type="cond" truecount="0" falsecount="1"/>
        <line num="493" count="5" type="stmt"/>
        <line num="494" count="5" type="stmt"/>
        <line num="497" count="5" type="stmt"/>
        <line num="498" count="5" type="stmt"/>
        <line num="499" count="5" type="stmt"/>
        <line num="500" count="5" type="stmt"/>
        <line num="501" count="5" type="cond" truecount="0" falsecount="1"/>
        <line num="503" count="0" type="stmt"/>
        <line num="505" count="5" type="stmt"/>
        <line num="506" count="5" type="stmt"/>
        <line num="509" count="5" type="stmt"/>
        <line num="510" count="5" type="stmt"/>
        <line num="511" count="5" type="stmt"/>
        <line num="512" count="5" type="stmt"/>
        <line num="513" count="5" type="stmt"/>
        <line num="514" count="0" type="stmt"/>
        <line num="515" count="0" type="stmt"/>
        <line num="516" count="0" type="stmt"/>
        <line num="517" count="5" type="stmt"/>
        <line num="518" count="5" type="stmt"/>
        <line num="520" count="5" type="stmt"/>
        <line num="521" count="5" type="stmt"/>
        <line num="522" count="5" type="stmt"/>
        <line num="523" count="5" type="stmt"/>
        <line num="524" count="0" type="stmt"/>
        <line num="525" count="0" type="stmt"/>
        <line num="526" count="0" type="stmt"/>
        <line num="527" count="5" type="stmt"/>
        <line num="528" count="5" type="stmt"/>
        <line num="530" count="5" type="stmt"/>
        <line num="532" count="5" type="stmt"/>
        <line num="533" count="5" type="stmt"/>
        <line num="534" count="5" type="stmt"/>
        <line num="535" count="5" type="stmt"/>
        <line num="536" count="5" type="stmt"/>
        <line num="538" count="323" type="stmt"/>
        <line num="540" count="83" type="stmt"/>
        <line num="542" count="96" type="stmt"/>
        <line num="543" count="96" type="stmt"/>
        <line num="544" count="96" type="stmt"/>
        <line num="545" count="96" type="stmt"/>
        <line num="546" count="96" type="stmt"/>
        <line num="548" count="96" type="stmt"/>
      </file>
      <file name="PlayerExplorer.tsx" path="/Users/tim/Code/Personal/NFLDrafter/frontend/src/components/PlayerExplorer.tsx">
        <metrics statements="153" coveredstatements="153" conditionals="16" coveredconditionals="16" methods="5" coveredmethods="3"/>
        <line num="1" count="1" type="stmt"/>
        <line num="2" count="1" type="stmt"/>
        <line num="4" count="1" type="cond" truecount="1" falsecount="0"/>
        <line num="5" count="14" type="stmt"/>
        <line num="6" count="14" type="stmt"/>
        <line num="7" count="14" type="stmt"/>
        <line num="8" count="14" type="stmt"/>
        <line num="9" count="14" type="stmt"/>
        <line num="12" count="14" type="stmt"/>
        <line num="13" count="14" type="stmt"/>
        <line num="14" count="14" type="stmt"/>
        <line num="15" count="14" type="stmt"/>
        <line num="16" count="14" type="stmt"/>
        <line num="17" count="14" type="stmt"/>
        <line num="18" count="14" type="stmt"/>
        <line num="20" count="14" type="stmt"/>
        <line num="21" count="14" type="cond" truecount="1" falsecount="0"/>
        <line num="23" count="14" type="cond" truecount="1" falsecount="0"/>
        <line num="24" count="1" type="stmt"/>
        <line num="25" count="1" type="stmt"/>
        <line num="26" count="1" type="stmt"/>
        <line num="27" count="1" type="stmt"/>
        <line num="29" count="1" type="cond" truecount="1" falsecount="0"/>
        <line num="31" count="13" type="stmt"/>
        <line num="32" count="13" type="stmt"/>
        <line num="33" count="13" type="stmt"/>
        <line num="34" count="13" type="stmt"/>
        <line num="37" count="13" type="stmt"/>
        <line num="38" count="13" type="stmt"/>
        <line num="39" count="13" type="stmt"/>
        <line num="40" count="13" type="stmt"/>
        <line num="41" count="13" type="stmt"/>
        <line num="42" count="13" type="stmt"/>
        <line num="43" count="13" type="stmt"/>
        <line num="45" count="13" type="cond" truecount="1" falsecount="0"/>
        <line num="46" count="65" type="stmt"/>
        <line num="47" count="13" type="stmt"/>
        <line num="48" count="13" type="stmt"/>
        <line num="49" count="13" type="stmt"/>
        <line num="51" count="13" type="stmt"/>
        <line num="52" count="13" type="stmt"/>
        <line num="53" count="13" type="stmt"/>
        <line num="54" count="13" type="stmt"/>
        <line num="55" count="13" type="stmt"/>
        <line num="56" count="13" type="stmt"/>
        <line num="58" count="13" type="cond" truecount="1" falsecount="0"/>
        <line num="59" count="234" type="stmt"/>
        <line num="60" count="13" type="stmt"/>
        <line num="61" count="13" type="stmt"/>
        <line num="62" count="13" type="stmt"/>
        <line num="64" count="13" type="stmt"/>
        <line num="65" count="13" type="stmt"/>
        <line num="66" count="13" type="stmt"/>
        <line num="67" count="13" type="stmt"/>
        <line num="68" count="13" type="cond" truecount="1" falsecount="0"/>
        <line num="69" count="13" type="stmt"/>
        <line num="71" count="13" type="stmt"/>
        <line num="72" count="14" type="cond" truecount="1" falsecount="0"/>
        <line num="73" count="26" type="stmt"/>
        <line num="74" count="26" type="stmt"/>
        <line num="75" count="26" type="stmt"/>
        <line num="76" count="14" type="stmt"/>
        <line num="77" count="14" type="stmt"/>
        <line num="78" count="14" type="stmt"/>
        <line num="80" count="14" type="stmt"/>
        <line num="81" count="14" type="stmt"/>
        <line num="82" count="14" type="stmt"/>
        <line num="83" count="14" type="stmt"/>
        <line num="84" count="14" type="stmt"/>
        <line num="85" count="14" type="cond" truecount="1" falsecount="0"/>
        <line num="86" count="14" type="stmt"/>
        <line num="87" count="14" type="stmt"/>
        <line num="88" count="14" type="stmt"/>
        <line num="89" count="14" type="stmt"/>
        <line num="90" count="14" type="stmt"/>
        <line num="93" count="14" type="stmt"/>
        <line num="94" count="14" type="stmt"/>
        <line num="95" count="14" type="stmt"/>
        <line num="96" count="14" type="stmt"/>
        <line num="97" count="14" type="stmt"/>
        <line num="99" count="14" type="stmt"/>
        <line num="100" count="14" type="stmt"/>
        <line num="102" count="14" type="stmt"/>
        <line num="103" count="14" type="stmt"/>
        <line num="105" count="14" type="stmt"/>
        <line num="106" count="14" type="stmt"/>
        <line num="108" count="14" type="stmt"/>
        <line num="109" count="14" type="stmt"/>
        <line num="111" count="14" type="stmt"/>
        <line num="112" count="14" type="stmt"/>
        <line num="113" count="14" type="stmt"/>
        <line num="114" count="14" type="stmt"/>
        <line num="115" count="14" type="stmt"/>
        <line num="116" count="14" type="cond" truecount="1" falsecount="0"/>
        <line num="117" count="65" type="stmt"/>
        <line num="118" count="14" type="stmt"/>
        <line num="119" count="14" type="cond" truecount="1" falsecount="0"/>
        <line num="120" count="56" type="stmt"/>
        <line num="121" count="56" type="stmt"/>
        <line num="122" count="56" type="stmt"/>
        <line num="123" count="56" type="stmt"/>
        <line num="124" count="56" type="stmt"/>
        <line num="125" count="56" type="stmt"/>
        <line num="126" count="56" type="stmt"/>
        <line num="127" count="56" type="stmt"/>
        <line num="128" count="56" type="stmt"/>
        <line num="129" count="56" type="stmt"/>
        <line num="130" count="56" type="stmt"/>
        <line num="131" count="56" type="stmt"/>
        <line num="132" count="56" type="stmt"/>
        <line num="133" count="56" type="stmt"/>
        <line num="134" count="56" type="stmt"/>
        <line num="135" count="56" type="stmt"/>
        <line num="136" count="56" type="stmt"/>
        <line num="137" count="56" type="cond" truecount="2" falsecount="0"/>
        <line num="138" count="56" type="stmt"/>
        <line num="139" count="56" type="stmt"/>
        <line num="140" count="56" type="stmt"/>
        <line num="142" count="56" type="stmt"/>
        <line num="143" count="56" type="stmt"/>
        <line num="145" count="56" type="stmt"/>
        <line num="146" count="56" type="stmt"/>
        <line num="147" count="56" type="stmt"/>
        <line num="148" count="14" type="stmt"/>
        <line num="149" count="14" type="stmt"/>
        <line num="150" count="14" type="stmt"/>
        <line num="151" count="14" type="stmt"/>
        <line num="153" count="14" type="cond" truecount="1" falsecount="0"/>
        <line num="154" count="65" type="stmt"/>
        <line num="155" count="14" type="cond" truecount="1" falsecount="0"/>
        <line num="156" count="1" type="stmt"/>
        <line num="158" count="1" type="stmt"/>
        <line num="160" count="14" type="stmt"/>
        <line num="163" count="14" type="cond" truecount="1" falsecount="0"/>
        <line num="164" count="1" type="stmt"/>
        <line num="165" count="1" type="stmt"/>
        <line num="166" count="1" type="stmt"/>
        <line num="167" count="1" type="stmt"/>
        <line num="168" count="1" type="stmt"/>
        <line num="169" count="1" type="stmt"/>
        <line num="170" count="1" type="stmt"/>
        <line num="171" count="1" type="stmt"/>
        <line num="172" count="1" type="stmt"/>
        <line num="173" count="1" type="stmt"/>
        <line num="174" count="1" type="stmt"/>
        <line num="175" count="1" type="stmt"/>
        <line num="176" count="1" type="stmt"/>
        <line num="177" count="1" type="stmt"/>
        <line num="178" count="1" type="stmt"/>
        <line num="179" count="1" type="stmt"/>
        <line num="180" count="1" type="stmt"/>
        <line num="182" count="14" type="stmt"/>
        <line num="184" count="14" type="stmt"/>
      </file>
      <file name="RosterBar.tsx" path="/Users/tim/Code/Personal/NFLDrafter/frontend/src/components/RosterBar.tsx">
        <metrics statements="199" coveredstatements="195" conditionals="50" coveredconditionals="46" methods="6" coveredmethods="6"/>
        <line num="1" count="1" type="stmt"/>
        <line num="2" count="1" type="stmt"/>
        <line num="26" count="1" type="cond" truecount="1" falsecount="0"/>
        <line num="27" count="64" type="stmt"/>
        <line num="28" count="64" type="stmt"/>
        <line num="29" count="64" type="stmt"/>
        <line num="30" count="64" type="stmt"/>
        <line num="31" count="64" type="stmt"/>
        <line num="32" count="64" type="stmt"/>
        <line num="35" count="64" type="cond" truecount="1" falsecount="0"/>
        <line num="36" count="45" type="cond" truecount="1" falsecount="0"/>
        <line num="37" count="45" type="cond" truecount="1" falsecount="0"/>
        <line num="38" count="45" type="stmt"/>
        <line num="41" count="45" type="stmt"/>
        <line num="42" count="45" type="cond" truecount="1" falsecount="0"/>
        <line num="43" count="45" type="cond" truecount="1" falsecount="0"/>
        <line num="44" count="126" type="cond" truecount="1" falsecount="0"/>
        <line num="45" count="615" type="cond" truecount="0" falsecount="1"/>
        <line num="46" count="126" type="stmt"/>
        <line num="48" count="126" type="cond" truecount="1" falsecount="0"/>
        <line num="49" count="126" type="cond" truecount="1" falsecount="0"/>
        <line num="51" count="126" type="stmt"/>
        <line num="52" count="126" type="stmt"/>
        <line num="53" count="126" type="stmt"/>
        <line num="54" count="126" type="stmt"/>
        <line num="55" count="45" type="stmt"/>
        <line num="56" count="45" type="cond" truecount="1" falsecount="0"/>
        <line num="58" count="45" type="stmt"/>
        <line num="59" count="45" type="stmt"/>
        <line num="60" count="45" type="stmt"/>
        <line num="61" count="45" type="stmt"/>
        <line num="62" count="45" type="stmt"/>
        <line num="63" count="45" type="stmt"/>
        <line num="64" count="45" type="stmt"/>
        <line num="65" count="64" type="stmt"/>
        <line num="68" count="64" type="cond" truecount="1" falsecount="0"/>
        <line num="69" count="496" type="stmt"/>
        <line num="70" count="496" type="cond" truecount="1" falsecount="0"/>
        <line num="71" count="124" type="stmt"/>
        <line num="72" count="496" type="cond" truecount="1" falsecount="0"/>
        <line num="73" count="124" type="stmt"/>
        <line num="74" count="496" type="cond" truecount="1" falsecount="0"/>
        <line num="75" count="248" type="stmt"/>
        <line num="76" count="496" type="cond" truecount="0" falsecount="1"/>
        <line num="77" count="0" type="stmt"/>
        <line num="78" count="496" type="stmt"/>
        <line num="79" count="496" type="stmt"/>
        <line num="82" count="64" type="cond" truecount="1" falsecount="0"/>
        <line num="83" count="496" type="stmt"/>
        <line num="84" count="496" type="cond" truecount="1" falsecount="0"/>
        <line num="85" count="124" type="stmt"/>
        <line num="86" count="496" type="cond" truecount="1" falsecount="0"/>
        <line num="87" count="124" type="stmt"/>
        <line num="88" count="496" type="cond" truecount="1" falsecount="0"/>
        <line num="89" count="248" type="stmt"/>
        <line num="90" count="496" type="cond" truecount="0" falsecount="1"/>
        <line num="91" count="0" type="stmt"/>
        <line num="92" count="496" type="stmt"/>
        <line num="93" count="496" type="stmt"/>
        <line num="96" count="64" type="cond" truecount="1" falsecount="0"/>
        <line num="97" count="19" type="cond" truecount="2" falsecount="0"/>
        <line num="98" count="19" type="stmt"/>
        <line num="100" count="64" type="stmt"/>
        <line num="101" count="64" type="stmt"/>
        <line num="103" count="64" type="stmt"/>
        <line num="104" count="64" type="stmt"/>
        <line num="105" count="64" type="stmt"/>
        <line num="106" count="64" type="stmt"/>
        <line num="107" count="64" type="stmt"/>
        <line num="108" count="64" type="cond" truecount="1" falsecount="0"/>
        <line num="109" count="64" type="stmt"/>
        <line num="110" count="64" type="stmt"/>
        <line num="113" count="64" type="stmt"/>
        <line num="114" count="64" type="stmt"/>
        <line num="115" count="64" type="stmt"/>
        <line num="116" count="64" type="stmt"/>
        <line num="117" count="64" type="stmt"/>
        <line num="118" count="64" type="stmt"/>
        <line num="119" count="64" type="stmt"/>
        <line num="120" count="64" type="stmt"/>
        <line num="121" count="64" type="stmt"/>
        <line num="122" count="64" type="stmt"/>
        <line num="123" count="64" type="stmt"/>
        <line num="124" count="64" type="stmt"/>
        <line num="127" count="64" type="cond" truecount="1" falsecount="0"/>
        <line num="128" count="60" type="stmt"/>
        <line num="129" count="60" type="stmt"/>
        <line num="130" count="60" type="stmt"/>
        <line num="131" count="60" type="stmt"/>
        <line num="132" count="60" type="stmt"/>
        <line num="133" count="60" type="stmt"/>
        <line num="134" count="60" type="cond" truecount="1" falsecount="0"/>
        <line num="135" count="60" type="stmt"/>
        <line num="136" count="60" type="stmt"/>
        <line num="137" count="60" type="stmt"/>
        <line num="138" count="60" type="stmt"/>
        <line num="139" count="60" type="stmt"/>
        <line num="140" count="60" type="stmt"/>
        <line num="142" count="64" type="stmt"/>
        <line num="145" count="64" type="stmt"/>
        <line num="146" count="64" type="stmt"/>
        <line num="147" count="64" type="cond" truecount="1" falsecount="0"/>
        <line num="148" count="496" type="cond" truecount="1" falsecount="0"/>
        <line num="149" count="2400" type="cond" truecount="2" falsecount="0"/>
        <line num="150" count="496" type="stmt"/>
        <line num="152" count="496" type="stmt"/>
        <line num="153" count="496" type="stmt"/>
        <line num="154" count="496" type="stmt"/>
        <line num="156" count="496" type="stmt"/>
        <line num="157" count="496" type="stmt"/>
        <line num="159" count="496" type="stmt"/>
        <line num="160" count="496" type="cond" truecount="1" falsecount="0"/>
        <line num="161" count="496" type="stmt"/>
        <line num="162" count="496" type="cond" truecount="2" falsecount="0"/>
        <line num="163" count="496" type="stmt"/>
        <line num="165" count="496" type="stmt"/>
        <line num="166" count="496" type="stmt"/>
        <line num="167" count="496" type="stmt"/>
        <line num="168" count="496" type="cond" truecount="2" falsecount="0"/>
        <line num="169" count="496" type="stmt"/>
        <line num="170" count="496" type="stmt"/>
        <line num="171" count="496" type="stmt"/>
        <line num="174" count="496" type="stmt"/>
        <line num="175" count="496" type="stmt"/>
        <line num="176" count="496" type="stmt"/>
        <line num="177" count="496" type="stmt"/>
        <line num="178" count="496" type="stmt"/>
        <line num="180" count="496" type="stmt"/>
        <line num="181" count="496" type="stmt"/>
        <line num="182" count="496" type="cond" truecount="2" falsecount="0"/>
        <line num="183" count="496" type="stmt"/>
        <line num="184" count="496" type="stmt"/>
        <line num="185" count="496" type="stmt"/>
        <line num="188" count="496" type="cond" truecount="1" falsecount="0"/>
        <line num="189" count="123" type="stmt"/>
        <line num="193" count="496" type="stmt"/>
        <line num="194" count="496" type="stmt"/>
        <line num="195" count="496" type="cond" truecount="2" falsecount="0"/>
        <line num="196" count="496" type="stmt"/>
        <line num="197" count="496" type="stmt"/>
        <line num="198" count="496" type="stmt"/>
        <line num="199" count="496" type="stmt"/>
        <line num="201" count="496" type="stmt"/>
        <line num="202" count="496" type="stmt"/>
        <line num="203" count="496" type="stmt"/>
        <line num="204" count="496" type="stmt"/>
        <line num="205" count="496" type="stmt"/>
        <line num="208" count="496" type="cond" truecount="1" falsecount="0"/>
        <line num="209" count="17" type="stmt"/>
        <line num="211" count="17" type="stmt"/>
        <line num="212" count="17" type="stmt"/>
        <line num="213" count="17" type="stmt"/>
        <line num="214" count="17" type="cond" truecount="1" falsecount="0"/>
        <line num="215" count="26" type="stmt"/>
        <line num="216" count="26" type="stmt"/>
        <line num="217" count="26" type="stmt"/>
        <line num="218" count="26" type="stmt"/>
        <line num="219" count="26" type="stmt"/>
        <line num="220" count="26" type="stmt"/>
        <line num="221" count="26" type="stmt"/>
        <line num="222" count="17" type="stmt"/>
        <line num="223" count="17" type="cond" truecount="0" falsecount="1"/>
        <line num="225" count="0" type="stmt"/>
        <line num="227" count="0" type="stmt"/>
        <line num="231" count="17" type="stmt"/>
        <line num="232" count="17" type="stmt"/>
        <line num="233" count="17" type="stmt"/>
        <line num="234" count="17" type="stmt"/>
        <line num="235" count="17" type="cond" truecount="1" falsecount="0"/>
        <line num="236" count="7" type="stmt"/>
        <line num="237" count="7" type="cond" truecount="1" falsecount="0"/>
        <line num="238" count="7" type="cond" truecount="1" falsecount="0"/>
        <line num="240" count="10" type="stmt"/>
        <line num="242" count="17" type="stmt"/>
        <line num="243" count="17" type="stmt"/>
        <line num="247" count="17" type="stmt"/>
        <line num="248" count="17" type="cond" truecount="1" falsecount="0"/>
        <line num="249" count="17" type="stmt"/>
        <line num="251" count="17" type="cond" truecount="2" falsecount="0"/>
        <line num="252" count="17" type="stmt"/>
        <line num="253" count="17" type="stmt"/>
        <line num="255" count="496" type="stmt"/>
        <line num="257" count="64" type="stmt"/>
        <line num="258" count="64" type="stmt"/>
        <line num="259" count="64" type="stmt"/>
        <line num="262" count="64" type="stmt"/>
        <line num="263" count="64" type="stmt"/>
        <line num="264" count="64" type="stmt"/>
        <line num="265" count="64" type="stmt"/>
        <line num="266" count="64" type="stmt"/>
        <line num="267" count="64" type="stmt"/>
        <line num="268" count="64" type="stmt"/>
        <line num="269" count="64" type="stmt"/>
        <line num="270" count="64" type="stmt"/>
        <line num="271" count="64" type="stmt"/>
        <line num="272" count="64" type="stmt"/>
        <line num="273" count="64" type="stmt"/>
        <line num="274" count="64" type="stmt"/>
        <line num="276" count="64" type="stmt"/>
      </file>
      <file name="ScoringBuilder.tsx" path="/Users/tim/Code/Personal/NFLDrafter/frontend/src/components/ScoringBuilder.tsx">
        <metrics statements="164" coveredstatements="164" conditionals="15" coveredconditionals="14" methods="12" coveredmethods="6"/>
        <line num="1" count="1" type="stmt"/>
        <line num="2" count="1" type="stmt"/>
        <line num="14" count="1" type="cond" truecount="1" falsecount="0"/>
        <line num="15" count="12" type="stmt"/>
        <line num="16" count="12" type="stmt"/>
        <line num="17" count="12" type="stmt"/>
        <line num="18" count="12" type="stmt"/>
        <line num="19" count="12" type="stmt"/>
        <line num="20" count="12" type="stmt"/>
        <line num="21" count="12" type="stmt"/>
        <line num="22" count="12" type="stmt"/>
        <line num="23" count="12" type="stmt"/>
        <line num="24" count="12" type="stmt"/>
        <line num="25" count="12" type="stmt"/>
        <line num="27" count="12" type="cond" truecount="1" falsecount="0"/>
        <line num="28" count="1" type="stmt"/>
        <line num="29" count="1" type="stmt"/>
        <line num="31" count="12" type="cond" truecount="1" falsecount="0"/>
        <line num="32" count="1" type="cond" truecount="1" falsecount="0"/>
        <line num="33" count="1" type="stmt"/>
        <line num="35" count="12" type="cond" truecount="1" falsecount="0"/>
        <line num="36" count="1" type="stmt"/>
        <line num="37" count="1" type="stmt"/>
        <line num="38" count="1" type="stmt"/>
        <line num="39" count="1" type="stmt"/>
        <line num="41" count="12" type="stmt"/>
        <line num="42" count="12" type="stmt"/>
        <line num="43" count="12" type="stmt"/>
        <line num="44" count="12" type="stmt"/>
        <line num="45" count="12" type="stmt"/>
        <line num="46" count="12" type="stmt"/>
        <line num="48" count="12" type="cond" truecount="1" falsecount="0"/>
        <line num="49" count="1" type="stmt"/>
        <line num="50" count="1" type="stmt"/>
        <line num="51" count="1" type="stmt"/>
        <line num="52" count="1" type="stmt"/>
        <line num="54" count="1" type="cond" truecount="1" falsecount="0"/>
        <line num="56" count="11" type="stmt"/>
        <line num="57" count="11" type="stmt"/>
        <line num="58" count="11" type="stmt"/>
        <line num="59" count="11" type="stmt"/>
        <line num="61" count="11" type="stmt"/>
        <line num="62" count="11" type="stmt"/>
        <line num="64" count="11" type="stmt"/>
        <line num="65" count="11" type="stmt"/>
        <line num="66" count="11" type="stmt"/>
        <line num="67" count="11" type="stmt"/>
        <line num="68" count="11" type="stmt"/>
        <line num="70" count="11" type="stmt"/>
        <line num="71" count="12" type="cond" truecount="1" falsecount="0"/>
        <line num="72" count="22" type="stmt"/>
        <line num="73" count="22" type="stmt"/>
        <line num="74" count="22" type="stmt"/>
        <line num="75" count="12" type="stmt"/>
        <line num="76" count="12" type="stmt"/>
        <line num="77" count="12" type="stmt"/>
        <line num="79" count="12" type="stmt"/>
        <line num="80" count="12" type="stmt"/>
        <line num="81" count="12" type="stmt"/>
        <line num="82" count="12" type="stmt"/>
        <line num="83" count="12" type="stmt"/>
        <line num="84" count="12" type="stmt"/>
        <line num="85" count="12" type="stmt"/>
        <line num="87" count="12" type="stmt"/>
        <line num="88" count="12" type="stmt"/>
        <line num="90" count="12" type="stmt"/>
        <line num="91" count="12" type="cond" truecount="1" falsecount="0"/>
        <line num="92" count="77" type="stmt"/>
        <line num="93" count="77" type="stmt"/>
        <line num="94" count="77" type="stmt"/>
        <line num="95" count="77" type="stmt"/>
        <line num="96" count="77" type="stmt"/>
        <line num="97" count="77" type="stmt"/>
        <line num="98" count="77" type="stmt"/>
        <line num="100" count="77" type="stmt"/>
        <line num="101" count="77" type="cond" truecount="1" falsecount="0"/>
        <line num="102" count="847" type="stmt"/>
        <line num="103" count="847" type="cond" truecount="1" falsecount="0"/>
        <line num="104" count="847" type="stmt"/>
        <line num="105" count="77" type="stmt"/>
        <line num="106" count="77" type="stmt"/>
        <line num="107" count="77" type="stmt"/>
        <line num="109" count="77" type="stmt"/>
        <line num="110" count="77" type="stmt"/>
        <line num="111" count="77" type="stmt"/>
        <line num="112" count="77" type="stmt"/>
        <line num="113" count="77" type="stmt"/>
        <line num="114" count="77" type="stmt"/>
        <line num="115" count="77" type="cond" truecount="1" falsecount="1"/>
        <line num="116" count="77" type="stmt"/>
        <line num="117" count="77" type="stmt"/>
        <line num="118" count="77" type="stmt"/>
        <line num="120" count="77" type="stmt"/>
        <line num="121" count="77" type="stmt"/>
        <line num="122" count="77" type="stmt"/>
        <line num="123" count="77" type="stmt"/>
        <line num="124" count="77" type="stmt"/>
        <line num="125" count="77" type="cond" truecount="1" falsecount="0"/>
        <line num="126" count="77" type="stmt"/>
        <line num="127" count="77" type="stmt"/>
        <line num="128" count="77" type="stmt"/>
        <line num="129" count="77" type="stmt"/>
        <line num="130" count="77" type="stmt"/>
        <line num="132" count="77" type="stmt"/>
        <line num="133" count="77" type="stmt"/>
        <line num="134" count="77" type="stmt"/>
        <line num="135" count="77" type="stmt"/>
        <line num="136" count="77" type="stmt"/>
        <line num="137" count="77" type="stmt"/>
        <line num="138" count="77" type="stmt"/>
        <line num="139" count="77" type="stmt"/>
        <line num="140" count="77" type="stmt"/>
        <line num="141" count="77" type="stmt"/>
        <line num="142" count="77" type="stmt"/>
        <line num="144" count="77" type="stmt"/>
        <line num="145" count="77" type="stmt"/>
        <line num="146" count="77" type="stmt"/>
        <line num="147" count="77" type="stmt"/>
        <line num="148" count="77" type="stmt"/>
        <line num="149" count="77" type="stmt"/>
        <line num="150" count="77" type="stmt"/>
        <line num="151" count="77" type="stmt"/>
        <line num="152" count="77" type="stmt"/>
        <line num="153" count="77" type="stmt"/>
        <line num="154" count="77" type="stmt"/>
        <line num="156" count="77" type="stmt"/>
        <line num="157" count="77" type="stmt"/>
        <line num="158" count="77" type="stmt"/>
        <line num="159" count="77" type="stmt"/>
        <line num="160" count="77" type="stmt"/>
        <line num="161" count="77" type="stmt"/>
        <line num="162" count="77" type="stmt"/>
        <line num="163" count="77" type="stmt"/>
        <line num="164" count="77" type="stmt"/>
        <line num="165" count="77" type="stmt"/>
        <line num="166" count="77" type="stmt"/>
        <line num="168" count="77" type="stmt"/>
        <line num="169" count="77" type="stmt"/>
        <line num="170" count="77" type="cond" truecount="1" falsecount="0"/>
        <line num="171" count="77" type="stmt"/>
        <line num="172" count="77" type="stmt"/>
        <line num="174" count="77" type="stmt"/>
        <line num="175" count="77" type="stmt"/>
        <line num="176" count="77" type="stmt"/>
        <line num="177" count="12" type="stmt"/>
        <line num="178" count="12" type="stmt"/>
        <line num="179" count="12" type="stmt"/>
        <line num="181" count="12" type="stmt"/>
        <line num="182" count="12" type="stmt"/>
        <line num="184" count="12" type="stmt"/>
        <line num="185" count="12" type="stmt"/>
        <line num="187" count="12" type="stmt"/>
        <line num="188" count="12" type="stmt"/>
        <line num="189" count="12" type="stmt"/>
        <line num="191" count="12" type="stmt"/>
        <line num="192" count="12" type="stmt"/>
        <line num="193" count="12" type="stmt"/>
        <line num="194" count="12" type="stmt"/>
        <line num="195" count="12" type="stmt"/>
        <line num="196" count="12" type="stmt"/>
        <line num="197" count="12" type="stmt"/>
        <line num="198" count="12" type="stmt"/>
        <line num="199" count="12" type="stmt"/>
        <line num="201" count="12" type="stmt"/>
      </file>
      <file name="Tiering.tsx" path="/Users/tim/Code/Personal/NFLDrafter/frontend/src/components/Tiering.tsx">
        <metrics statements="190" coveredstatements="189" conditionals="36" coveredconditionals="36" methods="6" coveredmethods="5"/>
        <line num="1" count="1" type="stmt"/>
        <line num="2" count="1" type="stmt"/>
        <line num="20" count="1" type="cond" truecount="1" falsecount="0"/>
        <line num="21" count="56" type="stmt"/>
        <line num="22" count="56" type="stmt"/>
        <line num="23" count="56" type="stmt"/>
        <line num="24" count="56" type="stmt"/>
        <line num="25" count="56" type="stmt"/>
        <line num="26" count="56" type="stmt"/>
        <line num="27" count="56" type="stmt"/>
        <line num="29" count="56" type="cond" truecount="1" falsecount="0"/>
        <line num="30" count="45" type="cond" truecount="2" falsecount="0"/>
        <line num="32" count="42" type="cond" truecount="1" falsecount="0"/>
        <line num="33" count="42" type="stmt"/>
        <line num="34" count="42" type="stmt"/>
        <line num="35" count="42" type="stmt"/>
        <line num="37" count="42" type="cond" truecount="1" falsecount="0"/>
        <line num="38" count="1220" type="cond" truecount="1" falsecount="0"/>
        <line num="39" count="42" type="stmt"/>
        <line num="40" count="1220" type="cond" truecount="1" falsecount="0"/>
        <line num="41" count="1178" type="stmt"/>
        <line num="42" count="1178" type="cond" truecount="1" falsecount="0"/>
        <line num="43" count="155" type="stmt"/>
        <line num="44" count="155" type="stmt"/>
        <line num="45" count="155" type="stmt"/>
        <line num="46" count="1178" type="cond" truecount="1" falsecount="0"/>
        <line num="47" count="155" type="stmt"/>
        <line num="48" count="155" type="stmt"/>
        <line num="49" count="1178" type="stmt"/>
        <line num="50" count="1178" type="stmt"/>
        <line num="51" count="42" type="stmt"/>
        <line num="53" count="42" type="stmt"/>
        <line num="54" count="42" type="cond" truecount="1" falsecount="0"/>
        <line num="55" count="197" type="stmt"/>
        <line num="56" count="197" type="cond" truecount="1" falsecount="0"/>
        <line num="57" count="1220" type="stmt"/>
        <line num="58" count="197" type="stmt"/>
        <line num="59" count="42" type="stmt"/>
        <line num="61" count="42" type="stmt"/>
        <line num="62" count="56" type="stmt"/>
        <line num="64" count="56" type="cond" truecount="1" falsecount="0"/>
        <line num="65" count="45" type="stmt"/>
        <line num="66" count="45" type="cond" truecount="1" falsecount="0"/>
        <line num="67" count="1220" type="cond" truecount="1" falsecount="0"/>
        <line num="68" count="197" type="stmt"/>
        <line num="69" count="197" type="stmt"/>
        <line num="70" count="1220" type="stmt"/>
        <line num="71" count="45" type="stmt"/>
        <line num="72" count="45" type="stmt"/>
        <line num="73" count="56" type="stmt"/>
        <line num="75" count="56" type="cond" truecount="1" falsecount="0"/>
        <line num="76" count="249" type="stmt"/>
        <line num="77" count="249" type="stmt"/>
        <line num="78" count="249" type="stmt"/>
        <line num="79" count="249" type="stmt"/>
        <line num="80" count="249" type="stmt"/>
        <line num="81" count="249" type="stmt"/>
        <line num="82" count="249" type="stmt"/>
        <line num="83" count="249" type="stmt"/>
        <line num="84" count="249" type="stmt"/>
        <line num="85" count="249" type="stmt"/>
        <line num="87" count="56" type="cond" truecount="1" falsecount="0"/>
        <line num="88" count="11" type="cond" truecount="1" falsecount="0"/>
        <line num="89" count="11" type="stmt"/>
        <line num="90" count="11" type="cond" truecount="1" falsecount="0"/>
        <line num="91" count="1" type="stmt"/>
        <line num="92" count="11" type="cond" truecount="1" falsecount="0"/>
        <line num="93" count="10" type="stmt"/>
        <line num="94" count="10" type="stmt"/>
        <line num="95" count="11" type="stmt"/>
        <line num="96" count="11" type="stmt"/>
        <line num="97" count="56" type="stmt"/>
        <line num="99" count="56" type="stmt"/>
        <line num="100" count="0" type="stmt"/>
        <line num="101" count="56" type="stmt"/>
        <line num="103" count="56" type="cond" truecount="1" falsecount="0"/>
        <line num="104" count="2" type="stmt"/>
        <line num="105" count="2" type="stmt"/>
        <line num="106" count="2" type="stmt"/>
        <line num="107" count="56" type="stmt"/>
        <line num="109" count="56" type="cond" truecount="1" falsecount="0"/>
        <line num="110" count="3" type="stmt"/>
        <line num="111" count="3" type="stmt"/>
        <line num="113" count="3" type="stmt"/>
        <line num="115" count="3" type="cond" truecount="1" falsecount="0"/>
        <line num="117" count="53" type="stmt"/>
        <line num="118" count="53" type="stmt"/>
        <line num="119" count="53" type="stmt"/>
        <line num="120" count="53" type="stmt"/>
        <line num="121" count="53" type="stmt"/>
        <line num="122" count="53" type="stmt"/>
        <line num="123" count="53" type="stmt"/>
        <line num="124" count="53" type="stmt"/>
        <line num="125" count="53" type="stmt"/>
        <line num="127" count="53" type="cond" truecount="1" falsecount="0"/>
        <line num="128" count="52" type="stmt"/>
        <line num="129" count="52" type="stmt"/>
        <line num="131" count="52" type="stmt"/>
        <line num="132" count="52" type="stmt"/>
        <line num="133" count="52" type="stmt"/>
        <line num="134" count="52" type="stmt"/>
        <line num="135" count="52" type="stmt"/>
        <line num="136" count="52" type="stmt"/>
        <line num="137" count="52" type="stmt"/>
        <line num="138" count="52" type="stmt"/>
        <line num="139" count="52" type="stmt"/>
        <line num="140" count="52" type="stmt"/>
        <line num="141" count="52" type="stmt"/>
        <line num="142" count="52" type="stmt"/>
        <line num="143" count="52" type="stmt"/>
        <line num="144" count="52" type="stmt"/>
[...]
        <line num="221" count="2" type="stmt"/>
        <line num="223" count="48" type="stmt"/>
        <line num="227" count="52" type="cond" truecount="1" falsecount="0"/>
        <line num="228" count="48" type="stmt"/>
        <line num="229" count="48" type="stmt"/>
        <line num="230" count="48" type="stmt"/>
        <line num="231" count="48" type="stmt"/>
        <line num="232" count="48" type="stmt"/>
        <line num="233" count="48" type="stmt"/>
        <line num="234" count="48" type="stmt"/>
        <line num="235" count="48" type="stmt"/>
        <line num="236" count="48" type="stmt"/>
        <line num="237" count="48" type="cond" truecount="1" falsecount="0"/>
        <line num="238" count="48" type="stmt"/>
        <line num="239" count="48" type="stmt"/>
        <line num="240" count="48" type="stmt"/>
        <line num="241" count="48" type="stmt"/>
        <line num="242" count="48" type="stmt"/>
        <line num="243" count="48" type="cond" truecount="2" falsecount="0"/>
        <line num="244" count="48" type="stmt"/>
        <line num="245" count="48" type="stmt"/>
        <line num="246" count="48" type="stmt"/>
        <line num="247" count="48" type="stmt"/>
        <line num="248" count="48" type="stmt"/>
        <line num="249" count="48" type="cond" truecount="1" falsecount="0"/>
        <line num="250" count="47" type="cond" truecount="2" falsecount="0"/>
        <line num="251" count="1" type="stmt"/>
        <line num="253" count="48" type="stmt"/>
        <line num="254" count="48" type="stmt"/>
        <line num="255" count="48" type="stmt"/>
        <line num="256" count="48" type="stmt"/>
        <line num="258" count="52" type="stmt"/>
        <line num="260" count="52" type="stmt"/>
      </file>
      <file name="Watchlist.tsx" path="/Users/tim/Code/Personal/NFLDrafter/frontend/src/components/Watchlist.tsx">
        <metrics statements="160" coveredstatements="157" conditionals="41" coveredconditionals="37" methods="7" coveredmethods="7"/>
        <line num="1" count="1" type="stmt"/>
        <line num="2" count="1" type="stmt"/>
        <line num="12" count="1" type="cond" truecount="1" falsecount="0"/>
        <line num="13" count="48" type="stmt"/>
        <line num="14" count="48" type="stmt"/>
        <line num="15" count="48" type="stmt"/>
        <line num="16" count="48" type="stmt"/>
        <line num="17" count="48" type="stmt"/>
        <line num="18" count="48" type="stmt"/>
        <line num="19" count="48" type="stmt"/>
        <line num="22" count="48" type="cond" truecount="1" falsecount="0"/>
        <line num="23" count="48" type="cond" truecount="1" falsecount="0"/>
        <line num="24" count="8763" type="stmt"/>
        <line num="25" count="8763" type="stmt"/>
        <line num="28" count="8763" type="cond" truecount="1" falsecount="1"/>
        <line num="29" count="8763" type="cond" truecount="1" falsecount="1"/>
        <line num="32" count="8763" type="cond" truecount="1" falsecount="0"/>
        <line num="33" count="10" type="stmt"/>
        <line num="34" count="10" type="stmt"/>
        <line num="35" count="10" type="stmt"/>
        <line num="37" count="8763" type="cond" truecount="4" falsecount="0"/>
        <line num="38" count="8763" type="cond" truecount="4" falsecount="0"/>
        <line num="39" count="2" type="stmt"/>
        <line num="40" count="48" type="stmt"/>
        <line num="41" count="48" type="stmt"/>
        <line num="44" count="48" type="cond" truecount="1" falsecount="0"/>
        <line num="45" count="5" type="cond" truecount="1" falsecount="0"/>
        <line num="46" count="1" type="cond" truecount="0" falsecount="1"/>
        <line num="47" count="5" type="cond" truecount="1" falsecount="0"/>
        <line num="48" count="4" type="stmt"/>
        <line num="49" count="4" type="stmt"/>
        <line num="50" count="4" type="stmt"/>
        <line num="51" count="48" type="stmt"/>
        <line num="54" count="48" type="cond" truecount="1" falsecount="0"/>
        <line num="55" count="1119" type="cond" truecount="2" falsecount="0"/>
        <line num="56" count="1115" type="stmt"/>
        <line num="57" count="1119" type="stmt"/>
        <line num="60" count="48" type="cond" truecount="1" falsecount="0"/>
        <line num="61" count="1119" type="cond" truecount="2" falsecount="0"/>
        <line num="62" count="1115" type="cond" truecount="0" falsecount="1"/>
        <line num="63" count="0" type="stmt"/>
        <line num="64" count="0" type="stmt"/>
        <line num="65" count="0" type="stmt"/>
        <line num="66" count="1119" type="stmt"/>
        <line num="69" count="48" type="cond" truecount="1" falsecount="0"/>
        <line num="70" count="176" type="stmt"/>
        <line num="71" count="176" type="cond" truecount="1" falsecount="0"/>
        <line num="72" count="176" type="stmt"/>
        <line num="74" count="176" type="stmt"/>
        <line num="75" count="176" type="cond" truecount="1" falsecount="0"/>
        <line num="76" count="44" type="stmt"/>
        <line num="77" count="44" type="cond" truecount="2" falsecount="0"/>
        <line num="78" count="44" type="stmt"/>
        <line num="80" count="176" type="stmt"/>
        <line num="83" count="48" type="cond" truecount="1" falsecount="0"/>
        <line num="84" count="4" type="stmt"/>
        <line num="85" count="4" type="stmt"/>
        <line num="86" count="4" type="stmt"/>
        <line num="87" count="4" type="stmt"/>
        <line num="88" count="4" type="stmt"/>
        <line num="89" count="4" type="stmt"/>
        <line num="90" count="4" type="stmt"/>
        <line num="91" count="4" type="stmt"/>
        <line num="92" count="4" type="stmt"/>
        <line num="93" count="4" type="stmt"/>
        <line num="94" count="4" type="stmt"/>
        <line num="95" count="4" type="stmt"/>
        <line num="96" count="4" type="stmt"/>
        <line num="98" count="4" type="stmt"/>
        <line num="99" count="4" type="stmt"/>
        <line num="100" count="4" type="stmt"/>
        <line num="101" count="4" type="stmt"/>
        <line num="102" count="4" type="stmt"/>
        <line num="103" count="4" type="stmt"/>
        <line num="104" count="4" type="stmt"/>
        <line num="105" count="4" type="stmt"/>
        <line num="106" count="4" type="stmt"/>
        <line num="108" count="4" type="cond" truecount="1" falsecount="0"/>
        <line num="110" count="44" type="stmt"/>
        <line num="111" count="44" type="stmt"/>
        <line num="113" count="44" type="stmt"/>
        <line num="114" count="44" type="stmt"/>
        <line num="115" count="44" type="stmt"/>
        <line num="116" count="44" type="stmt"/>
        <line num="117" count="48" type="cond" truecount="2" falsecount="0"/>
        <line num="118" count="48" type="cond" truecount="1" falsecount="0"/>
        <line num="119" count="48" type="stmt"/>
        <line num="120" count="48" type="stmt"/>
        <line num="121" count="48" type="stmt"/>
        <line num="122" count="48" type="stmt"/>
        <line num="123" count="48" type="stmt"/>
        <line num="124" count="48" type="stmt"/>
        <line num="127" count="48" type="stmt"/>
        <line num="128" count="48" type="stmt"/>
        <line num="129" count="48" type="stmt"/>
        <line num="130" count="48" type="stmt"/>
        <line num="131" count="48" type="stmt"/>
        <line num="132" count="48" type="stmt"/>
        <line num="133" count="48" type="stmt"/>
        <line num="134" count="48" type="stmt"/>
        <line num="135" count="48" type="stmt"/>
        <line num="136" count="48" type="stmt"/>
        <line num="137" count="48" type="stmt"/>
        <line num="139" count="48" type="stmt"/>
        <line num="140" count="48" type="stmt"/>
        <line num="141" count="48" type="stmt"/>
        <line num="142" count="48" type="stmt"/>
        <line num="143" count="48" type="stmt"/>
        <line num="144" count="48" type="stmt"/>
        <line num="145" count="48" type="stmt"/>
        <line num="146" count="48" type="stmt"/>
        <line num="148" count="48" type="stmt"/>
        <line num="149" count="48" type="stmt"/>
        <line num="150" count="48" type="stmt"/>
        <line num="151" count="48" type="stmt"/>
        <line num="152" count="48" type="cond" truecount="1" falsecount="0"/>
        <line num="153" count="1119" type="stmt"/>
        <line num="154" count="1119" type="stmt"/>
        <line num="155" count="1119" type="stmt"/>
        <line num="156" count="1119" type="cond" truecount="1" falsecount="0"/>
        <line num="159" count="1119" type="stmt"/>
        <line num="160" count="1119" type="stmt"/>
        <line num="161" count="1119" type="stmt"/>
        <line num="162" count="1119" type="stmt"/>
        <line num="163" count="1119" type="stmt"/>
        <line num="164" count="1119" type="stmt"/>
        <line num="165" count="1119" type="stmt"/>
        <line num="166" count="1119" type="stmt"/>
        <line num="169" count="1119" type="stmt"/>
        <line num="170" count="1119" type="stmt"/>
        <line num="171" count="1119" type="stmt"/>
        <line num="172" count="1119" type="stmt"/>
        <line num="173" count="1119" type="stmt"/>
        <line num="176" count="1119" type="stmt"/>
        <line num="177" count="1119" type="stmt"/>
        <line num="178" count="1119" type="stmt"/>
        <line num="181" count="1119" type="stmt"/>
        <line num="182" count="1119" type="stmt"/>
        <line num="183" count="1119" type="stmt"/>
        <line num="186" count="1119" type="stmt"/>
        <line num="187" count="1119" type="cond" truecount="1" falsecount="0"/>
        <line num="188" count="1119" type="stmt"/>
        <line num="191" count="1119" type="stmt"/>
        <line num="192" count="1119" type="stmt"/>
        <line num="193" count="1119" type="cond" truecount="1" falsecount="0"/>
        <line num="194" count="2" type="stmt"/>
        <line num="195" count="2" type="stmt"/>
        <line num="196" count="2" type="stmt"/>
        <line num="197" count="1119" type="stmt"/>
        <line num="198" count="1119" type="stmt"/>
        <line num="200" count="1119" type="stmt"/>
        <line num="201" count="1119" type="stmt"/>
        <line num="202" count="1119" type="stmt"/>
        <line num="203" count="1119" type="stmt"/>
        <line num="204" count="48" type="stmt"/>
        <line num="205" count="48" type="stmt"/>
        <line num="206" count="48" type="stmt"/>
        <line num="207" count="48" type="stmt"/>
        <line num="208" count="48" type="stmt"/>
        <line num="210" count="48" type="stmt"/>
      </file>
    </package>
    <package name="frontend.src.hooks">
      <metrics statements="39" coveredstatements="39" conditionals="9" coveredconditionals="9" methods="6" coveredmethods="6"/>
      <file name="usePoints.ts" path="/Users/tim/Code/Personal/NFLDrafter/frontend/src/hooks/usePoints.ts">
        <metrics statements="39" coveredstatements="39" conditionals="9" coveredconditionals="9" methods="6" coveredmethods="6"/>
        <line num="1" count="1" type="stmt"/>
        <line num="2" count="1" type="stmt"/>
        <line num="4" count="1" type="cond" truecount="1" falsecount="0"/>
        <line num="5" count="4" type="stmt"/>
        <line num="6" count="4" type="stmt"/>
        <line num="7" count="4" type="stmt"/>
        <line num="8" count="4" type="stmt"/>
        <line num="9" count="4" type="stmt"/>
        <line num="10" count="4" type="stmt"/>
        <line num="11" count="4" type="stmt"/>
        <line num="12" count="4" type="stmt"/>
        <line num="13" count="4" type="cond" truecount="1" falsecount="0"/>
        <line num="14" count="4" type="cond" truecount="2" falsecount="0"/>
        <line num="15" count="4" type="stmt"/>
        <line num="16" count="4" type="stmt"/>
        <line num="17" count="4" type="stmt"/>
        <line num="18" count="4" type="stmt"/>
        <line num="20" count="1" type="cond" truecount="1" falsecount="0"/>
        <line num="21" count="4" type="stmt"/>
        <line num="22" count="4" type="stmt"/>
        <line num="23" count="4" type="stmt"/>
        <line num="24" count="4" type="stmt"/>
        <line num="25" count="4" type="stmt"/>
        <line num="26" count="4" type="stmt"/>
        <line num="27" count="4" type="stmt"/>
        <line num="28" count="4" type="cond" truecount="1" falsecount="0"/>
        <line num="29" count="4" type="cond" truecount="1" falsecount="0"/>
        <line num="30" count="4" type="stmt"/>
        <line num="31" count="4" type="stmt"/>
        <line num="32" count="4" type="stmt"/>
        <line num="33" count="4" type="stmt"/>
        <line num="35" count="1" type="cond" truecount="1" falsecount="0"/>
        <line num="36" count="4" type="stmt"/>
        <line num="37" count="4" type="stmt"/>
        <line num="38" count="4" type="cond" truecount="1" falsecount="0"/>
        <line num="39" count="4" type="stmt"/>
        <line num="40" count="4" type="stmt"/>
        <line num="41" count="4" type="stmt"/>
        <line num="42" count="4" type="stmt"/>
      </file>
    </package>
    <package name="frontend.src.test">
      <metrics statements="127" coveredstatements="127" conditionals="3" coveredconditionals="3" methods="3" coveredmethods="3"/>
      <file name="mocks.ts" path="/Users/tim/Code/Personal/NFLDrafter/frontend/src/test/mocks.ts">
        <metrics statements="95" coveredstatements="95" conditionals="0" coveredconditionals="0" methods="0" coveredmethods="0"/>
        <line num="1" count="1" type="stmt"/>
        <line num="4" count="1" type="stmt"/>
        <line num="5" count="1" type="stmt"/>
        <line num="6" count="1" type="stmt"/>
        <line num="7" count="1" type="stmt"/>
        <line num="8" count="1" type="stmt"/>
        <line num="9" count="1" type="stmt"/>
        <line num="10" count="1" type="stmt"/>
        <line num="11" count="1" type="stmt"/>
        <line num="12" count="1" type="stmt"/>
        <line num="13" count="1" type="stmt"/>
        <line num="14" count="1" type="stmt"/>
        <line num="15" count="1" type="stmt"/>
        <line num="16" count="1" type="stmt"/>
        <line num="17" count="1" type="stmt"/>
        <line num="18" count="1" type="stmt"/>
        <line num="19" count="1" type="stmt"/>
        <line num="20" count="1" type="stmt"/>
        <line num="21" count="1" type="stmt"/>
        <line num="24" count="1" type="stmt"/>
        <line num="25" count="1" type="stmt"/>
        <line num="26" count="1" type="stmt"/>
        <line num="27" count="1" type="stmt"/>
        <line num="28" count="1" type="stmt"/>
        <line num="29" count="1" type="stmt"/>
        <line num="30" count="1" type="stmt"/>
        <line num="31" count="1" type="stmt"/>
        <line num="32" count="1" type="stmt"/>
        <line num="33" count="1" type="stmt"/>
        <line num="34" count="1" type="stmt"/>
        <line num="35" count="1" type="stmt"/>
        <line num="36" count="1" type="stmt"/>
        <line num="37" count="1" type="stmt"/>
        <line num="38" count="1" type="stmt"/>
        <line num="39" count="1" type="stmt"/>
        <line num="40" count="1" type="stmt"/>
        <line num="41" count="1" type="stmt"/>
        <line num="42" count="1" type="stmt"/>
        <line num="43" count="1" type="stmt"/>
        <line num="44" count="1" type="stmt"/>
        <line num="45" count="1" type="stmt"/>
        <line num="46" count="1" type="stmt"/>
        <line num="47" count="1" type="stmt"/>
        <line num="48" count="1" type="stmt"/>
        <line num="49" count="1" type="stmt"/>
        <line num="52" count="1" type="stmt"/>
        <line num="53" count="1" type="stmt"/>
        <line num="54" count="1" type="stmt"/>
        <line num="55" count="1" type="stmt"/>
        <line num="56" count="1" type="stmt"/>
        <line num="57" count="1" type="stmt"/>
        <line num="58" count="1" type="stmt"/>
        <line num="59" count="1" type="stmt"/>
        <line num="60" count="1" type="stmt"/>
        <line num="61" count="1" type="stmt"/>
        <line num="62" count="1" type="stmt"/>
        <line num="63" count="1" type="stmt"/>
        <line num="64" count="1" type="stmt"/>
        <line num="65" count="1" type="stmt"/>
        <line num="66" count="1" type="stmt"/>
        <line num="67" count="1" type="stmt"/>
        <line num="68" count="1" type="stmt"/>
        <line num="69" count="1" type="stmt"/>
        <line num="70" count="1" type="stmt"/>
        <line num="71" count="1" type="stmt"/>
        <line num="74" count="1" type="stmt"/>
        <line num="75" count="1" type="stmt"/>
        <line num="76" count="1" type="stmt"/>
        <line num="77" count="1" type="stmt"/>
        <line num="78" count="1" type="stmt"/>
        <line num="79" count="1" type="stmt"/>
        <line num="80" count="1" type="stmt"/>
        <line num="81" count="1" type="stmt"/>
        <line num="82" count="1" type="stmt"/>
        <line num="83" count="1" type="stmt"/>
        <line num="84" count="1" type="stmt"/>
        <line num="87" count="1" type="stmt"/>
        <line num="88" count="1" type="stmt"/>
        <line num="89" count="1" type="stmt"/>
        <line num="90" count="1" type="stmt"/>
        <line num="91" count="1" type="stmt"/>
        <line num="92" count="1" type="stmt"/>
        <line num="93" count="1" type="stmt"/>
        <line num="94" count="1" type="stmt"/>
        <line num="95" count="1" type="stmt"/>
        <line num="96" count="1" type="stmt"/>
        <line num="97" count="1" type="stmt"/>
        <line num="98" count="1" type="stmt"/>
        <line num="99" count="1" type="stmt"/>
        <line num="102" count="1" type="stmt"/>
        <line num="103" count="1" type="stmt"/>
        <line num="104" count="1" type="stmt"/>
        <line num="105" count="1" type="stmt"/>
        <line num="106" count="1" type="stmt"/>
        <line num="107" count="1" type="stmt"/>
      </file>
      <file name="test-utils.tsx" path="/Users/tim/Code/Personal/NFLDrafter/frontend/src/test/test-utils.tsx">
        <metrics statements="32" coveredstatements="32" conditionals="3" coveredconditionals="3" methods="3" coveredmethods="3"/>
        <line num="1" count="1" type="stmt"/>
        <line num="2" count="1" type="stmt"/>
        <line num="3" count="1" type="stmt"/>
        <line num="4" count="1" type="stmt"/>
        <line num="7" count="26" type="cond" truecount="1" falsecount="0"/>
        <line num="8" count="26" type="stmt"/>
        <line num="9" count="26" type="stmt"/>
        <line num="10" count="26" type="stmt"/>
        <line num="11" count="26" type="stmt"/>
        <line num="12" count="26" type="stmt"/>
        <line num="13" count="26" type="stmt"/>
        <line num="14" count="26" type="stmt"/>
        <line num="15" count="26" type="stmt"/>
        <line num="16" count="26" type="stmt"/>
        <line num="22" count="26" type="cond" truecount="1" falsecount="0"/>
        <line num="23" count="26" type="stmt"/>
        <line num="24" count="26" type="stmt"/>
        <line num="25" count="26" type="stmt"/>
        <line num="26" count="26" type="cond" truecount="1" falsecount="0"/>
        <line num="27" count="26" type="stmt"/>
        <line num="28" count="26" type="stmt"/>
        <line num="29" count="26" type="stmt"/>
        <line num="30" count="26" type="stmt"/>
        <line num="31" count="26" type="stmt"/>
        <line num="32" count="26" type="stmt"/>
        <line num="34" count="26" type="stmt"/>
        <line num="36" count="26" type="stmt"/>
        <line num="37" count="26" type="stmt"/>
        <line num="38" count="26" type="stmt"/>
        <line num="39" count="26" type="stmt"/>
        <line num="40" count="26" type="stmt"/>
        <line num="43" count="1" type="stmt"/>
      </file>
    </package>
  </project>
</coverage>
