<?xml version="1.0" encoding="UTF-8"?>
<coverage generated="1756061252378" clover="3.2.0">
  <project timestamp="1756061252378" name="All files">
    <metrics statements="2019" coveredstatements="1841" conditionals="395" coveredconditionals="347" methods="78" coveredmethods="62" elements="2492" coveredelements="2250" complexity="0" loc="2019" ncloc="2019" packages="5" files="17" classes="17"/>
    <package name="frontend">
      <metrics statements="23" coveredstatements="0" conditionals="2" coveredconditionals="0" methods="2" coveredmethods="0"/>
      <file name="postcss.config.js" path="/Users/tim/Code/Personal/NFLDrafter/frontend/postcss.config.js">
        <metrics statements="6" coveredstatements="0" conditionals="1" coveredconditionals="0" methods="1" coveredmethods="0"/>
        <line num="1" count="0" type="cond" truecount="0" falsecount="1"/>
        <line num="2" count="0" type="stmt"/>
        <line num="3" count="0" type="stmt"/>
        <line num="4" count="0" type="stmt"/>
        <line num="5" count="0" type="stmt"/>
        <line num="6" count="0" type="stmt"/>
      </file>
      <file name="tailwind.config.js" path="/Users/tim/Code/Personal/NFLDrafter/frontend/tailwind.config.js">
        <metrics statements="17" coveredstatements="0" conditionals="1" coveredconditionals="0" methods="1" coveredmethods="0"/>
        <line num="1" count="0" type="cond" truecount="0" falsecount="1"/>
        <line num="2" count="0" type="stmt"/>
        <line num="3" count="0" type="stmt"/>
        <line num="4" count="0" type="stmt"/>
        <line num="5" count="0" type="stmt"/>
        <line num="6" count="0" type="stmt"/>
        <line num="7" count="0" type="stmt"/>
        <line num="8" count="0" type="stmt"/>
        <line num="9" count="0" type="stmt"/>
        <line num="10" count="0" type="stmt"/>
        <line num="11" count="0" type="stmt"/>
        <line num="12" count="0" type="stmt"/>
        <line num="13" count="0" type="stmt"/>
        <line num="14" count="0" type="stmt"/>
        <line num="15" count="0" type="stmt"/>
        <line num="16" count="0" type="stmt"/>
        <line num="17" count="0" type="stmt"/>
      </file>
    </package>
    <package name="frontend.src">
      <metrics statements="88" coveredstatements="0" conditionals="3" coveredconditionals="0" methods="3" coveredmethods="0"/>
      <file name="App.tsx" path="/Users/tim/Code/Personal/NFLDrafter/frontend/src/App.tsx">
        <metrics statements="33" coveredstatements="0" conditionals="1" coveredconditionals="0" methods="1" coveredmethods="0"/>
        <line num="1" count="0" type="cond" truecount="0" falsecount="1"/>
        <line num="2" count="0" type="stmt"/>
        <line num="3" count="0" type="stmt"/>
        <line num="4" count="0" type="stmt"/>
        <line num="5" count="0" type="stmt"/>
        <line num="6" count="0" type="stmt"/>
        <line num="7" count="0" type="stmt"/>
        <line num="10" count="0" type="stmt"/>
        <line num="11" count="0" type="stmt"/>
        <line num="12" count="0" type="stmt"/>
        <line num="13" count="0" type="stmt"/>
        <line num="14" count="0" type="stmt"/>
        <line num="15" count="0" type="stmt"/>
        <line num="16" count="0" type="stmt"/>
        <line num="17" count="0" type="stmt"/>
        <line num="19" count="0" type="stmt"/>
        <line num="20" count="0" type="stmt"/>
        <line num="21" count="0" type="stmt"/>
        <line num="22" count="0" type="stmt"/>
        <line num="23" count="0" type="stmt"/>
        <line num="24" count="0" type="stmt"/>
        <line num="25" count="0" type="stmt"/>
        <line num="26" count="0" type="stmt"/>
        <line num="27" count="0" type="stmt"/>
        <line num="28" count="0" type="stmt"/>
        <line num="29" count="0" type="stmt"/>
        <line num="30" count="0" type="stmt"/>
        <line num="31" count="0" type="stmt"/>
        <line num="32" count="0" type="stmt"/>
        <line num="33" count="0" type="stmt"/>
        <line num="34" count="0" type="stmt"/>
        <line num="36" count="0" type="stmt"/>
        <line num="38" count="0" type="stmt"/>
      </file>
      <file name="api.ts" path="/Users/tim/Code/Personal/NFLDrafter/frontend/src/api.ts">
        <metrics statements="46" coveredstatements="0" conditionals="1" coveredconditionals="0" methods="1" coveredmethods="0"/>
        <line num="1" count="0" type="cond" truecount="0" falsecount="1"/>
        <line num="4" count="0" type="stmt"/>
        <line num="5" count="0" type="stmt"/>
        <line num="6" count="0" type="stmt"/>
        <line num="7" count="0" type="stmt"/>
        <line num="8" count="0" type="stmt"/>
        <line num="9" count="0" type="stmt"/>
        <line num="12" count="0" type="stmt"/>
        <line num="14" count="0" type="stmt"/>
        <line num="15" count="0" type="stmt"/>
        <line num="16" count="0" type="stmt"/>
        <line num="19" count="0" type="stmt"/>
        <line num="20" count="0" type="stmt"/>
        <line num="44" count="0" type="stmt"/>
        <line num="46" count="0" type="stmt"/>
        <line num="47" count="0" type="stmt"/>
        <line num="48" count="0" type="stmt"/>
        <line num="49" count="0" type="stmt"/>
        <line num="50" count="0" type="stmt"/>
        <line num="51" count="0" type="stmt"/>
        <line num="52" count="0" type="stmt"/>
        <line num="53" count="0" type="stmt"/>
        <line num="54" count="0" type="stmt"/>
        <line num="55" count="0" type="stmt"/>
        <line num="56" count="0" type="stmt"/>
        <line num="59" count="0" type="stmt"/>
        <line num="60" count="0" type="stmt"/>
        <line num="61" count="0" type="stmt"/>
        <line num="62" count="0" type="stmt"/>
        <line num="63" count="0" type="stmt"/>
        <line num="64" count="0" type="stmt"/>
        <line num="65" count="0" type="stmt"/>
        <line num="66" count="0" type="stmt"/>
        <line num="67" count="0" type="stmt"/>
        <line num="68" count="0" type="stmt"/>
        <line num="71" count="0" type="stmt"/>
        <line num="72" count="0" type="stmt"/>
        <line num="73" count="0" type="stmt"/>
        <line num="74" count="0" type="stmt"/>
        <line num="75" count="0" type="stmt"/>
        <line num="78" count="0" type="stmt"/>
        <line num="79" count="0" type="stmt"/>
        <line num="80" count="0" type="stmt"/>
        <line num="81" count="0" type="stmt"/>
        <line num="82" count="0" type="stmt"/>
        <line num="83" count="0" type="stmt"/>
      </file>
      <file name="main.tsx" path="/Users/tim/Code/Personal/NFLDrafter/frontend/src/main.tsx">
        <metrics statements="9" coveredstatements="0" conditionals="1" coveredconditionals="0" methods="1" coveredmethods="0"/>
        <line num="1" count="0" type="cond" truecount="0" falsecount="1"/>
        <line num="2" count="0" type="stmt"/>
        <line num="3" count="0" type="stmt"/>
        <line num="4" count="0" type="stmt"/>
        <line num="6" count="0" type="stmt"/>
        <line num="7" count="0" type="stmt"/>
        <line num="8" count="0" type="stmt"/>
        <line num="9" count="0" type="stmt"/>
        <line num="10" count="0" type="stmt"/>
      </file>
    </package>
    <package name="frontend.src.components">
      <metrics statements="1742" coveredstatements="1675" conditionals="378" coveredconditionals="335" methods="64" coveredmethods="53"/>
      <file name="DraftRoom.tsx" path="/Users/tim/Code/Personal/NFLDrafter/frontend/src/components/DraftRoom.tsx">
        <metrics statements="245" coveredstatements="213" conditionals="58" coveredconditionals="53" methods="5" coveredmethods="5"/>
        <line num="1" count="1" type="stmt"/>
        <line num="2" count="1" type="stmt"/>
        <line num="40" count="1" type="stmt"/>
        <line num="41" count="1" type="stmt"/>
        <line num="42" count="1" type="stmt"/>
        <line num="43" count="1" type="stmt"/>
        <line num="44" count="1" type="stmt"/>
        <line num="45" count="1" type="stmt"/>
        <line num="46" count="1" type="stmt"/>
        <line num="47" count="1" type="stmt"/>
        <line num="48" count="1" type="stmt"/>
        <line num="49" count="1" type="stmt"/>
        <line num="51" count="1" type="cond" truecount="1" falsecount="0"/>
        <line num="52" count="62" type="stmt"/>
        <line num="53" count="62" type="stmt"/>
        <line num="54" count="62" type="stmt"/>
        <line num="55" count="62" type="stmt"/>
        <line num="56" count="62" type="stmt"/>
        <line num="57" count="62" type="stmt"/>
        <line num="58" count="62" type="stmt"/>
        <line num="59" count="62" type="stmt"/>
        <line num="60" count="62" type="stmt"/>
        <line num="61" count="62" type="stmt"/>
        <line num="64" count="62" type="cond" truecount="1" falsecount="0"/>
        <line num="65" count="27" type="stmt"/>
        <line num="66" count="27" type="cond" truecount="1" falsecount="0"/>
        <line num="67" count="425" type="cond" truecount="1" falsecount="0"/>
        <line num="68" count="5006" type="stmt"/>
        <line num="69" count="5006" type="cond" truecount="2" falsecount="0"/>
        <line num="70" count="5006" type="stmt"/>
        <line num="72" count="5006" type="stmt"/>
        <line num="73" count="5006" type="stmt"/>
        <line num="74" count="5006" type="stmt"/>
        <line num="75" count="5006" type="stmt"/>
        <line num="76" count="5006" type="stmt"/>
        <line num="77" count="5006" type="stmt"/>
        <line num="78" count="425" type="stmt"/>
        <line num="79" count="27" type="stmt"/>
        <line num="80" count="62" type="stmt"/>
        <line num="83" count="62" type="cond" truecount="1" falsecount="0"/>
        <line num="84" count="27" type="cond" truecount="1" falsecount="0"/>
        <line num="86" count="7" type="cond" truecount="2" falsecount="0"/>
        <line num="87" count="1" type="stmt"/>
        <line num="88" count="1" type="cond" truecount="1" falsecount="0"/>
        <line num="90" count="6" type="stmt"/>
        <line num="91" count="7" type="cond" truecount="1" falsecount="0"/>
        <line num="92" count="2" type="stmt"/>
        <line num="94" count="2" type="stmt"/>
        <line num="95" count="2" type="stmt"/>
        <line num="96" count="7" type="cond" truecount="1" falsecount="0"/>
        <line num="97" count="1" type="stmt"/>
        <line num="99" count="1" type="stmt"/>
        <line num="100" count="1" type="stmt"/>
        <line num="101" count="7" type="cond" truecount="1" falsecount="0"/>
        <line num="102" count="1" type="stmt"/>
        <line num="104" count="1" type="stmt"/>
        <line num="105" count="1" type="stmt"/>
        <line num="106" count="7" type="cond" truecount="0" falsecount="1"/>
        <line num="107" count="7" type="cond" truecount="1" falsecount="0"/>
        <line num="108" count="7" type="cond" truecount="1" falsecount="0"/>
        <line num="109" count="7" type="cond" truecount="1" falsecount="0"/>
        <line num="110" count="7" type="cond" truecount="1" falsecount="0"/>
        <line num="111" count="7" type="cond" truecount="1" falsecount="0"/>
        <line num="112" count="2" type="stmt"/>
        <line num="113" count="2" type="stmt"/>
        <line num="114" count="2" type="stmt"/>
        <line num="115" count="2" type="stmt"/>
        <line num="116" count="2" type="stmt"/>
        <line num="117" count="2" type="stmt"/>
        <line num="118" count="2" type="stmt"/>
        <line num="119" count="7" type="cond" truecount="1" falsecount="0"/>
        <line num="120" count="7" type="stmt"/>
        <line num="122" count="27" type="stmt"/>
        <line num="123" count="27" type="cond" truecount="1" falsecount="0"/>
        <line num="124" count="62" type="stmt"/>
        <line num="126" count="62" type="stmt"/>
        <line num="127" count="0" type="stmt"/>
        <line num="128" count="0" type="stmt"/>
        <line num="129" count="0" type="stmt"/>
        <line num="130" count="0" type="stmt"/>
        <line num="131" count="0" type="stmt"/>
        <line num="132" count="0" type="stmt"/>
        <line num="133" count="62" type="stmt"/>
        <line num="135" count="62" type="stmt"/>
        <line num="136" count="0" type="stmt"/>
        <line num="137" count="62" type="stmt"/>
        <line num="139" count="62" type="stmt"/>
        <line num="140" count="0" type="stmt"/>
        <line num="141" count="62" type="stmt"/>
        <line num="143" count="62" type="stmt"/>
        <line num="144" count="62" type="stmt"/>
        <line num="146" count="62" type="cond" truecount="2" falsecount="0"/>
        <line num="147" count="62" type="stmt"/>
        <line num="148" count="62" type="cond" truecount="1" falsecount="0"/>
        <line num="149" count="61" type="stmt"/>
        <line num="151" count="62" type="stmt"/>
        <line num="152" count="62" type="cond" truecount="1" falsecount="0"/>
        <line num="153" count="62" type="stmt"/>
        <line num="154" count="62" type="cond" truecount="2" falsecount="0"/>
        <line num="156" count="62" type="cond" truecount="1" falsecount="0"/>
        <line num="157" count="1" type="cond" truecount="1" falsecount="0"/>
        <line num="159" count="61" type="stmt"/>
        <line num="161" count="62" type="stmt"/>
        <line num="162" count="62" type="stmt"/>
        <line num="164" count="62" type="cond" truecount="1" falsecount="0"/>
        <line num="165" count="61" type="stmt"/>
        <line num="166" count="61" type="stmt"/>
        <line num="167" count="61" type="cond" truecount="1" falsecount="0"/>
        <line num="168" count="962" type="stmt"/>
        <line num="169" count="962" type="stmt"/>
        <line num="170" count="962" type="stmt"/>
        <line num="171" count="962" type="stmt"/>
        <line num="172" count="962" type="cond" truecount="1" falsecount="0"/>
        <line num="173" count="11356" type="stmt"/>
        <line num="174" count="11356" type="cond" truecount="2" falsecount="0"/>
        <line num="175" count="11356" type="stmt"/>
        <line num="176" count="11356" type="cond" truecount="1" falsecount="0"/>
        <line num="177" count="11356" type="stmt"/>
        <line num="179" count="11356" type="stmt"/>
        <line num="180" count="11356" type="stmt"/>
        <line num="181" count="11356" type="stmt"/>
        <line num="182" count="11356" type="stmt"/>
        <line num="184" count="11356" type="cond" truecount="2" falsecount="0"/>
        <line num="185" count="11356" type="cond" truecount="1" falsecount="1"/>
        <line num="187" count="11356" type="stmt"/>
        <line num="189" count="11356" type="cond" truecount="1" falsecount="1"/>
        <line num="190" count="0" type="stmt"/>
        <line num="191" count="0" type="stmt"/>
        <line num="192" count="0" type="stmt"/>
        <line num="194" count="11356" type="stmt"/>
        <line num="196" count="11356" type="stmt"/>
        <line num="198" count="962" type="stmt"/>
        <line num="199" count="962" type="stmt"/>
        <line num="200" count="61" type="stmt"/>
        <line num="201" count="61" type="stmt"/>
        <line num="202" count="61" type="stmt"/>
        <line num="204" count="62" type="stmt"/>
        <line num="207" count="62" type="stmt"/>
        <line num="208" count="62" type="stmt"/>
        <line num="209" count="62" type="stmt"/>
        <line num="210" count="62" type="stmt"/>
        <line num="211" count="62" type="stmt"/>
        <line num="213" count="62" type="stmt"/>
        <line num="214" count="62" type="cond" truecount="1" falsecount="0"/>
        <line num="215" count="434" type="stmt"/>
        <line num="216" count="434" type="stmt"/>
        <line num="217" count="434" type="cond" truecount="1" falsecount="0"/>
        <line num="218" count="434" type="stmt"/>
        <line num="220" count="434" type="cond" truecount="1" falsecount="0"/>
        <line num="221" count="62" type="cond" truecount="1" falsecount="0"/>
        <line num="222" count="372" type="stmt"/>
        <line num="223" count="434" type="stmt"/>
        <line num="225" count="434" type="stmt"/>
        <line num="227" count="434" type="stmt"/>
        <line num="228" count="434" type="stmt"/>
        <line num="229" count="62" type="stmt"/>
        <line num="230" count="62" type="stmt"/>
        <line num="233" count="62" type="stmt"/>
        <line num="234" count="62" type="stmt"/>
        <line num="235" count="62" type="stmt"/>
        <line num="236" count="62" type="stmt"/>
        <line num="237" count="62" type="stmt"/>
        <line num="238" count="62" type="stmt"/>
        <line num="239" count="62" type="stmt"/>
        <line num="240" count="62" type="stmt"/>
        <line num="241" count="62" type="stmt"/>
        <line num="242" count="62" type="stmt"/>
        <line num="244" count="62" type="stmt"/>
        <line num="245" count="62" type="stmt"/>
        <line num="246" count="62" type="stmt"/>
        <line num="248" count="62" type="stmt"/>
        <line num="249" count="62" type="stmt"/>
        <line num="250" count="62" type="stmt"/>
        <line num="251" count="62" type="stmt"/>
        <line num="252" count="62" type="stmt"/>
        <line num="253" count="62" type="stmt"/>
        <line num="254" count="62" type="stmt"/>
        <line num="255" count="62" type="stmt"/>
        <line num="258" count="62" type="cond" truecount="2" falsecount="0"/>
        <line num="259" count="62" type="stmt"/>
        <line num="260" count="62" type="stmt"/>
        <line num="261" count="62" type="cond" truecount="1" falsecount="0"/>
        <line num="262" count="62" type="stmt"/>
        <line num="263" count="62" type="cond" truecount="2" falsecount="0"/>
        <line num="265" count="62" type="cond" truecount="1" falsecount="0"/>
        <line num="266" count="1" type="cond" truecount="1" falsecount="0"/>
        <line num="268" count="61" type="stmt"/>
        <line num="270" count="62" type="stmt"/>
        <line num="271" count="62" type="cond" truecount="1" falsecount="0"/>
        <line num="272" count="61" type="stmt"/>
        <line num="274" count="62" type="stmt"/>
        <line num="276" count="62" type="cond" truecount="1" falsecount="0"/>
        <line num="277" count="61" type="stmt"/>
        <line num="279" count="61" type="stmt"/>
        <line num="280" count="61" type="stmt"/>
        <line num="281" count="61" type="stmt"/>
        <line num="282" count="61" type="cond" truecount="1" falsecount="0"/>
        <line num="283" count="488" type="stmt"/>
        <line num="284" count="488" type="stmt"/>
        <line num="285" count="488" type="stmt"/>
        <line num="287" count="488" type="cond" truecount="0" falsecount="1"/>
        <line num="288" count="0" type="stmt"/>
        <line num="289" count="488" type="stmt"/>
        <line num="290" count="488" type="stmt"/>
        <line num="292" count="488" type="stmt"/>
        <line num="293" count="488" type="stmt"/>
        <line num="294" count="488" type="stmt"/>
        <line num="295" count="61" type="stmt"/>
        <line num="296" count="61" type="stmt"/>
        <line num="297" count="61" type="stmt"/>
        <line num="300" count="61" type="stmt"/>
        <line num="301" count="61" type="stmt"/>
        <line num="302" count="61" type="stmt"/>
        <line num="303" count="61" type="stmt"/>
        <line num="304" count="61" type="stmt"/>
        <line num="306" count="61" type="stmt"/>
        <line num="307" count="61" type="stmt"/>
        <line num="309" count="61" type="stmt"/>
        <line num="310" count="61" type="stmt"/>
        <line num="311" count="61" type="cond" truecount="0" falsecount="1"/>
        <line num="313" count="0" type="stmt"/>
        <line num="314" count="0" type="stmt"/>
        <line num="315" count="0" type="stmt"/>
        <line num="316" count="0" type="stmt"/>
        <line num="317" count="0" type="stmt"/>
        <line num="319" count="0" type="stmt"/>
        <line num="320" count="0" type="stmt"/>
        <line num="321" count="0" type="stmt"/>
        <line num="322" count="0" type="stmt"/>
        <line num="323" count="0" type="stmt"/>
        <line num="324" count="0" type="stmt"/>
        <line num="325" count="0" type="stmt"/>
        <line num="326" count="0" type="stmt"/>
        <line num="327" count="0" type="stmt"/>
        <line num="328" count="0" type="stmt"/>
        <line num="329" count="0" type="stmt"/>
        <line num="331" count="0" type="stmt"/>
        <line num="332" count="0" type="stmt"/>
        <line num="333" count="0" type="stmt"/>
        <line num="334" count="0" type="stmt"/>
        <line num="336" count="61" type="stmt"/>
        <line num="337" count="61" type="stmt"/>
        <line num="339" count="62" type="stmt"/>
        <line num="340" count="62" type="stmt"/>
        <line num="342" count="62" type="stmt"/>
      </file>
      <file name="Navigation.tsx" path="/Users/tim/Code/Personal/NFLDrafter/frontend/src/components/Navigation.tsx">
        <metrics statements="33" coveredstatements="33" conditionals="4" coveredconditionals="4" methods="1" coveredmethods="1"/>
        <line num="1" count="1" type="stmt"/>
        <line num="3" count="1" type="cond" truecount="1" falsecount="0"/>
        <line num="4" count="6" type="stmt"/>
        <line num="6" count="6" type="stmt"/>
        <line num="7" count="6" type="stmt"/>
        <line num="8" count="6" type="stmt"/>
        <line num="9" count="6" type="stmt"/>
        <line num="10" count="6" type="stmt"/>
        <line num="12" count="6" type="stmt"/>
        <line num="13" count="6" type="stmt"/>
        <line num="14" count="6" type="stmt"/>
        <line num="15" count="6" type="stmt"/>
        <line num="16" count="6" type="stmt"/>
        <line num="17" count="6" type="stmt"/>
        <line num="18" count="6" type="stmt"/>
        <line num="20" count="6" type="stmt"/>
        <line num="21" count="6" type="cond" truecount="1" falsecount="0"/>
        <line num="22" count="18" type="stmt"/>
        <line num="23" count="18" type="stmt"/>
        <line num="24" count="18" type="stmt"/>
        <line num="25" count="18" type="stmt"/>
        <line num="26" count="18" type="cond" truecount="1" falsecount="0"/>
        <line num="27" count="6" type="cond" truecount="1" falsecount="0"/>
        <line num="28" count="12" type="stmt"/>
        <line num="29" count="18" type="stmt"/>
        <line num="31" count="18" type="stmt"/>
        <line num="32" count="18" type="stmt"/>
        <line num="33" count="6" type="stmt"/>
        <line num="34" count="6" type="stmt"/>
        <line num="35" count="6" type="stmt"/>
        <line num="36" count="6" type="stmt"/>
        <line num="37" count="6" type="stmt"/>
        <line num="39" count="6" type="stmt"/>
      </file>
      <file name="PlayerBoard.tsx" path="/Users/tim/Code/Personal/NFLDrafter/frontend/src/components/PlayerBoard.tsx">
        <metrics statements="405" coveredstatements="379" conditionals="106" coveredconditionals="88" methods="15" coveredmethods="13"/>
        <line num="1" count="1" type="stmt"/>
        <line num="2" count="1" type="stmt"/>
        <line num="35" count="1" type="stmt"/>
        <line num="36" count="1" type="stmt"/>
        <line num="37" count="1" type="stmt"/>
        <line num="39" count="1" type="cond" truecount="1" falsecount="0"/>
        <line num="40" count="80" type="stmt"/>
        <line num="41" count="80" type="stmt"/>
        <line num="42" count="80" type="stmt"/>
        <line num="43" count="80" type="stmt"/>
        <line num="44" count="80" type="stmt"/>
        <line num="45" count="80" type="stmt"/>
        <line num="46" count="80" type="stmt"/>
        <line num="47" count="80" type="stmt"/>
        <line num="48" count="80" type="stmt"/>
        <line num="49" count="80" type="stmt"/>
        <line num="50" count="80" type="stmt"/>
        <line num="51" count="80" type="stmt"/>
        <line num="52" count="80" type="stmt"/>
        <line num="53" count="80" type="stmt"/>
        <line num="55" count="80" type="stmt"/>
        <line num="56" count="80" type="stmt"/>
        <line num="59" count="80" type="cond" truecount="1" falsecount="0"/>
        <line num="60" count="63" type="cond" truecount="1" falsecount="0"/>
        <line num="62" count="1331" type="cond" truecount="2" falsecount="0"/>
        <line num="63" count="6" type="stmt"/>
        <line num="64" count="6" type="cond" truecount="1" falsecount="0"/>
        <line num="67" count="1331" type="cond" truecount="1" falsecount="0"/>
        <line num="68" count="56" type="stmt"/>
        <line num="69" count="56" type="stmt"/>
        <line num="70" count="56" type="cond" truecount="1" falsecount="0"/>
        <line num="71" count="55" type="cond" truecount="1" falsecount="0"/>
        <line num="72" count="53" type="stmt"/>
        <line num="74" count="56" type="cond" truecount="1" falsecount="0"/>
        <line num="76" count="1269" type="stmt"/>
        <line num="77" count="63" type="stmt"/>
        <line num="80" count="63" type="cond" truecount="1" falsecount="0"/>
        <line num="81" count="1305" type="stmt"/>
        <line num="82" count="1305" type="stmt"/>
        <line num="85" count="1305" type="cond" truecount="0" falsecount="1"/>
        <line num="86" count="1305" type="cond" truecount="0" falsecount="1"/>
        <line num="89" count="1305" type="cond" truecount="0" falsecount="1"/>
        <line num="90" count="0" type="stmt"/>
        <line num="91" count="0" type="stmt"/>
        <line num="92" count="0" type="stmt"/>
        <line num="94" count="1305" type="cond" truecount="2" falsecount="1"/>
        <line num="95" count="44" type="cond" truecount="0" falsecount="2"/>
        <line num="96" count="0" type="stmt"/>
        <line num="97" count="63" type="stmt"/>
        <line num="99" count="63" type="stmt"/>
        <line num="100" count="80" type="stmt"/>
        <line num="103" count="80" type="cond" truecount="1" falsecount="0"/>
        <line num="104" count="70" type="cond" truecount="1" falsecount="0"/>
        <line num="105" count="1301" type="cond" truecount="2" falsecount="0"/>
        <line num="106" count="70" type="stmt"/>
        <line num="107" count="80" type="stmt"/>
        <line num="109" count="80" type="stmt"/>
        <line num="110" count="80" type="stmt"/>
        <line num="111" count="80" type="stmt"/>
        <line num="114" count="80" type="cond" truecount="1" falsecount="0"/>
        <line num="115" count="1" type="cond" truecount="0" falsecount="1"/>
        <line num="116" count="0" type="stmt"/>
        <line num="117" count="1" type="stmt"/>
        <line num="118" count="1" type="stmt"/>
        <line num="119" count="1" type="stmt"/>
        <line num="120" count="1" type="stmt"/>
        <line num="121" count="80" type="stmt"/>
        <line num="124" count="80" type="cond" truecount="1" falsecount="0"/>
        <line num="125" count="6" type="cond" truecount="2" falsecount="0"/>
        <line num="126" count="80" type="stmt"/>
        <line num="129" count="80" type="stmt"/>
        <line num="130" count="0" type="stmt"/>
        <line num="131" count="80" type="stmt"/>
        <line num="134" count="80" type="cond" truecount="1" falsecount="0"/>
        <line num="135" count="73" type="cond" truecount="1" falsecount="0"/>
        <line num="136" count="15" type="cond" truecount="0" falsecount="1"/>
        <line num="138" count="15" type="stmt"/>
        <line num="139" count="15" type="cond" truecount="1" falsecount="0"/>
        <line num="140" count="8" type="stmt"/>
        <line num="141" count="8" type="cond" truecount="1" falsecount="0"/>
        <line num="142" count="8" type="stmt"/>
        <line num="143" count="8" type="stmt"/>
        <line num="144" count="8" type="stmt"/>
        <line num="145" count="15" type="cond" truecount="1" falsecount="0"/>
        <line num="146" count="2" type="stmt"/>
        <line num="147" count="2" type="cond" truecount="1" falsecount="0"/>
        <line num="148" count="2" type="stmt"/>
        <line num="149" count="15" type="cond" truecount="1" falsecount="0"/>
        <line num="150" count="2" type="stmt"/>
        <line num="151" count="2" type="stmt"/>
        <line num="152" count="2" type="stmt"/>
        <line num="153" count="2" type="stmt"/>
        <line num="154" count="2" type="stmt"/>
        <line num="155" count="15" type="cond" truecount="1" falsecount="0"/>
        <line num="156" count="15" type="cond" truecount="1" falsecount="0"/>
        <line num="157" count="1" type="stmt"/>
        <line num="158" count="1" type="stmt"/>
        <line num="159" count="1" type="stmt"/>
        <line num="160" count="1" type="stmt"/>
        <line num="161" count="1" type="stmt"/>
        <line num="162" count="1" type="stmt"/>
        <line num="163" count="1" type="stmt"/>
        <line num="164" count="1" type="stmt"/>
        <line num="165" count="15" type="cond" truecount="1" falsecount="0"/>
        <line num="166" count="15" type="cond" truecount="1" falsecount="0"/>
        <line num="167" count="1" type="stmt"/>
        <line num="168" count="1" type="stmt"/>
        <line num="169" count="1" type="stmt"/>
        <line num="170" count="1" type="cond" truecount="0" falsecount="1"/>
        <line num="171" count="0" type="stmt"/>
        <line num="172" count="0" type="stmt"/>
        <line num="173" count="1" type="stmt"/>
        <line num="174" count="1" type="stmt"/>
        <line num="175" count="15" type="cond" truecount="1" falsecount="0"/>
        <line num="176" count="1" type="stmt"/>
        <line num="177" count="1" type="stmt"/>
        <line num="178" count="15" type="stmt"/>
        <line num="179" count="15" type="stmt"/>
        <line num="181" count="73" type="stmt"/>
        <line num="182" count="73" type="cond" truecount="1" falsecount="0"/>
        <line num="183" count="80" type="stmt"/>
        <line num="186" count="80" type="cond" truecount="1" falsecount="0"/>
        <line num="187" count="62" type="cond" truecount="2" falsecount="0"/>
        <line num="188" count="60" type="stmt"/>
        <line num="189" count="60" type="stmt"/>
        <line num="190" count="60" type="stmt"/>
        <line num="192" count="60" type="cond" truecount="2" falsecount="0"/>
        <line num="193" count="10" type="stmt"/>
        <line num="194" count="10" type="stmt"/>
        <line num="195" count="60" type="stmt"/>
        <line num="196" count="80" type="stmt"/>
        <line num="199" count="80" type="cond" truecount="1" falsecount="0"/>
        <line num="200" count="552" type="cond" truecount="2" falsecount="0"/>
        <line num="201" count="517" type="stmt"/>
        <line num="202" count="552" type="stmt"/>
        <line num="205" count="80" type="cond" truecount="1" falsecount="0"/>
        <line num="206" count="271" type="cond" truecount="2" falsecount="0"/>
        <line num="207" count="271" type="cond" truecount="0" falsecount="1"/>
        <line num="208" count="271" type="stmt"/>
        <line num="209" count="271" type="stmt"/>
        <line num="212" count="80" type="cond" truecount="1" falsecount="0"/>
        <line num="213" count="271" type="cond" truecount="2" falsecount="0"/>
        <line num="214" count="238" type="cond" truecount="0" falsecount="1"/>
        <line num="215" count="0" type="stmt"/>
        <line num="216" count="0" type="stmt"/>
        <line num="217" count="0" type="stmt"/>
        <line num="218" count="271" type="stmt"/>
        <line num="221" count="80" type="cond" truecount="1" falsecount="0"/>
        <line num="222" count="271" type="cond" truecount="2" falsecount="0"/>
        <line num="223" count="271" type="cond" truecount="2" falsecount="0"/>
        <line num="224" count="179" type="cond" truecount="0" falsecount="1"/>
        <line num="225" count="0" type="stmt"/>
        <line num="226" count="0" type="stmt"/>
        <line num="227" count="0" type="stmt"/>
        <line num="228" count="0" type="stmt"/>
        <line num="229" count="271" type="stmt"/>
        <line num="232" count="80" type="cond" truecount="1" falsecount="0"/>
        <line num="233" count="271" type="cond" truecount="2" falsecount="0"/>
        <line num="234" count="271" type="cond" truecount="2" falsecount="0"/>
        <line num="235" count="177" type="cond" truecount="0" falsecount="1"/>
        <line num="236" count="0" type="stmt"/>
        <line num="237" count="0" type="stmt"/>
        <line num="238" count="0" type="stmt"/>
        <line num="239" count="271" type="stmt"/>
        <line num="242" count="80" type="cond" truecount="1" falsecount="0"/>
        <line num="243" count="640" type="stmt"/>
        <line num="244" count="640" type="cond" truecount="1" falsecount="0"/>
        <line num="245" count="640" type="stmt"/>
        <line num="247" count="640" type="stmt"/>
        <line num="248" count="640" type="cond" truecount="1" falsecount="0"/>
        <line num="249" count="80" type="stmt"/>
        <line num="250" count="80" type="cond" truecount="0" falsecount="1"/>
        <line num="251" count="0" type="stmt"/>
        <line num="253" count="80" type="stmt"/>
        <line num="255" count="80" type="stmt"/>
        <line num="257" count="640" type="stmt"/>
        <line num="260" count="80" type="stmt"/>
        <line num="261" count="80" type="stmt"/>
        <line num="263" count="80" type="stmt"/>
        <line num="264" count="80" type="stmt"/>
        <line num="265" count="80" type="stmt"/>
        <line num="266" count="80" type="stmt"/>
        <line num="267" count="80" type="stmt"/>
        <line num="268" count="80" type="stmt"/>
        <line num="269" count="80" type="stmt"/>
        <line num="270" count="80" type="stmt"/>
        <line num="271" count="80" type="stmt"/>
        <line num="272" count="80" type="stmt"/>
        <line num="273" count="80" type="stmt"/>
        <line num="274" count="80" type="stmt"/>
        <line num="275" count="80" type="stmt"/>
        <line num="276" count="80" type="stmt"/>
        <line num="277" count="80" type="stmt"/>
        <line num="278" count="80" type="stmt"/>
        <line num="279" count="80" type="stmt"/>
        <line num="282" count="80" type="stmt"/>
        <line num="283" count="80" type="stmt"/>
        <line num="284" count="80" type="stmt"/>
        <line num="285" count="80" type="stmt"/>
        <line num="287" count="80" type="stmt"/>
        <line num="288" count="80" type="stmt"/>
        <line num="289" count="80" type="stmt"/>
        <line num="290" count="80" type="stmt"/>
        <line num="291" count="80" type="stmt"/>
        <line num="293" count="80" type="stmt"/>
        <line num="294" count="80" type="stmt"/>
        <line num="295" count="80" type="stmt"/>
        <line num="296" count="80" type="stmt"/>
        <line num="297" count="80" type="stmt"/>
        <line num="298" count="80" type="stmt"/>
        <line num="299" count="80" type="stmt"/>
        <line num="300" count="80" type="stmt"/>
        <line num="301" count="80" type="stmt"/>
        <line num="302" count="80" type="stmt"/>
        <line num="303" count="80" type="stmt"/>
        <line num="304" count="80" type="stmt"/>
        <line num="305" count="80" type="stmt"/>
        <line num="306" count="80" type="stmt"/>
        <line num="307" count="80" type="stmt"/>
        <line num="308" count="80" type="stmt"/>
        <line num="309" count="80" type="stmt"/>
        <line num="310" count="80" type="stmt"/>
        <line num="311" count="80" type="stmt"/>
        <line num="312" count="80" type="stmt"/>
        <line num="313" count="80" type="stmt"/>
        <line num="314" count="80" type="stmt"/>
        <line num="315" count="80" type="stmt"/>
        <line num="316" count="80" type="stmt"/>
        <line num="317" count="80" type="stmt"/>
        <line num="318" count="80" type="stmt"/>
        <line num="320" count="80" type="stmt"/>
        <line num="321" count="80" type="stmt"/>
        <line num="323" count="80" type="stmt"/>
        <line num="324" count="80" type="stmt"/>
        <line num="326" count="80" type="stmt"/>
        <line num="327" count="80" type="stmt"/>
        <line num="328" count="80" type="stmt"/>
        <line num="329" count="80" type="stmt"/>
        <line num="330" count="80" type="cond" truecount="1" falsecount="0"/>
        <line num="331" count="12" type="stmt"/>
        <line num="332" count="12" type="stmt"/>
        <line num="333" count="12" type="stmt"/>
        <line num="334" count="12" type="stmt"/>
        <line num="335" count="12" type="stmt"/>
        <line num="336" count="12" type="cond" truecount="1" falsecount="0"/>
        <line num="338" count="68" type="cond" truecount="1" falsecount="0"/>
        <line num="339" count="271" type="stmt"/>
        <line num="340" count="271" type="stmt"/>
        <line num="341" count="271" type="stmt"/>
        <line num="343" count="271" type="stmt"/>
        <line num="344" count="271" type="stmt"/>
        <line num="345" count="271" type="stmt"/>
        <line num="346" count="271" type="cond" truecount="2" falsecount="0"/>
        <line num="347" count="271" type="stmt"/>
        <line num="348" count="271" type="cond" truecount="2" falsecount="0"/>
        <line num="349" count="271" type="cond" truecount="2" falsecount="0"/>
        <line num="350" count="271" type="cond" truecount="1" falsecount="0"/>
        <line num="351" count="271" type="stmt"/>
        <line num="352" count="271" type="stmt"/>
        <line num="353" count="271" type="stmt"/>
        <line num="354" count="271" type="stmt"/>
        <line num="355" count="271" type="stmt"/>
        <line num="356" count="271" type="stmt"/>
        <line num="357" count="271" type="stmt"/>
        <line num="360" count="271" type="stmt"/>
        <line num="361" count="271" type="stmt"/>
        <line num="362" count="271" type="stmt"/>
        <line num="363" count="271" type="stmt"/>
        <line num="364" count="271" type="cond" truecount="1" falsecount="0"/>
        <line num="365" count="6" type="stmt"/>
        <line num="366" count="6" type="stmt"/>
        <line num="367" count="6" type="stmt"/>
        <line num="368" count="271" type="stmt"/>
        <line num="369" count="271" type="stmt"/>
        <line num="371" count="271" type="cond" truecount="1" falsecount="0"/>
        <line num="372" count="5" type="cond" truecount="1" falsecount="0"/>
        <line num="374" count="266" type="stmt"/>
        <line num="376" count="271" type="stmt"/>
        <line num="377" count="271" type="stmt"/>
        <line num="378" count="271" type="stmt"/>
        <line num="379" count="271" type="stmt"/>
        <line num="380" count="271" type="stmt"/>
        <line num="381" count="271" type="stmt"/>
        <line num="382" count="271" type="stmt"/>
        <line num="385" count="271" type="stmt"/>
        <line num="386" count="271" type="stmt"/>
        <line num="387" count="271" type="stmt"/>
        <line num="388" count="271" type="stmt"/>
        <line num="389" count="271" type="stmt"/>
        <line num="392" count="271" type="stmt"/>
        <line num="393" count="271" type="stmt"/>
        <line num="394" count="271" type="stmt"/>
        <line num="397" count="271" type="stmt"/>
        <line num="398" count="271" type="stmt"/>
        <line num="399" count="271" type="stmt"/>
        <line num="402" count="271" type="stmt"/>
        <line num="403" count="271" type="stmt"/>
        <line num="404" count="271" type="stmt"/>
        <line num="407" count="271" type="stmt"/>
        <line num="408" count="271" type="stmt"/>
        <line num="409" count="271" type="stmt"/>
        <line num="412" count="271" type="stmt"/>
        <line num="413" count="271" type="cond" truecount="2" falsecount="0"/>
        <line num="414" count="271" type="stmt"/>
        <line num="417" count="271" type="stmt"/>
        <line num="418" count="271" type="cond" truecount="1" falsecount="0"/>
        <line num="419" count="271" type="stmt"/>
        <line num="422" count="271" type="stmt"/>
        <line num="423" count="271" type="cond" truecount="2" falsecount="0"/>
        <line num="424" count="271" type="stmt"/>
        <line num="427" count="271" type="stmt"/>
        <line num="428" count="271" type="cond" truecount="1" falsecount="0"/>
        <line num="429" count="179" type="stmt"/>
        <line num="430" count="179" type="stmt"/>
        <line num="431" count="179" type="cond" truecount="1" falsecount="0"/>
        <line num="433" count="92" type="stmt"/>
        <line num="435" count="271" type="stmt"/>
        <line num="438" count="271" type="stmt"/>
        <line num="439" count="271" type="cond" truecount="2" falsecount="0"/>
        <line num="440" count="271" type="stmt"/>
        <line num="443" count="271" type="stmt"/>
        <line num="444" count="271" type="stmt"/>
        <line num="445" count="271" type="cond" truecount="1" falsecount="0"/>
        <line num="446" count="6" type="stmt"/>
        <line num="447" count="6" type="cond" truecount="1" falsecount="0"/>
        <line num="448" count="1" type="stmt"/>
        <line num="449" count="1" type="stmt"/>
        <line num="450" count="1" type="stmt"/>
        <line num="451" count="6" type="stmt"/>
        <line num="452" count="6" type="stmt"/>
        <line num="453" count="6" type="stmt"/>
        <line num="455" count="6" type="cond" truecount="1" falsecount="0"/>
        <line num="457" count="265" type="stmt"/>
        <line num="458" count="265" type="cond" truecount="1" falsecount="0"/>
        <line num="459" count="2" type="stmt"/>
        <line num="460" count="2" type="stmt"/>
        <line num="461" count="2" type="stmt"/>
        <line num="462" count="265" type="stmt"/>
        <line num="463" count="265" type="stmt"/>
        <line num="464" count="265" type="stmt"/>
        <line num="466" count="265" type="stmt"/>
        <line num="468" count="271" type="stmt"/>
        <line num="469" count="271" type="stmt"/>
        <line num="470" count="271" type="stmt"/>
        <line num="473" count="271" type="cond" truecount="1" falsecount="0"/>
        <line num="474" count="5" type="stmt"/>
        <line num="475" count="5" type="stmt"/>
        <line num="476" count="5" type="stmt"/>
        <line num="477" count="5" type="stmt"/>
        <line num="478" count="5" type="stmt"/>
        <line num="479" count="5" type="stmt"/>
        <line num="480" count="5" type="stmt"/>
        <line num="482" count="5" type="stmt"/>
        <line num="483" count="5" type="stmt"/>
        <line num="485" count="5" type="stmt"/>
        <line num="486" count="5" type="stmt"/>
        <line num="487" count="5" type="stmt"/>
        <line num="488" count="5" type="stmt"/>
        <line num="489" count="5" type="stmt"/>
        <line num="490" count="5" type="cond" truecount="0" falsecount="1"/>
        <line num="491" count="5" type="cond" truecount="0" falsecount="1"/>
        <line num="492" count="5" type="cond" truecount="0" falsecount="1"/>
        <line num="493" count="5" type="stmt"/>
        <line num="494" count="5" type="stmt"/>
        <line num="497" count="5" type="stmt"/>
        <line num="498" count="5" type="stmt"/>
        <line num="499" count="5" type="stmt"/>
        <line num="500" count="5" type="stmt"/>
        <line num="501" count="5" type="cond" truecount="0" falsecount="1"/>
        <line num="503" count="0" type="stmt"/>
        <line num="505" count="5" type="stmt"/>
        <line num="506" count="5" type="stmt"/>
        <line num="509" count="5" type="stmt"/>
        <line num="510" count="5" type="stmt"/>
        <line num="511" count="5" type="stmt"/>
        <line num="512" count="5" type="stmt"/>
        <line num="513" count="5" type="stmt"/>
        <line num="514" count="0" type="stmt"/>
        <line num="515" count="0" type="stmt"/>
        <line num="516" count="0" type="stmt"/>
        <line num="517" count="5" type="stmt"/>
        <line num="518" count="5" type="stmt"/>
        <line num="520" count="5" type="stmt"/>
        <line num="521" count="5" type="stmt"/>
        <line num="522" count="5" type="stmt"/>
        <line num="523" count="5" type="stmt"/>
        <line num="524" count="0" type="stmt"/>
        <line num="525" count="0" type="stmt"/>
        <line num="526" count="0" type="stmt"/>
        <line num="527" count="5" type="stmt"/>
        <line num="528" count="5" type="stmt"/>
        <line num="530" count="5" type="stmt"/>
        <line num="532" count="5" type="stmt"/>
        <line num="533" count="5" type="stmt"/>
        <line num="534" count="5" type="stmt"/>
        <line num="535" count="5" type="stmt"/>
        <line num="536" count="5" type="stmt"/>
        <line num="538" count="271" type="stmt"/>
        <line num="540" count="68" type="stmt"/>
        <line num="542" count="80" type="stmt"/>
        <line num="543" count="80" type="stmt"/>
        <line num="544" count="80" type="stmt"/>
        <line num="545" count="80" type="stmt"/>
        <line num="546" count="80" type="stmt"/>
        <line num="548" count="80" type="stmt"/>
      </file>
      <file name="PlayerExplorer.tsx" path="/Users/tim/Code/Personal/NFLDrafter/frontend/src/components/PlayerExplorer.tsx">
        <metrics statements="153" coveredstatements="153" conditionals="16" coveredconditionals="16" methods="5" coveredmethods="3"/>
        <line num="1" count="1" type="stmt"/>
        <line num="2" count="1" type="stmt"/>
        <line num="4" count="1" type="cond" truecount="1" falsecount="0"/>
        <line num="5" count="14" type="stmt"/>
        <line num="6" count="14" type="stmt"/>
        <line num="7" count="14" type="stmt"/>
        <line num="8" count="14" type="stmt"/>
        <line num="9" count="14" type="stmt"/>
        <line num="12" count="14" type="stmt"/>
        <line num="13" count="14" type="stmt"/>
        <line num="14" count="14" type="stmt"/>
        <line num="15" count="14" type="stmt"/>
        <line num="16" count="14" type="stmt"/>
        <line num="17" count="14" type="stmt"/>
        <line num="18" count="14" type="stmt"/>
        <line num="20" count="14" type="stmt"/>
        <line num="21" count="14" type="cond" truecount="1" falsecount="0"/>
        <line num="23" count="14" type="cond" truecount="1" falsecount="0"/>
        <line num="24" count="1" type="stmt"/>
        <line num="25" count="1" type="stmt"/>
        <line num="26" count="1" type="stmt"/>
        <line num="27" count="1" type="stmt"/>
        <line num="29" count="1" type="cond" truecount="1" falsecount="0"/>
        <line num="31" count="13" type="stmt"/>
        <line num="32" count="13" type="stmt"/>
        <line num="33" count="13" type="stmt"/>
        <line num="34" count="13" type="stmt"/>
        <line num="37" count="13" type="stmt"/>
        <line num="38" count="13" type="stmt"/>
        <line num="39" count="13" type="stmt"/>
        <line num="40" count="13" type="stmt"/>
        <line num="41" count="13" type="stmt"/>
        <line num="42" count="13" type="stmt"/>
        <line num="43" count="13" type="stmt"/>
        <line num="45" count="13" type="cond" truecount="1" falsecount="0"/>
        <line num="46" count="65" type="stmt"/>
        <line num="47" count="13" type="stmt"/>
        <line num="48" count="13" type="stmt"/>
        <line num="49" count="13" type="stmt"/>
        <line num="51" count="13" type="stmt"/>
        <line num="52" count="13" type="stmt"/>
        <line num="53" count="13" type="stmt"/>
        <line num="54" count="13" type="stmt"/>
        <line num="55" count="13" type="stmt"/>
        <line num="56" count="13" type="stmt"/>
        <line num="58" count="13" type="cond" truecount="1" falsecount="0"/>
        <line num="59" count="234" type="stmt"/>
        <line num="60" count="13" type="stmt"/>
        <line num="61" count="13" type="stmt"/>
        <line num="62" count="13" type="stmt"/>
        <line num="64" count="13" type="stmt"/>
        <line num="65" count="13" type="stmt"/>
        <line num="66" count="13" type="stmt"/>
        <line num="67" count="13" type="stmt"/>
        <line num="68" count="13" type="cond" truecount="1" falsecount="0"/>
        <line num="69" count="13" type="stmt"/>
        <line num="71" count="13" type="stmt"/>
        <line num="72" count="14" type="cond" truecount="1" falsecount="0"/>
        <line num="73" count="26" type="stmt"/>
        <line num="74" count="26" type="stmt"/>
        <line num="75" count="26" type="stmt"/>
        <line num="76" count="14" type="stmt"/>
        <line num="77" count="14" type="stmt"/>
        <line num="78" count="14" type="stmt"/>
        <line num="80" count="14" type="stmt"/>
        <line num="81" count="14" type="stmt"/>
        <line num="82" count="14" type="stmt"/>
        <line num="83" count="14" type="stmt"/>
        <line num="84" count="14" type="stmt"/>
        <line num="85" count="14" type="cond" truecount="1" falsecount="0"/>
        <line num="86" count="14" type="stmt"/>
        <line num="87" count="14" type="stmt"/>
        <line num="88" count="14" type="stmt"/>
        <line num="89" count="14" type="stmt"/>
        <line num="90" count="14" type="stmt"/>
        <line num="93" count="14" type="stmt"/>
        <line num="94" count="14" type="stmt"/>
        <line num="95" count="14" type="stmt"/>
        <line num="96" count="14" type="stmt"/>
        <line num="97" count="14" type="stmt"/>
        <line num="99" count="14" type="stmt"/>
        <line num="100" count="14" type="stmt"/>
        <line num="102" count="14" type="stmt"/>
        <line num="103" count="14" type="stmt"/>
        <line num="105" count="14" type="stmt"/>
        <line num="106" count="14" type="stmt"/>
        <line num="108" count="14" type="stmt"/>
        <line num="109" count="14" type="stmt"/>
        <line num="111" count="14" type="stmt"/>
        <line num="112" count="14" type="stmt"/>
        <line num="113" count="14" type="stmt"/>
        <line num="114" count="14" type="stmt"/>
        <line num="115" count="14" type="stmt"/>
        <line num="116" count="14" type="cond" truecount="1" falsecount="0"/>
        <line num="117" count="65" type="stmt"/>
        <line num="118" count="14" type="stmt"/>
        <line num="119" count="14" type="cond" truecount="1" falsecount="0"/>
        <line num="120" count="56" type="stmt"/>
        <line num="121" count="56" type="stmt"/>
        <line num="122" count="56" type="stmt"/>
        <line num="123" count="56" type="stmt"/>
        <line num="124" count="56" type="stmt"/>
        <line num="125" count="56" type="stmt"/>
        <line num="126" count="56" type="stmt"/>
        <line num="127" count="56" type="stmt"/>
        <line num="128" count="56" type="stmt"/>
        <line num="129" count="56" type="stmt"/>
        <line num="130" count="56" type="stmt"/>
        <line num="131" count="56" type="stmt"/>
        <line num="132" count="56" type="stmt"/>
        <line num="133" count="56" type="stmt"/>
        <line num="134" count="56" type="stmt"/>
        <line num="135" count="56" type="stmt"/>
        <line num="136" count="56" type="stmt"/>
        <line num="137" count="56" type="cond" truecount="2" falsecount="0"/>
        <line num="138" count="56" type="stmt"/>
        <line num="139" count="56" type="stmt"/>
        <line num="140" count="56" type="stmt"/>
        <line num="142" count="56" type="stmt"/>
        <line num="143" count="56" type="stmt"/>
        <line num="145" count="56" type="stmt"/>
        <line num="146" count="56" type="stmt"/>
        <line num="147" count="56" type="stmt"/>
        <line num="148" count="14" type="stmt"/>
        <line num="149" count="14" type="stmt"/>
        <line num="150" count="14" type="stmt"/>
        <line num="151" count="14" type="stmt"/>
        <line num="153" count="14" type="cond" truecount="1" falsecount="0"/>
        <line num="154" count="65" type="stmt"/>
        <line num="155" count="14" type="cond" truecount="1" falsecount="0"/>
        <line num="156" count="1" type="stmt"/>
        <line num="158" count="1" type="stmt"/>
        <line num="160" count="14" type="stmt"/>
        <line num="163" count="14" type="cond" truecount="1" falsecount="0"/>
        <line num="164" count="1" type="stmt"/>
        <line num="165" count="1" type="stmt"/>
        <line num="166" count="1" type="stmt"/>
        <line num="167" count="1" type="stmt"/>
        <line num="168" count="1" type="stmt"/>
        <line num="169" count="1" type="stmt"/>
        <line num="170" count="1" type="stmt"/>
        <line num="171" count="1" type="stmt"/>
        <line num="172" count="1" type="stmt"/>
        <line num="173" count="1" type="stmt"/>
        <line num="174" count="1" type="stmt"/>
        <line num="175" count="1" type="stmt"/>
        <line num="176" count="1" type="stmt"/>
        <line num="177" count="1" type="stmt"/>
        <line num="178" count="1" type="stmt"/>
        <line num="179" count="1" type="stmt"/>
        <line num="180" count="1" type="stmt"/>
        <line num="182" count="14" type="stmt"/>
        <line num="184" count="14" type="stmt"/>
      </file>
      <file name="RosterBar.tsx" path="/Users/tim/Code/Personal/NFLDrafter/frontend/src/components/RosterBar.tsx">
        <metrics statements="199" coveredstatements="195" conditionals="50" coveredconditionals="46" methods="6" coveredmethods="6"/>
        <line num="1" count="1" type="stmt"/>
        <line num="2" count="1" type="stmt"/>
        <line num="26" count="1" type="cond" truecount="1" falsecount="0"/>
        <line num="27" count="42" type="stmt"/>
        <line num="28" count="42" type="stmt"/>
        <line num="29" count="42" type="stmt"/>
        <line num="30" count="42" type="stmt"/>
        <line num="31" count="42" type="stmt"/>
        <line num="32" count="42" type="stmt"/>
        <line num="35" count="42" type="cond" truecount="1" falsecount="0"/>
        <line num="36" count="28" type="cond" truecount="1" falsecount="0"/>
        <line num="37" count="28" type="cond" truecount="1" falsecount="0"/>
        <line num="38" count="28" type="stmt"/>
        <line num="41" count="28" type="stmt"/>
        <line num="42" count="28" type="cond" truecount="1" falsecount="0"/>
        <line num="43" count="28" type="cond" truecount="1" falsecount="0"/>
        <line num="44" count="78" type="cond" truecount="1" falsecount="0"/>
        <line num="45" count="390" type="cond" truecount="0" falsecount="1"/>
        <line num="46" count="78" type="stmt"/>
        <line num="48" count="78" type="cond" truecount="1" falsecount="0"/>
        <line num="49" count="78" type="cond" truecount="1" falsecount="0"/>
        <line num="51" count="78" type="stmt"/>
        <line num="52" count="78" type="stmt"/>
        <line num="53" count="78" type="stmt"/>
        <line num="54" count="78" type="stmt"/>
        <line num="55" count="28" type="stmt"/>
        <line num="56" count="28" type="cond" truecount="1" falsecount="0"/>
        <line num="58" count="28" type="stmt"/>
        <line num="59" count="28" type="stmt"/>
        <line num="60" count="28" type="stmt"/>
        <line num="61" count="28" type="stmt"/>
        <line num="62" count="28" type="stmt"/>
        <line num="63" count="28" type="stmt"/>
        <line num="64" count="28" type="stmt"/>
        <line num="65" count="42" type="stmt"/>
        <line num="68" count="42" type="cond" truecount="1" falsecount="0"/>
        <line num="69" count="328" type="stmt"/>
        <line num="70" count="328" type="cond" truecount="1" falsecount="0"/>
        <line num="71" count="82" type="stmt"/>
        <line num="72" count="328" type="cond" truecount="1" falsecount="0"/>
        <line num="73" count="82" type="stmt"/>
        <line num="74" count="328" type="cond" truecount="1" falsecount="0"/>
        <line num="75" count="164" type="stmt"/>
        <line num="76" count="328" type="cond" truecount="0" falsecount="1"/>
        <line num="77" count="0" type="stmt"/>
        <line num="78" count="328" type="stmt"/>
        <line num="79" count="328" type="stmt"/>
        <line num="82" count="42" type="cond" truecount="1" falsecount="0"/>
        <line num="83" count="328" type="stmt"/>
        <line num="84" count="328" type="cond" truecount="1" falsecount="0"/>
        <line num="85" count="82" type="stmt"/>
        <line num="86" count="328" type="cond" truecount="1" falsecount="0"/>
        <line num="87" count="82" type="stmt"/>
        <line num="88" count="328" type="cond" truecount="1" falsecount="0"/>
        <line num="89" count="164" type="stmt"/>
        <line num="90" count="328" type="cond" truecount="0" falsecount="1"/>
        <line num="91" count="0" type="stmt"/>
        <line num="92" count="328" type="stmt"/>
        <line num="93" count="328" type="stmt"/>
        <line num="96" count="42" type="cond" truecount="1" falsecount="0"/>
        <line num="97" count="14" type="cond" truecount="2" falsecount="0"/>
        <line num="98" count="14" type="stmt"/>
        <line num="100" count="42" type="stmt"/>
        <line num="101" count="42" type="stmt"/>
        <line num="103" count="42" type="stmt"/>
        <line num="104" count="42" type="stmt"/>
        <line num="105" count="42" type="stmt"/>
        <line num="106" count="42" type="stmt"/>
        <line num="107" count="42" type="stmt"/>
        <line num="108" count="42" type="cond" truecount="1" falsecount="0"/>
        <line num="109" count="42" type="stmt"/>
        <line num="110" count="42" type="stmt"/>
        <line num="113" count="42" type="stmt"/>
        <line num="114" count="42" type="stmt"/>
        <line num="115" count="42" type="stmt"/>
        <line num="116" count="42" type="stmt"/>
        <line num="117" count="42" type="stmt"/>
        <line num="118" count="42" type="stmt"/>
        <line num="119" count="42" type="stmt"/>
        <line num="120" count="42" type="stmt"/>
        <line num="121" count="42" type="stmt"/>
        <line num="122" count="42" type="stmt"/>
        <line num="123" count="42" type="stmt"/>
        <line num="124" count="42" type="stmt"/>
        <line num="127" count="42" type="cond" truecount="1" falsecount="0"/>
        <line num="128" count="40" type="stmt"/>
        <line num="129" count="40" type="stmt"/>
        <line num="130" count="40" type="stmt"/>
        <line num="131" count="40" type="stmt"/>
        <line num="132" count="40" type="stmt"/>
        <line num="133" count="40" type="stmt"/>
        <line num="134" count="40" type="cond" truecount="1" falsecount="0"/>
        <line num="135" count="40" type="stmt"/>
        <line num="136" count="40" type="stmt"/>
        <line num="137" count="40" type="stmt"/>
        <line num="138" count="40" type="stmt"/>
        <line num="139" count="40" type="stmt"/>
        <line num="140" count="40" type="stmt"/>
        <line num="142" count="42" type="stmt"/>
        <line num="145" count="42" type="stmt"/>
        <line num="146" count="42" type="stmt"/>
        <line num="147" count="42" type="cond" truecount="1" falsecount="0"/>
        <line num="148" count="328" type="cond" truecount="1" falsecount="0"/>
        <line num="149" count="1600" type="cond" truecount="2" falsecount="0"/>
        <line num="150" count="328" type="stmt"/>
        <line num="152" count="328" type="stmt"/>
        <line num="153" count="328" type="stmt"/>
        <line num="154" count="328" type="stmt"/>
        <line num="156" count="328" type="stmt"/>
        <line num="157" count="328" type="stmt"/>
        <line num="159" count="328" type="stmt"/>
        <line num="160" count="328" type="cond" truecount="1" falsecount="0"/>
        <line num="161" count="328" type="stmt"/>
        <line num="162" count="328" type="cond" truecount="2" falsecount="0"/>
        <line num="163" count="328" type="stmt"/>
        <line num="165" count="328" type="stmt"/>
        <line num="166" count="328" type="stmt"/>
        <line num="167" count="328" type="stmt"/>
        <line num="168" count="328" type="cond" truecount="2" falsecount="0"/>
        <line num="169" count="328" type="stmt"/>
        <line num="170" count="328" type="stmt"/>
        <line num="171" count="328" type="stmt"/>
        <line num="174" count="328" type="stmt"/>
        <line num="175" count="328" type="stmt"/>
        <line num="176" count="328" type="stmt"/>
        <line num="177" count="328" type="stmt"/>
        <line num="178" count="328" type="stmt"/>
        <line num="180" count="328" type="stmt"/>
        <line num="181" count="328" type="stmt"/>
        <line num="182" count="328" type="cond" truecount="2" falsecount="0"/>
        <line num="183" count="328" type="stmt"/>
        <line num="184" count="328" type="stmt"/>
        <line num="185" count="328" type="stmt"/>
        <line num="188" count="328" type="cond" truecount="1" falsecount="0"/>
        <line num="189" count="81" type="stmt"/>
        <line num="193" count="328" type="stmt"/>
        <line num="194" count="328" type="stmt"/>
        <line num="195" count="328" type="cond" truecount="2" falsecount="0"/>
        <line num="196" count="328" type="stmt"/>
        <line num="197" count="328" type="stmt"/>
        <line num="198" count="328" type="stmt"/>
        <line num="199" count="328" type="stmt"/>
        <line num="201" count="328" type="stmt"/>
        <line num="202" count="328" type="stmt"/>
        <line num="203" count="328" type="stmt"/>
        <line num="204" count="328" type="stmt"/>
        <line num="205" count="328" type="stmt"/>
        <line num="208" count="328" type="cond" truecount="1" falsecount="0"/>
        <line num="209" count="13" type="stmt"/>
        <line num="211" count="13" type="stmt"/>
        <line num="212" count="13" type="stmt"/>
        <line num="213" count="13" type="stmt"/>
        <line num="214" count="13" type="cond" truecount="1" falsecount="0"/>
        <line num="215" count="22" type="stmt"/>
        <line num="216" count="22" type="stmt"/>
        <line num="217" count="22" type="stmt"/>
        <line num="218" count="22" type="stmt"/>
        <line num="219" count="22" type="stmt"/>
        <line num="220" count="22" type="stmt"/>
        <line num="221" count="22" type="stmt"/>
        <line num="222" count="13" type="stmt"/>
        <line num="223" count="13" type="cond" truecount="0" falsecount="1"/>
        <line num="225" count="0" type="stmt"/>
        <line num="227" count="0" type="stmt"/>
        <line num="231" count="13" type="stmt"/>
        <line num="232" count="13" type="stmt"/>
        <line num="233" count="13" type="stmt"/>
        <line num="234" count="13" type="stmt"/>
        <line num="235" count="13" type="cond" truecount="1" falsecount="0"/>
        <line num="236" count="7" type="stmt"/>
        <line num="237" count="7" type="cond" truecount="1" falsecount="0"/>
        <line num="238" count="7" type="cond" truecount="1" falsecount="0"/>
        <line num="240" count="6" type="stmt"/>
        <line num="242" count="13" type="stmt"/>
        <line num="243" count="13" type="stmt"/>
        <line num="247" count="13" type="stmt"/>
        <line num="248" count="13" type="cond" truecount="1" falsecount="0"/>
        <line num="249" count="13" type="stmt"/>
        <line num="251" count="13" type="cond" truecount="2" falsecount="0"/>
        <line num="252" count="13" type="stmt"/>
        <line num="253" count="13" type="stmt"/>
        <line num="255" count="328" type="stmt"/>
        <line num="257" count="42" type="stmt"/>
        <line num="258" count="42" type="stmt"/>
        <line num="259" count="42" type="stmt"/>
        <line num="262" count="42" type="stmt"/>
        <line num="263" count="42" type="stmt"/>
        <line num="264" count="42" type="stmt"/>
        <line num="265" count="42" type="stmt"/>
        <line num="266" count="42" type="stmt"/>
        <line num="267" count="42" type="stmt"/>
        <line num="268" count="42" type="stmt"/>
        <line num="269" count="42" type="stmt"/>
        <line num="270" count="42" type="stmt"/>
        <line num="271" count="42" type="stmt"/>
        <line num="272" count="42" type="stmt"/>
        <line num="273" count="42" type="stmt"/>
        <line num="274" count="42" type="stmt"/>
        <line num="276" count="42" type="stmt"/>
      </file>
      <file name="ScoringBuilder.tsx" path="/Users/tim/Code/Personal/NFLDrafter/frontend/src/components/ScoringBuilder.tsx">
        <metrics statements="164" coveredstatements="164" conditionals="15" coveredconditionals="14" methods="12" coveredmethods="6"/>
        <line num="1" count="1" type="stmt"/>
        <line num="2" count="1" type="stmt"/>
        <line num="14" count="1" type="cond" truecount="1" falsecount="0"/>
        <line num="15" count="12" type="stmt"/>
        <line num="16" count="12" type="stmt"/>
        <line num="17" count="12" type="stmt"/>
        <line num="18" count="12" type="stmt"/>
        <line num="19" count="12" type="stmt"/>
        <line num="20" count="12" type="stmt"/>
        <line num="21" count="12" type="stmt"/>
        <line num="22" count="12" type="stmt"/>
        <line num="23" count="12" type="stmt"/>
        <line num="24" count="12" type="stmt"/>
        <line num="25" count="12" type="stmt"/>
        <line num="27" count="12" type="cond" truecount="1" falsecount="0"/>
        <line num="28" count="1" type="stmt"/>
        <line num="29" count="1" type="stmt"/>
        <line num="31" count="12" type="cond" truecount="1" falsecount="0"/>
        <line num="32" count="1" type="cond" truecount="1" falsecount="0"/>
        <line num="33" count="1" type="stmt"/>
        <line num="35" count="12" type="cond" truecount="1" falsecount="0"/>
        <line num="36" count="1" type="stmt"/>
        <line num="37" count="1" type="stmt"/>
        <line num="38" count="1" type="stmt"/>
        <line num="39" count="1" type="stmt"/>
        <line num="41" count="12" type="stmt"/>
        <line num="42" count="12" type="stmt"/>
        <line num="43" count="12" type="stmt"/>
        <line num="44" count="12" type="stmt"/>
        <line num="45" count="12" type="stmt"/>
        <line num="46" count="12" type="stmt"/>
        <line num="48" count="12" type="cond" truecount="1" falsecount="0"/>
        <line num="49" count="1" type="stmt"/>
        <line num="50" count="1" type="stmt"/>
        <line num="51" count="1" type="stmt"/>
        <line num="52" count="1" type="stmt"/>
        <line num="54" count="1" type="cond" truecount="1" falsecount="0"/>
        <line num="56" count="11" type="stmt"/>
        <line num="57" count="11" type="stmt"/>
        <line num="58" count="11" type="stmt"/>
        <line num="59" count="11" type="stmt"/>
        <line num="61" count="11" type="stmt"/>
        <line num="62" count="11" type="stmt"/>
        <line num="64" count="11" type="stmt"/>
        <line num="65" count="11" type="stmt"/>
        <line num="66" count="11" type="stmt"/>
        <line num="67" count="11" type="stmt"/>
        <line num="68" count="11" type="stmt"/>
        <line num="70" count="11" type="stmt"/>
        <line num="71" count="12" type="cond" truecount="1" falsecount="0"/>
        <line num="72" count="22" type="stmt"/>
        <line num="73" count="22" type="stmt"/>
        <line num="74" count="22" type="stmt"/>
        <line num="75" count="12" type="stmt"/>
        <line num="76" count="12" type="stmt"/>
        <line num="77" count="12" type="stmt"/>
        <line num="79" count="12" type="stmt"/>
        <line num="80" count="12" type="stmt"/>
        <line num="81" count="12" type="stmt"/>
        <line num="82" count="12" type="stmt"/>
        <line num="83" count="12" type="stmt"/>
        <line num="84" count="12" type="stmt"/>
        <line num="85" count="12" type="stmt"/>
        <line num="87" count="12" type="stmt"/>
        <line num="88" count="12" type="stmt"/>
        <line num="90" count="12" type="stmt"/>
        <line num="91" count="12" type="cond" truecount="1" falsecount="0"/>
        <line num="92" count="77" type="stmt"/>
        <line num="93" count="77" type="stmt"/>
        <line num="94" count="77" type="stmt"/>
        <line num="95" count="77" type="stmt"/>
        <line num="96" count="77" type="stmt"/>
        <line num="97" count="77" type="stmt"/>
        <line num="98" count="77" type="stmt"/>
        <line num="100" count="77" type="stmt"/>
        <line num="101" count="77" type="cond" truecount="1" falsecount="0"/>
        <line num="102" count="847" type="stmt"/>
        <line num="103" count="847" type="cond" truecount="1" falsecount="0"/>
        <line num="104" count="847" type="stmt"/>
        <line num="105" count="77" type="stmt"/>
        <line num="106" count="77" type="stmt"/>
        <line num="107" count="77" type="stmt"/>
        <line num="109" count="77" type="stmt"/>
        <line num="110" count="77" type="stmt"/>
        <line num="111" count="77" type="stmt"/>
        <line num="112" count="77" type="stmt"/>
        <line num="113" count="77" type="stmt"/>
        <line num="114" count="77" type="stmt"/>
        <line num="115" count="77" type="cond" truecount="1" falsecount="1"/>
        <line num="116" count="77" type="stmt"/>
        <line num="117" count="77" type="stmt"/>
        <line num="118" count="77" type="stmt"/>
        <line num="120" count="77" type="stmt"/>
        <line num="121" count="77" type="stmt"/>
        <line num="122" count="77" type="stmt"/>
        <line num="123" count="77" type="stmt"/>
        <line num="124" count="77" type="stmt"/>
        <line num="125" count="77" type="cond" truecount="1" falsecount="0"/>
        <line num="126" count="77" type="stmt"/>
        <line num="127" count="77" type="stmt"/>
        <line num="128" count="77" type="stmt"/>
        <line num="129" count="77" type="stmt"/>
        <line num="130" count="77" type="stmt"/>
        <line num="132" count="77" type="stmt"/>
        <line num="133" count="77" type="stmt"/>
        <line num="134" count="77" type="stmt"/>
        <line num="135" count="77" type="stmt"/>
        <line num="136" count="77" type="stmt"/>
        <line num="137" count="77" type="stmt"/>
        <line num="138" count="77" type="stmt"/>
        <line num="139" count="77" type="stmt"/>
        <line num="140" count="77" type="stmt"/>
        <line num="141" count="77" type="stmt"/>
        <line num="142" count="77" type="stmt"/>
        <line num="144" count="77" type="stmt"/>
        <line num="145" count="77" type="stmt"/>
        <line num="146" count="77" type="stmt"/>
        <line num="147" count="77" type="stmt"/>
        <line num="148" count="77" type="stmt"/>
        <line num="149" count="77" type="stmt"/>
        <line num="150" count="77" type="stmt"/>
        <line num="151" count="77" type="stmt"/>
        <line num="152" count="77" type="stmt"/>
        <line num="153" count="77" type="stmt"/>
        <line num="154" count="77" type="stmt"/>
        <line num="156" count="77" type="stmt"/>
        <line num="157" count="77" type="stmt"/>
        <line num="158" count="77" type="stmt"/>
        <line num="159" count="77" type="stmt"/>
        <line num="160" count="77" type="stmt"/>
        <line num="161" count="77" type="stmt"/>
        <line num="162" count="77" type="stmt"/>
        <line num="163" count="77" type="stmt"/>
        <line num="164" count="77" type="stmt"/>
        <line num="165" count="77" type="stmt"/>
        <line num="166" count="77" type="stmt"/>
        <line num="168" count="77" type="stmt"/>
        <line num="169" count="77" type="stmt"/>
        <line num="170" count="77" type="cond" truecount="1" falsecount="0"/>
        <line num="171" count="77" type="stmt"/>
        <line num="172" count="77" type="stmt"/>
        <line num="174" count="77" type="stmt"/>
        <line num="175" count="77" type="stmt"/>
        <line num="176" count="77" type="stmt"/>
        <line num="177" count="12" type="stmt"/>
        <line num="178" count="12" type="stmt"/>
        <line num="179" count="12" type="stmt"/>
        <line num="181" count="12" type="stmt"/>
        <line num="182" count="12" type="stmt"/>
        <line num="184" count="12" type="stmt"/>
        <line num="185" count="12" type="stmt"/>
        <line num="187" count="12" type="stmt"/>
        <line num="188" count="12" type="stmt"/>
        <line num="189" count="12" type="stmt"/>
        <line num="191" count="12" type="stmt"/>
        <line num="192" count="12" type="stmt"/>
        <line num="193" count="12" type="stmt"/>
        <line num="194" count="12" type="stmt"/>
        <line num="195" count="12" type="stmt"/>
        <line num="196" count="12" type="stmt"/>
        <line num="197" count="12" type="stmt"/>
        <line num="198" count="12" type="stmt"/>
        <line num="199" count="12" type="stmt"/>
        <line num="201" count="12" type="stmt"/>
      </file>
      <file name="Tiering.tsx" path="/Users/tim/Code/Personal/NFLDrafter/frontend/src/components/Tiering.tsx">
        <metrics statements="190" coveredstatements="189" conditionals="36" coveredconditionals="36" methods="6" coveredmethods="5"/>
        <line num="1" count="1" type="stmt"/>
        <line num="2" count="1" type="stmt"/>
        <line num="20" count="1" type="cond" truecount="1" falsecount="0"/>
        <line num="21" count="44" type="stmt"/>
        <line num="22" count="44" type="stmt"/>
        <line num="23" count="44" type="stmt"/>
        <line num="24" count="44" type="stmt"/>
        <line num="25" count="44" type="stmt"/>
        <line num="26" count="44" type="stmt"/>
        <line num="27" count="44" type="stmt"/>
        <line num="29" count="44" type="cond" truecount="1" falsecount="0"/>
        <line num="30" count="33" type="cond" truecount="2" falsecount="0"/>
        <line num="32" count="31" type="cond" truecount="1" falsecount="0"/>
        <line num="33" count="31" type="stmt"/>
        <line num="34" count="31" type="stmt"/>
        <line num="35" count="31" type="stmt"/>
        <line num="37" count="31" type="cond" truecount="1" falsecount="0"/>
        <line num="38" count="178" type="cond" truecount="1" falsecount="0"/>
        <line num="39" count="31" type="stmt"/>
        <line num="40" count="178" type="cond" truecount="1" falsecount="0"/>
        <line num="41" count="147" type="stmt"/>
        <line num="42" count="147" type="cond" truecount="1" falsecount="0"/>
        <line num="43" count="103" type="stmt"/>
        <line num="44" count="103" type="stmt"/>
        <line num="45" count="103" type="stmt"/>
        <line num="46" count="147" type="cond" truecount="1" falsecount="0"/>
        <line num="47" count="103" type="stmt"/>
        <line num="48" count="103" type="stmt"/>
        <line num="49" count="147" type="stmt"/>
        <line num="50" count="147" type="stmt"/>
        <line num="51" count="31" type="stmt"/>
        <line num="53" count="31" type="stmt"/>
        <line num="54" count="31" type="cond" truecount="1" falsecount="0"/>
        <line num="55" count="134" type="stmt"/>
        <line num="56" count="134" type="cond" truecount="1" falsecount="0"/>
        <line num="57" count="178" type="stmt"/>
        <line num="58" count="134" type="stmt"/>
        <line num="59" count="31" type="stmt"/>
        <line num="61" count="31" type="stmt"/>
        <line num="62" count="44" type="stmt"/>
        <line num="64" count="44" type="cond" truecount="1" falsecount="0"/>
        <line num="65" count="33" type="stmt"/>
        <line num="66" count="33" type="cond" truecount="1" falsecount="0"/>
        <line num="67" count="178" type="cond" truecount="1" falsecount="0"/>
        <line num="68" count="134" type="stmt"/>
        <line num="69" count="134" type="stmt"/>
        <line num="70" count="178" type="stmt"/>
        <line num="71" count="33" type="stmt"/>
        <line num="72" count="33" type="stmt"/>
        <line num="73" count="44" type="stmt"/>
        <line num="75" count="44" type="cond" truecount="1" falsecount="0"/>
        <line num="76" count="186" type="stmt"/>
        <line num="77" count="186" type="stmt"/>
        <line num="78" count="186" type="stmt"/>
        <line num="79" count="186" type="stmt"/>
        <line num="80" count="186" type="stmt"/>
        <line num="81" count="186" type="stmt"/>
        <line num="82" count="186" type="stmt"/>
        <line num="83" count="186" type="stmt"/>
        <line num="84" count="186" type="stmt"/>
        <line num="85" count="186" type="stmt"/>
        <line num="87" count="44" type="cond" truecount="1" falsecount="0"/>
        <line num="88" count="11" type="cond" truecount="1" falsecount="0"/>
        <line num="89" count="11" type="stmt"/>
        <line num="90" count="11" type="cond" truecount="1" falsecount="0"/>
        <line num="91" count="1" type="stmt"/>
        <line num="92" count="11" type="cond" truecount="1" falsecount="0"/>
        <line num="93" count="10" type="stmt"/>
        <line num="94" count="10" type="stmt"/>
        <line num="95" count="11" type="stmt"/>
        <line num="96" count="11" type="stmt"/>
        <line num="97" count="44" type="stmt"/>
        <line num="99" count="44" type="stmt"/>
        <line num="100" count="0" type="stmt"/>
        <line num="101" count="44" type="stmt"/>
        <line num="103" count="44" type="cond" truecount="1" falsecount="0"/>
        <line num="104" count="2" type="stmt"/>
        <line num="105" count="2" type="stmt"/>
        <line num="106" count="2" type="stmt"/>
        <line num="107" count="44" type="stmt"/>
        <line num="109" count="44" type="cond" truecount="1" falsecount="0"/>
        <line num="110" count="2" type="stmt"/>
        <line num="111" count="2" type="stmt"/>
        <line num="113" count="2" type="stmt"/>
        <line num="115" count="2" type="cond" truecount="1" falsecount="0"/>
        <line num="117" count="42" type="stmt"/>
        <line num="118" count="42" type="stmt"/>
        <line num="119" count="42" type="stmt"/>
        <line num="120" count="42" type="stmt"/>
        <line num="121" count="42" type="stmt"/>
        <line num="122" count="42" type="stmt"/>
        <line num="123" count="42" type="stmt"/>
        <line num="124" count="42" type="stmt"/>
        <line num="125" count="42" type="stmt"/>
        <line num="127" count="42" type="cond" truecount="1" falsecount="0"/>
        <line num="128" count="41" type="stmt"/>
        <line num="129" count="41" type="stmt"/>
        <line num="131" count="41" type="stmt"/>
        <line num="132" count="41" type="stmt"/>
        <line num="133" count="41" type="stmt"/>
        <line num="134" count="41" type="stmt"/>
        <line num="135" count="41" type="stmt"/>
        <line num="136" count="41" type="stmt"/>
        <line num="137" count="41" type="stmt"/>
        <line num="138" count="41" type="stmt"/>
        <line num="139" count="41" type="stmt"/>
        <line num="140" count="41" type="stmt"/>
        <line num="141" count="41" type="stmt"/>
        <line num="142" count="41" type="stmt"/>
        <line num="143" count="41" type="stmt"/>
        <line num="144" count="41" type="stmt"/>
        <line num="146" count="44" type="stmt"/>
        <line num="148" count="44" type="stmt"/>
        <line num="149" count="44" type="stmt"/>
[...]
        <line num="219" count="1" type="stmt"/>
        <line num="220" count="1" type="stmt"/>
        <line num="221" count="1" type="stmt"/>
        <line num="223" count="35" type="stmt"/>
        <line num="227" count="38" type="cond" truecount="1" falsecount="0"/>
        <line num="228" count="35" type="stmt"/>
        <line num="229" count="35" type="stmt"/>
        <line num="230" count="35" type="stmt"/>
        <line num="231" count="35" type="stmt"/>
        <line num="232" count="35" type="stmt"/>
        <line num="233" count="35" type="stmt"/>
        <line num="234" count="35" type="stmt"/>
        <line num="235" count="35" type="stmt"/>
        <line num="236" count="35" type="stmt"/>
        <line num="237" count="35" type="cond" truecount="1" falsecount="0"/>
        <line num="238" count="35" type="stmt"/>
        <line num="239" count="35" type="stmt"/>
        <line num="240" count="35" type="stmt"/>
        <line num="241" count="35" type="stmt"/>
        <line num="242" count="35" type="stmt"/>
        <line num="243" count="35" type="cond" truecount="0" falsecount="1"/>
        <line num="244" count="35" type="stmt"/>
        <line num="245" count="35" type="stmt"/>
        <line num="246" count="35" type="stmt"/>
        <line num="247" count="35" type="stmt"/>
        <line num="248" count="35" type="stmt"/>
        <line num="249" count="35" type="stmt"/>
        <line num="250" count="35" type="cond" truecount="1" falsecount="1"/>
        <line num="251" count="0" type="stmt"/>
        <line num="253" count="35" type="stmt"/>
        <line num="254" count="35" type="stmt"/>
        <line num="255" count="35" type="stmt"/>
        <line num="256" count="35" type="stmt"/>
        <line num="258" count="38" type="stmt"/>
        <line num="260" count="38" type="stmt"/>
      </file>
      <file name="Watchlist.tsx" path="/Users/tim/Code/Personal/NFLDrafter/frontend/src/components/Watchlist.tsx">
        <metrics statements="160" coveredstatements="157" conditionals="39" coveredconditionals="35" methods="7" coveredmethods="7"/>
        <line num="1" count="1" type="stmt"/>
        <line num="2" count="1" type="stmt"/>
        <line num="12" count="1" type="cond" truecount="1" falsecount="0"/>
        <line num="13" count="32" type="stmt"/>
        <line num="14" count="32" type="stmt"/>
        <line num="15" count="32" type="stmt"/>
        <line num="16" count="32" type="stmt"/>
        <line num="17" count="32" type="stmt"/>
        <line num="18" count="32" type="stmt"/>
        <line num="19" count="32" type="stmt"/>
        <line num="22" count="32" type="cond" truecount="1" falsecount="0"/>
        <line num="23" count="32" type="cond" truecount="1" falsecount="0"/>
        <line num="24" count="81" type="stmt"/>
        <line num="25" count="81" type="stmt"/>
        <line num="28" count="81" type="cond" truecount="0" falsecount="1"/>
        <line num="29" count="81" type="cond" truecount="0" falsecount="1"/>
        <line num="32" count="81" type="cond" truecount="1" falsecount="0"/>
        <line num="33" count="10" type="stmt"/>
        <line num="34" count="10" type="stmt"/>
        <line num="35" count="10" type="stmt"/>
        <line num="37" count="81" type="cond" truecount="4" falsecount="0"/>
        <line num="38" count="81" type="cond" truecount="4" falsecount="0"/>
        <line num="39" count="1" type="stmt"/>
        <line num="40" count="32" type="stmt"/>
        <line num="41" count="32" type="stmt"/>
        <line num="44" count="32" type="cond" truecount="1" falsecount="0"/>
        <line num="45" count="5" type="cond" truecount="1" falsecount="0"/>
        <line num="46" count="1" type="cond" truecount="0" falsecount="1"/>
        <line num="47" count="5" type="cond" truecount="1" falsecount="0"/>
        <line num="48" count="4" type="stmt"/>
        <line num="49" count="4" type="stmt"/>
        <line num="50" count="4" type="stmt"/>
        <line num="51" count="32" type="stmt"/>
        <line num="54" count="32" type="cond" truecount="1" falsecount="0"/>
        <line num="55" count="81" type="cond" truecount="2" falsecount="0"/>
        <line num="56" count="80" type="stmt"/>
        <line num="57" count="81" type="stmt"/>
        <line num="60" count="32" type="cond" truecount="1" falsecount="0"/>
        <line num="61" count="81" type="cond" truecount="2" falsecount="0"/>
        <line num="62" count="79" type="cond" truecount="0" falsecount="1"/>
        <line num="63" count="0" type="stmt"/>
        <line num="64" count="0" type="stmt"/>
        <line num="65" count="0" type="stmt"/>
        <line num="66" count="81" type="stmt"/>
        <line num="69" count="32" type="cond" truecount="1" falsecount="0"/>
        <line num="70" count="116" type="stmt"/>
        <line num="71" count="116" type="cond" truecount="1" falsecount="0"/>
        <line num="72" count="116" type="stmt"/>
        <line num="74" count="116" type="stmt"/>
        <line num="75" count="116" type="cond" truecount="1" falsecount="0"/>
        <line num="76" count="29" type="stmt"/>
        <line num="77" count="29" type="cond" truecount="2" falsecount="0"/>
        <line num="78" count="29" type="stmt"/>
        <line num="80" count="116" type="stmt"/>
        <line num="83" count="32" type="cond" truecount="1" falsecount="0"/>
        <line num="84" count="3" type="stmt"/>
        <line num="85" count="3" type="stmt"/>
        <line num="86" count="3" type="stmt"/>
        <line num="87" count="3" type="stmt"/>
        <line num="88" count="3" type="stmt"/>
        <line num="89" count="3" type="stmt"/>
        <line num="90" count="3" type="stmt"/>
        <line num="91" count="3" type="stmt"/>
        <line num="92" count="3" type="stmt"/>
        <line num="93" count="3" type="stmt"/>
        <line num="94" count="3" type="stmt"/>
        <line num="95" count="3" type="stmt"/>
        <line num="96" count="3" type="stmt"/>
        <line num="98" count="3" type="stmt"/>
        <line num="99" count="3" type="stmt"/>
        <line num="100" count="3" type="stmt"/>
        <line num="101" count="3" type="stmt"/>
        <line num="102" count="3" type="stmt"/>
        <line num="103" count="3" type="stmt"/>
        <line num="104" count="3" type="stmt"/>
        <line num="105" count="3" type="stmt"/>
        <line num="106" count="3" type="stmt"/>
        <line num="108" count="3" type="cond" truecount="1" falsecount="0"/>
        <line num="110" count="29" type="stmt"/>
        <line num="111" count="29" type="stmt"/>
        <line num="113" count="29" type="stmt"/>
        <line num="114" count="29" type="stmt"/>
        <line num="115" count="29" type="stmt"/>
        <line num="116" count="29" type="stmt"/>
        <line num="117" count="32" type="cond" truecount="2" falsecount="0"/>
        <line num="118" count="32" type="cond" truecount="1" falsecount="0"/>
        <line num="119" count="32" type="stmt"/>
        <line num="120" count="32" type="stmt"/>
        <line num="121" count="32" type="stmt"/>
        <line num="122" count="32" type="stmt"/>
        <line num="123" count="32" type="stmt"/>
        <line num="124" count="32" type="stmt"/>
        <line num="127" count="32" type="stmt"/>
        <line num="128" count="32" type="stmt"/>
        <line num="129" count="32" type="stmt"/>
        <line num="130" count="32" type="stmt"/>
        <line num="131" count="32" type="stmt"/>
        <line num="132" count="32" type="stmt"/>
        <line num="133" count="32" type="stmt"/>
        <line num="134" count="32" type="stmt"/>
        <line num="135" count="32" type="stmt"/>
        <line num="136" count="32" type="stmt"/>
        <line num="137" count="32" type="stmt"/>
        <line num="139" count="32" type="stmt"/>
        <line num="140" count="32" type="stmt"/>
        <line num="141" count="32" type="stmt"/>
        <line num="142" count="32" type="stmt"/>
        <line num="143" count="32" type="stmt"/>
        <line num="144" count="32" type="stmt"/>
        <line num="145" count="32" type="stmt"/>
        <line num="146" count="32" type="stmt"/>
        <line num="148" count="32" type="stmt"/>
        <line num="149" count="32" type="stmt"/>
        <line num="150" count="32" type="stmt"/>
        <line num="151" count="32" type="stmt"/>
        <line num="152" count="32" type="cond" truecount="1" falsecount="0"/>
        <line num="153" count="81" type="stmt"/>
        <line num="154" count="81" type="stmt"/>
        <line num="155" count="81" type="stmt"/>
        <line num="156" count="81" type="cond" truecount="1" falsecount="0"/>
        <line num="159" count="81" type="stmt"/>
        <line num="160" count="81" type="stmt"/>
        <line num="161" count="81" type="stmt"/>
        <line num="162" count="81" type="stmt"/>
        <line num="163" count="81" type="stmt"/>
        <line num="164" count="81" type="stmt"/>
        <line num="165" count="81" type="stmt"/>
        <line num="166" count="81" type="stmt"/>
        <line num="169" count="81" type="stmt"/>
        <line num="170" count="81" type="stmt"/>
        <line num="171" count="81" type="stmt"/>
        <line num="172" count="81" type="stmt"/>
        <line num="173" count="81" type="stmt"/>
        <line num="176" count="81" type="stmt"/>
        <line num="177" count="81" type="stmt"/>
        <line num="178" count="81" type="stmt"/>
        <line num="181" count="81" type="stmt"/>
        <line num="182" count="81" type="stmt"/>
        <line num="183" count="81" type="stmt"/>
        <line num="186" count="81" type="stmt"/>
        <line num="187" count="81" type="cond" truecount="1" falsecount="0"/>
        <line num="188" count="81" type="stmt"/>
        <line num="191" count="81" type="stmt"/>
        <line num="192" count="81" type="stmt"/>
        <line num="193" count="81" type="cond" truecount="1" falsecount="0"/>
        <line num="194" count="2" type="stmt"/>
        <line num="195" count="2" type="stmt"/>
        <line num="196" count="2" type="stmt"/>
        <line num="197" count="81" type="stmt"/>
        <line num="198" count="81" type="stmt"/>
        <line num="200" count="81" type="stmt"/>
        <line num="201" count="81" type="stmt"/>
        <line num="202" count="81" type="stmt"/>
        <line num="203" count="81" type="stmt"/>
        <line num="204" count="32" type="stmt"/>
        <line num="205" count="32" type="stmt"/>
        <line num="206" count="32" type="stmt"/>
        <line num="207" count="32" type="stmt"/>
        <line num="208" count="32" type="stmt"/>
        <line num="210" count="32" type="stmt"/>
      </file>
    </package>
    <package name="frontend.src.hooks">
      <metrics statements="39" coveredstatements="39" conditionals="9" coveredconditionals="9" methods="6" coveredmethods="6"/>
      <file name="usePoints.ts" path="/Users/tim/Code/Personal/NFLDrafter/frontend/src/hooks/usePoints.ts">
        <metrics statements="39" coveredstatements="39" conditionals="9" coveredconditionals="9" methods="6" coveredmethods="6"/>
        <line num="1" count="1" type="stmt"/>
        <line num="2" count="1" type="stmt"/>
        <line num="4" count="1" type="cond" truecount="1" falsecount="0"/>
        <line num="5" count="4" type="stmt"/>
        <line num="6" count="4" type="stmt"/>
        <line num="7" count="4" type="stmt"/>
        <line num="8" count="4" type="stmt"/>
        <line num="9" count="4" type="stmt"/>
        <line num="10" count="4" type="stmt"/>
        <line num="11" count="4" type="stmt"/>
        <line num="12" count="4" type="stmt"/>
        <line num="13" count="4" type="cond" truecount="1" falsecount="0"/>
        <line num="14" count="4" type="cond" truecount="2" falsecount="0"/>
        <line num="15" count="4" type="stmt"/>
        <line num="16" count="4" type="stmt"/>
        <line num="17" count="4" type="stmt"/>
        <line num="18" count="4" type="stmt"/>
        <line num="20" count="1" type="cond" truecount="1" falsecount="0"/>
        <line num="21" count="4" type="stmt"/>
        <line num="22" count="4" type="stmt"/>
        <line num="23" count="4" type="stmt"/>
        <line num="24" count="4" type="stmt"/>
        <line num="25" count="4" type="stmt"/>
        <line num="26" count="4" type="stmt"/>
        <line num="27" count="4" type="stmt"/>
        <line num="28" count="4" type="cond" truecount="1" falsecount="0"/>
        <line num="29" count="4" type="cond" truecount="1" falsecount="0"/>
        <line num="30" count="4" type="stmt"/>
        <line num="31" count="4" type="stmt"/>
        <line num="32" count="4" type="stmt"/>
        <line num="33" count="4" type="stmt"/>
        <line num="35" count="1" type="cond" truecount="1" falsecount="0"/>
        <line num="36" count="4" type="stmt"/>
        <line num="37" count="4" type="stmt"/>
        <line num="38" count="4" type="cond" truecount="1" falsecount="0"/>
        <line num="39" count="4" type="stmt"/>
        <line num="40" count="4" type="stmt"/>
        <line num="41" count="4" type="stmt"/>
        <line num="42" count="4" type="stmt"/>
      </file>
    </package>
    <package name="frontend.src.test">
      <metrics statements="127" coveredstatements="127" conditionals="3" coveredconditionals="3" methods="3" coveredmethods="3"/>
      <file name="mocks.ts" path="/Users/tim/Code/Personal/NFLDrafter/frontend/src/test/mocks.ts">
        <metrics statements="95" coveredstatements="95" conditionals="0" coveredconditionals="0" methods="0" coveredmethods="0"/>
        <line num="1" count="1" type="stmt"/>
        <line num="4" count="1" type="stmt"/>
        <line num="5" count="1" type="stmt"/>
        <line num="6" count="1" type="stmt"/>
        <line num="7" count="1" type="stmt"/>
        <line num="8" count="1" type="stmt"/>
        <line num="9" count="1" type="stmt"/>
        <line num="10" count="1" type="stmt"/>
        <line num="11" count="1" type="stmt"/>
        <line num="12" count="1" type="stmt"/>
        <line num="13" count="1" type="stmt"/>
        <line num="14" count="1" type="stmt"/>
        <line num="15" count="1" type="stmt"/>
        <line num="16" count="1" type="stmt"/>
        <line num="17" count="1" type="stmt"/>
        <line num="18" count="1" type="stmt"/>
        <line num="19" count="1" type="stmt"/>
        <line num="20" count="1" type="stmt"/>
        <line num="21" count="1" type="stmt"/>
        <line num="24" count="1" type="stmt"/>
        <line num="25" count="1" type="stmt"/>
        <line num="26" count="1" type="stmt"/>
        <line num="27" count="1" type="stmt"/>
        <line num="28" count="1" type="stmt"/>
        <line num="29" count="1" type="stmt"/>
        <line num="30" count="1" type="stmt"/>
        <line num="31" count="1" type="stmt"/>
        <line num="32" count="1" type="stmt"/>
        <line num="33" count="1" type="stmt"/>
        <line num="34" count="1" type="stmt"/>
        <line num="35" count="1" type="stmt"/>
        <line num="36" count="1" type="stmt"/>
        <line num="37" count="1" type="stmt"/>
        <line num="38" count="1" type="stmt"/>
        <line num="39" count="1" type="stmt"/>
        <line num="40" count="1" type="stmt"/>
        <line num="41" count="1" type="stmt"/>
        <line num="42" count="1" type="stmt"/>
        <line num="43" count="1" type="stmt"/>
        <line num="44" count="1" type="stmt"/>
        <line num="45" count="1" type="stmt"/>
        <line num="46" count="1" type="stmt"/>
        <line num="47" count="1" type="stmt"/>
        <line num="48" count="1" type="stmt"/>
        <line num="49" count="1" type="stmt"/>
        <line num="52" count="1" type="stmt"/>
        <line num="53" count="1" type="stmt"/>
        <line num="54" count="1" type="stmt"/>
        <line num="55" count="1" type="stmt"/>
        <line num="56" count="1" type="stmt"/>
        <line num="57" count="1" type="stmt"/>
        <line num="58" count="1" type="stmt"/>
        <line num="59" count="1" type="stmt"/>
        <line num="60" count="1" type="stmt"/>
        <line num="61" count="1" type="stmt"/>
        <line num="62" count="1" type="stmt"/>
        <line num="63" count="1" type="stmt"/>
        <line num="64" count="1" type="stmt"/>
        <line num="65" count="1" type="stmt"/>
        <line num="66" count="1" type="stmt"/>
        <line num="67" count="1" type="stmt"/>
        <line num="68" count="1" type="stmt"/>
        <line num="69" count="1" type="stmt"/>
        <line num="70" count="1" type="stmt"/>
        <line num="71" count="1" type="stmt"/>
        <line num="74" count="1" type="stmt"/>
        <line num="75" count="1" type="stmt"/>
        <line num="76" count="1" type="stmt"/>
        <line num="77" count="1" type="stmt"/>
        <line num="78" count="1" type="stmt"/>
        <line num="79" count="1" type="stmt"/>
        <line num="80" count="1" type="stmt"/>
        <line num="81" count="1" type="stmt"/>
        <line num="82" count="1" type="stmt"/>
        <line num="83" count="1" type="stmt"/>
        <line num="84" count="1" type="stmt"/>
        <line num="87" count="1" type="stmt"/>
        <line num="88" count="1" type="stmt"/>
        <line num="89" count="1" type="stmt"/>
        <line num="90" count="1" type="stmt"/>
        <line num="91" count="1" type="stmt"/>
        <line num="92" count="1" type="stmt"/>
        <line num="93" count="1" type="stmt"/>
        <line num="94" count="1" type="stmt"/>
        <line num="95" count="1" type="stmt"/>
        <line num="96" count="1" type="stmt"/>
        <line num="97" count="1" type="stmt"/>
        <line num="98" count="1" type="stmt"/>
        <line num="99" count="1" type="stmt"/>
        <line num="102" count="1" type="stmt"/>
        <line num="103" count="1" type="stmt"/>
        <line num="104" count="1" type="stmt"/>
        <line num="105" count="1" type="stmt"/>
        <line num="106" count="1" type="stmt"/>
        <line num="107" count="1" type="stmt"/>
      </file>
      <file name="test-utils.tsx" path="/Users/tim/Code/Personal/NFLDrafter/frontend/src/test/test-utils.tsx">
        <metrics statements="32" coveredstatements="32" conditionals="3" coveredconditionals="3" methods="3" coveredmethods="3"/>
        <line num="1" count="1" type="stmt"/>
        <line num="2" count="1" type="stmt"/>
        <line num="3" count="1" type="stmt"/>
        <line num="4" count="1" type="stmt"/>
        <line num="7" count="26" type="cond" truecount="1" falsecount="0"/>
        <line num="8" count="26" type="stmt"/>
        <line num="9" count="26" type="stmt"/>
        <line num="10" count="26" type="stmt"/>
        <line num="11" count="26" type="stmt"/>
        <line num="12" count="26" type="stmt"/>
        <line num="13" count="26" type="stmt"/>
        <line num="14" count="26" type="stmt"/>
        <line num="15" count="26" type="stmt"/>
        <line num="16" count="26" type="stmt"/>
        <line num="22" count="26" type="cond" truecount="1" falsecount="0"/>
        <line num="23" count="26" type="stmt"/>
        <line num="24" count="26" type="stmt"/>
        <line num="25" count="26" type="stmt"/>
        <line num="26" count="26" type="cond" truecount="1" falsecount="0"/>
        <line num="27" count="26" type="stmt"/>
        <line num="28" count="26" type="stmt"/>
        <line num="29" count="26" type="stmt"/>
        <line num="30" count="26" type="stmt"/>
        <line num="31" count="26" type="stmt"/>
        <line num="32" count="26" type="stmt"/>
        <line num="34" count="26" type="stmt"/>
        <line num="36" count="26" type="stmt"/>
        <line num="37" count="26" type="stmt"/>
        <line num="38" count="26" type="stmt"/>
        <line num="39" count="26" type="stmt"/>
        <line num="40" count="26" type="stmt"/>
        <line num="43" count="1" type="stmt"/>
      </file>
    </package>
  </project>
</coverage>
