{"/Users/tim/Code/Personal/NFLDrafter/frontend/postcss.config.js": {"path":"/Users/tim/Code/Personal/NFLDrafter/frontend/postcss.config.js","all":true,"statementMap":{"0":{"start":{"line":1,"column":0},"end":{"line":1,"column":16}},"1":{"start":{"line":2,"column":0},"end":{"line":2,"column":12}},"2":{"start":{"line":3,"column":0},"end":{"line":3,"column":31}},"3":{"start":{"line":4,"column":0},"end":{"line":4,"column":21}},"4":{"start":{"line":5,"column":0},"end":{"line":5,"column":4}},"5":{"start":{"line":6,"column":0},"end":{"line":6,"column":1}}},"s":{"0":0,"1":0,"2":0,"3":0,"4":0,"5":0},"branchMap":{"0":{"type":"branch","line":1,"loc":{"start":{"line":1,"column":90},"end":{"line":6,"column":1}},"locations":[{"start":{"line":1,"column":90},"end":{"line":6,"column":1}}]}},"b":{"0":[0]},"fnMap":{"0":{"name":"(empty-report)","decl":{"start":{"line":1,"column":90},"end":{"line":6,"column":1}},"loc":{"start":{"line":1,"column":90},"end":{"line":6,"column":1}},"line":1}},"f":{"0":0}}
,"/Users/tim/Code/Personal/NFLDrafter/frontend/tailwind.config.js": {"path":"/Users/tim/Code/Personal/NFLDrafter/frontend/tailwind.config.js","all":true,"statementMap":{"0":{"start":{"line":1,"column":0},"end":{"line":1,"column":43}},"1":{"start":{"line":2,"column":0},"end":{"line":2,"column":16}},"2":{"start":{"line":3,"column":0},"end":{"line":3,"column":12}},"3":{"start":{"line":4,"column":0},"end":{"line":4,"column":19}},"4":{"start":{"line":5,"column":0},"end":{"line":5,"column":33}},"5":{"start":{"line":6,"column":0},"end":{"line":6,"column":4}},"6":{"start":{"line":7,"column":0},"end":{"line":7,"column":10}},"7":{"start":{"line":8,"column":0},"end":{"line":8,"column":13}},"8":{"start":{"line":9,"column":0},"end":{"line":9,"column":15}},"9":{"start":{"line":10,"column":0},"end":{"line":10,"column":30}},"10":{"start":{"line":11,"column":0},"end":{"line":11,"column":29}},"11":{"start":{"line":12,"column":0},"end":{"line":12,"column":34}},"12":{"start":{"line":13,"column":0},"end":{"line":13,"column":7}},"13":{"start":{"line":14,"column":0},"end":{"line":14,"column":6}},"14":{"start":{"line":15,"column":0},"end":{"line":15,"column":4}},"15":{"start":{"line":16,"column":0},"end":{"line":16,"column":14}},"16":{"start":{"line":17,"column":0},"end":{"line":17,"column":1}}},"s":{"0":0,"1":0,"2":0,"3":0,"4":0,"5":0,"6":0,"7":0,"8":0,"9":0,"10":0,"11":0,"12":0,"13":0,"14":0,"15":0,"16":0},"branchMap":{"0":{"type":"branch","line":1,"loc":{"start":{"line":1,"column":306},"end":{"line":17,"column":1}},"locations":[{"start":{"line":1,"column":306},"end":{"line":17,"column":1}}]}},"b":{"0":[0]},"fnMap":{"0":{"name":"(empty-report)","decl":{"start":{"line":1,"column":306},"end":{"line":17,"column":1}},"loc":{"start":{"line":1,"column":306},"end":{"line":17,"column":1}},"line":1}},"f":{"0":0}}
,"/Users/tim/Code/Personal/NFLDrafter/frontend/src/App.tsx": {"path":"/Users/tim/Code/Personal/NFLDrafter/frontend/src/App.tsx","all":true,"statementMap":{"0":{"start":{"line":1,"column":0},"end":{"line":1,"column":72}},"1":{"start":{"line":2,"column":0},"end":{"line":2,"column":73}},"2":{"start":{"line":3,"column":0},"end":{"line":3,"column":18}},"3":{"start":{"line":4,"column":0},"end":{"line":4,"column":60}},"4":{"start":{"line":5,"column":0},"end":{"line":5,"column":60}},"5":{"start":{"line":6,"column":0},"end":{"line":6,"column":50}},"6":{"start":{"line":7,"column":0},"end":{"line":7,"column":52}},"9":{"start":{"line":10,"column":0},"end":{"line":10,"column":37}},"10":{"start":{"line":11,"column":0},"end":{"line":11,"column":19}},"11":{"start":{"line":12,"column":0},"end":{"line":12,"column":14}},"12":{"start":{"line":13,"column":0},"end":{"line":13,"column":15}},"13":{"start":{"line":14,"column":0},"end":{"line":14,"column":34}},"14":{"start":{"line":15,"column":0},"end":{"line":15,"column":6}},"15":{"start":{"line":16,"column":0},"end":{"line":16,"column":4}},"16":{"start":{"line":17,"column":0},"end":{"line":17,"column":2}},"18":{"start":{"line":19,"column":0},"end":{"line":19,"column":16}},"19":{"start":{"line":20,"column":0},"end":{"line":20,"column":10}},"20":{"start":{"line":21,"column":0},"end":{"line":21,"column":46}},"21":{"start":{"line":22,"column":0},"end":{"line":22,"column":14}},"22":{"start":{"line":23,"column":0},"end":{"line":23,"column":49}},"23":{"start":{"line":24,"column":0},"end":{"line":24,"column":24}},"24":{"start":{"line":25,"column":0},"end":{"line":25,"column":56}},"25":{"start":{"line":26,"column":0},"end":{"line":26,"column":20}},"26":{"start":{"line":27,"column":0},"end":{"line":27,"column":61}},"27":{"start":{"line":28,"column":0},"end":{"line":28,"column":69}},"28":{"start":{"line":29,"column":0},"end":{"line":29,"column":61}},"29":{"start":{"line":30,"column":0},"end":{"line":30,"column":21}},"30":{"start":{"line":31,"column":0},"end":{"line":31,"column":17}},"31":{"start":{"line":32,"column":0},"end":{"line":32,"column":14}},"32":{"start":{"line":33,"column":0},"end":{"line":33,"column":15}},"33":{"start":{"line":34,"column":0},"end":{"line":34,"column":26}},"35":{"start":{"line":36,"column":0},"end":{"line":36,"column":1}},"37":{"start":{"line":38,"column":0},"end":{"line":38,"column":18}}},"s":{"0":0,"1":0,"2":0,"3":0,"4":0,"5":0,"6":0,"9":0,"10":0,"11":0,"12":0,"13":0,"14":0,"15":0,"16":0,"18":0,"19":0,"20":0,"21":0,"22":0,"23":0,"24":0,"25":0,"26":0,"27":0,"28":0,"29":0,"30":0,"31":0,"32":0,"33":0,"35":0,"37":0},"branchMap":{"0":{"type":"branch","line":1,"loc":{"start":{"line":1,"column":1112},"end":{"line":38,"column":18}},"locations":[{"start":{"line":1,"column":1112},"end":{"line":38,"column":18}}]}},"b":{"0":[0]},"fnMap":{"0":{"name":"(empty-report)","decl":{"start":{"line":1,"column":1112},"end":{"line":38,"column":18}},"loc":{"start":{"line":1,"column":1112},"end":{"line":38,"column":18}},"line":1}},"f":{"0":0}}
,"/Users/tim/Code/Personal/NFLDrafter/frontend/src/api.ts": {"path":"/Users/tim/Code/Personal/NFLDrafter/frontend/src/api.ts","all":true,"statementMap":{"0":{"start":{"line":1,"column":0},"end":{"line":1,"column":26}},"3":{"start":{"line":4,"column":0},"end":{"line":4,"column":33}},"4":{"start":{"line":5,"column":0},"end":{"line":5,"column":35}},"5":{"start":{"line":6,"column":0},"end":{"line":6,"column":12}},"6":{"start":{"line":7,"column":0},"end":{"line":7,"column":39}},"7":{"start":{"line":8,"column":0},"end":{"line":8,"column":4}},"8":{"start":{"line":9,"column":0},"end":{"line":9,"column":3}},"11":{"start":{"line":12,"column":0},"end":{"line":12,"column":26}},"13":{"start":{"line":14,"column":0},"end":{"line":14,"column":28}},"14":{"start":{"line":15,"column":0},"end":{"line":15,"column":34}},"15":{"start":{"line":16,"column":0},"end":{"line":16,"column":32}},"18":{"start":{"line":19,"column":0},"end":{"line":19,"column":20}},"19":{"start":{"line":20,"column":0},"end":{"line":20,"column":11}},"43":{"start":{"line":44,"column":0},"end":{"line":44,"column":27}},"45":{"start":{"line":46,"column":0},"end":{"line":46,"column":18}},"46":{"start":{"line":47,"column":0},"end":{"line":47,"column":21}},"47":{"start":{"line":48,"column":0},"end":{"line":48,"column":19}},"48":{"start":{"line":49,"column":0},"end":{"line":49,"column":17}},"49":{"start":{"line":50,"column":0},"end":{"line":50,"column":21}},"50":{"start":{"line":51,"column":0},"end":{"line":51,"column":30}},"51":{"start":{"line":52,"column":0},"end":{"line":52,"column":54}},"52":{"start":{"line":53,"column":0},"end":{"line":53,"column":74}},"53":{"start":{"line":54,"column":0},"end":{"line":54,"column":7}},"54":{"start":{"line":55,"column":0},"end":{"line":55,"column":25}},"55":{"start":{"line":56,"column":0},"end":{"line":56,"column":4}},"58":{"start":{"line":59,"column":0},"end":{"line":59,"column":23}},"59":{"start":{"line":60,"column":0},"end":{"line":60,"column":21}},"60":{"start":{"line":61,"column":0},"end":{"line":61,"column":19}},"61":{"start":{"line":62,"column":0},"end":{"line":62,"column":16}},"62":{"start":{"line":63,"column":0},"end":{"line":63,"column":27}},"63":{"start":{"line":64,"column":0},"end":{"line":64,"column":82}},"64":{"start":{"line":65,"column":0},"end":{"line":65,"column":30}},"65":{"start":{"line":66,"column":0},"end":{"line":66,"column":7}},"66":{"start":{"line":67,"column":0},"end":{"line":67,"column":25}},"67":{"start":{"line":68,"column":0},"end":{"line":68,"column":4}},"70":{"start":{"line":71,"column":0},"end":{"line":71,"column":64}},"71":{"start":{"line":72,"column":0},"end":{"line":72,"column":55}},"72":{"start":{"line":73,"column":0},"end":{"line":73,"column":25}},"73":{"start":{"line":74,"column":0},"end":{"line":74,"column":4}},"74":{"start":{"line":75,"column":0},"end":{"line":75,"column":2}},"77":{"start":{"line":78,"column":0},"end":{"line":78,"column":26}},"78":{"start":{"line":79,"column":0},"end":{"line":79,"column":63}},"79":{"start":{"line":80,"column":0},"end":{"line":80,"column":53}},"80":{"start":{"line":81,"column":0},"end":{"line":81,"column":25}},"81":{"start":{"line":82,"column":0},"end":{"line":82,"column":4}},"82":{"start":{"line":83,"column":0},"end":{"line":83,"column":2}}},"s":{"0":0,"3":0,"4":0,"5":0,"6":0,"7":0,"8":0,"11":0,"13":0,"14":0,"15":0,"18":0,"19":0,"43":0,"45":0,"46":0,"47":0,"48":0,"49":0,"50":0,"51":0,"52":0,"53":0,"54":0,"55":0,"58":0,"59":0,"60":0,"61":0,"62":0,"63":0,"64":0,"65":0,"66":0,"67":0,"70":0,"71":0,"72":0,"73":0,"74":0,"77":0,"78":0,"79":0,"80":0,"81":0,"82":0},"branchMap":{"0":{"type":"branch","line":1,"loc":{"start":{"line":1,"column":1875},"end":{"line":83,"column":2}},"locations":[{"start":{"line":1,"column":1875},"end":{"line":83,"column":2}}]}},"b":{"0":[0]},"fnMap":{"0":{"name":"(empty-report)","decl":{"start":{"line":1,"column":1875},"end":{"line":83,"column":2}},"loc":{"start":{"line":1,"column":1875},"end":{"line":83,"column":2}},"line":1}},"f":{"0":0}}
,"/Users/tim/Code/Personal/NFLDrafter/frontend/src/main.tsx": {"path":"/Users/tim/Code/Personal/NFLDrafter/frontend/src/main.tsx","all":true,"statementMap":{"0":{"start":{"line":1,"column":0},"end":{"line":1,"column":34}},"1":{"start":{"line":2,"column":0},"end":{"line":2,"column":45}},"2":{"start":{"line":3,"column":0},"end":{"line":3,"column":20}},"3":{"start":{"line":4,"column":0},"end":{"line":4,"column":27}},"5":{"start":{"line":6,"column":0},"end":{"line":6,"column":52}},"6":{"start":{"line":7,"column":0},"end":{"line":7,"column":14}},"7":{"start":{"line":8,"column":0},"end":{"line":8,"column":11}},"8":{"start":{"line":9,"column":0},"end":{"line":9,"column":16}},"9":{"start":{"line":10,"column":0},"end":{"line":10,"column":1}}},"s":{"0":0,"1":0,"2":0,"3":0,"5":0,"6":0,"7":0,"8":0,"9":0},"branchMap":{"0":{"type":"branch","line":1,"loc":{"start":{"line":1,"column":203},"end":{"line":10,"column":-148}},"locations":[{"start":{"line":1,"column":203},"end":{"line":10,"column":-148}}]}},"b":{"0":[0]},"fnMap":{"0":{"name":"(empty-report)","decl":{"start":{"line":1,"column":203},"end":{"line":10,"column":-148}},"loc":{"start":{"line":1,"column":203},"end":{"line":10,"column":-148}},"line":1}},"f":{"0":0}}
,"/Users/tim/Code/Personal/NFLDrafter/frontend/src/components/DraftRoom.tsx": {"path":"/Users/tim/Code/Personal/NFLDrafter/frontend/src/components/DraftRoom.tsx","all":false,"statementMap":{"0":{"start":{"line":1,"column":0},"end":{"line":1,"column":63}},"1":{"start":{"line":2,"column":0},"end":{"line":2,"column":79}},"39":{"start":{"line":40,"column":0},"end":{"line":40,"column":41}},"40":{"start":{"line":41,"column":0},"end":{"line":41,"column":45}},"41":{"start":{"line":42,"column":0},"end":{"line":42,"column":45}},"42":{"start":{"line":43,"column":0},"end":{"line":43,"column":45}},"43":{"start":{"line":44,"column":0},"end":{"line":44,"column":45}},"44":{"start":{"line":45,"column":0},"end":{"line":45,"column":47}},"45":{"start":{"line":46,"column":0},"end":{"line":46,"column":44}},"46":{"start":{"line":47,"column":0},"end":{"line":47,"column":46}},"47":{"start":{"line":48,"column":0},"end":{"line":48,"column":45}},"48":{"start":{"line":49,"column":0},"end":{"line":49,"column":1}},"50":{"start":{"line":51,"column":0},"end":{"line":51,"column":53}},"51":{"start":{"line":52,"column":0},"end":{"line":52,"column":18}},"52":{"start":{"line":53,"column":0},"end":{"line":53,"column":19}},"53":{"start":{"line":54,"column":0},"end":{"line":54,"column":15}},"54":{"start":{"line":55,"column":0},"end":{"line":55,"column":7}},"55":{"start":{"line":56,"column":0},"end":{"line":56,"column":53}},"56":{"start":{"line":57,"column":0},"end":{"line":57,"column":67}},"57":{"start":{"line":58,"column":0},"end":{"line":58,"column":81}},"58":{"start":{"line":59,"column":0},"end":{"line":59,"column":73}},"59":{"start":{"line":60,"column":0},"end":{"line":60,"column":73}},"60":{"start":{"line":61,"column":0},"end":{"line":61,"column":75}},"63":{"start":{"line":64,"column":0},"end":{"line":64,"column":19}},"64":{"start":{"line":65,"column":0},"end":{"line":65,"column":40}},"65":{"start":{"line":66,"column":0},"end":{"line":66,"column":56}},"66":{"start":{"line":67,"column":0},"end":{"line":67,"column":54}},"67":{"start":{"line":68,"column":0},"end":{"line":68,"column":39}},"68":{"start":{"line":69,"column":0},"end":{"line":69,"column":65}},"69":{"start":{"line":70,"column":0},"end":{"line":70,"column":41}},"71":{"start":{"line":72,"column":0},"end":{"line":72,"column":27}},"72":{"start":{"line":73,"column":0},"end":{"line":73,"column":16}},"73":{"start":{"line":74,"column":0},"end":{"line":74,"column":48}},"74":{"start":{"line":75,"column":0},"end":{"line":75,"column":15}},"75":{"start":{"line":76,"column":0},"end":{"line":76,"column":10}},"76":{"start":{"line":77,"column":0},"end":{"line":77,"column":7}},"77":{"start":{"line":78,"column":0},"end":{"line":78,"column":5}},"78":{"start":{"line":79,"column":0},"end":{"line":79,"column":26}},"79":{"start":{"line":80,"column":0},"end":{"line":80,"column":31}},"82":{"start":{"line":83,"column":0},"end":{"line":83,"column":19}},"83":{"start":{"line":84,"column":0},"end":{"line":84,"column":54}},"85":{"start":{"line":86,"column":0},"end":{"line":86,"column":100}},"86":{"start":{"line":87,"column":0},"end":{"line":87,"column":14}},"87":{"start":{"line":88,"column":0},"end":{"line":88,"column":7}},"89":{"start":{"line":90,"column":0},"end":{"line":90,"column":40}},"90":{"start":{"line":91,"column":0},"end":{"line":91,"column":17}},"91":{"start":{"line":92,"column":0},"end":{"line":92,"column":32}},"93":{"start":{"line":94,"column":0},"end":{"line":94,"column":60}},"94":{"start":{"line":95,"column":0},"end":{"line":95,"column":15}},"95":{"start":{"line":96,"column":0},"end":{"line":96,"column":17}},"96":{"start":{"line":97,"column":0},"end":{"line":97,"column":32}},"98":{"start":{"line":99,"column":0},"end":{"line":99,"column":65}},"99":{"start":{"line":100,"column":0},"end":{"line":100,"column":15}},"100":{"start":{"line":101,"column":0},"end":{"line":101,"column":17}},"101":{"start":{"line":102,"column":0},"end":{"line":102,"column":32}},"103":{"start":{"line":104,"column":0},"end":{"line":104,"column":56}},"104":{"start":{"line":105,"column":0},"end":{"line":105,"column":15}},"105":{"start":{"line":106,"column":0},"end":{"line":106,"column":17}},"106":{"start":{"line":107,"column":0},"end":{"line":107,"column":17}},"107":{"start":{"line":108,"column":0},"end":{"line":108,"column":17}},"108":{"start":{"line":109,"column":0},"end":{"line":109,"column":17}},"109":{"start":{"line":110,"column":0},"end":{"line":110,"column":17}},"110":{"start":{"line":111,"column":0},"end":{"line":111,"column":17}},"111":{"start":{"line":112,"column":0},"end":{"line":112,"column":32}},"112":{"start":{"line":113,"column":0},"end":{"line":113,"column":71}},"113":{"start":{"line":114,"column":0},"end":{"line":114,"column":55}},"114":{"start":{"line":115,"column":0},"end":{"line":115,"column":41}},"115":{"start":{"line":116,"column":0},"end":{"line":116,"column":57}},"116":{"start":{"line":117,"column":0},"end":{"line":117,"column":11}},"117":{"start":{"line":118,"column":0},"end":{"line":118,"column":15}},"118":{"start":{"line":119,"column":0},"end":{"line":119,"column":7}},"119":{"start":{"line":120,"column":0},"end":{"line":120,"column":5}},"121":{"start":{"line":122,"column":0},"end":{"line":122,"column":56}},"122":{"start":{"line":123,"column":0},"end":{"line":123,"column":72}},"123":{"start":{"line":124,"column":0},"end":{"line":124,"column":8}},"125":{"start":{"line":126,"column":0},"end":{"line":126,"column":67}},"126":{"start":{"line":127,"column":0},"end":{"line":127,"column":26}},"127":{"start":{"line":128,"column":0},"end":{"line":128,"column":47}},"128":{"start":{"line":129,"column":0},"end":{"line":129,"column":43}},"129":{"start":{"line":130,"column":0},"end":{"line":130,"column":7}},"130":{"start":{"line":131,"column":0},"end":{"line":131,"column":58}},"131":{"start":{"line":132,"column":0},"end":{"line":132,"column":6}},"132":{"start":{"line":133,"column":0},"end":{"line":133,"column":8}},"134":{"start":{"line":135,"column":0},"end":{"line":135,"column":65}},"135":{"start":{"line":136,"column":0},"end":{"line":136,"column":61}},"136":{"start":{"line":137,"column":0},"end":{"line":137,"column":8}},"138":{"start":{"line":139,"column":0},"end":{"line":139,"column":55}},"139":{"start":{"line":140,"column":0},"end":{"line":140,"column":43}},"140":{"start":{"line":141,"column":0},"end":{"line":141,"column":16}},"142":{"start":{"line":143,"column":0},"end":{"line":143,"column":10}},"143":{"start":{"line":144,"column":0},"end":{"line":144,"column":46}},"145":{"start":{"line":146,"column":0},"end":{"line":146,"column":142}},"146":{"start":{"line":147,"column":0},"end":{"line":147,"column":88}},"147":{"start":{"line":148,"column":0},"end":{"line":148,"column":37}},"148":{"start":{"line":149,"column":0},"end":{"line":149,"column":80}},"150":{"start":{"line":151,"column":0},"end":{"line":151,"column":17}},"151":{"start":{"line":152,"column":0},"end":{"line":152,"column":74}},"152":{"start":{"line":153,"column":0},"end":{"line":153,"column":53}},"153":{"start":{"line":154,"column":0},"end":{"line":154,"column":93}},"155":{"start":{"line":156,"column":0},"end":{"line":156,"column":37}},"156":{"start":{"line":157,"column":0},"end":{"line":157,"column":54}},"158":{"start":{"line":159,"column":0},"end":{"line":159,"column":53}},"160":{"start":{"line":161,"column":0},"end":{"line":161,"column":19}},"161":{"start":{"line":162,"column":0},"end":{"line":162,"column":14}},"163":{"start":{"line":164,"column":0},"end":{"line":164,"column":35}},"164":{"start":{"line":165,"column":0},"end":{"line":165,"column":52}},"165":{"start":{"line":166,"column":0},"end":{"line":166,"column":39}},"166":{"start":{"line":167,"column":0},"end":{"line":167,"column":71}},"167":{"start":{"line":168,"column":0},"end":{"line":168,"column":69}},"168":{"start":{"line":169,"column":0},"end":{"line":169,"column":106}},"169":{"start":{"line":170,"column":0},"end":{"line":170,"column":36}},"170":{"start":{"line":171,"column":0},"end":{"line":171,"column":24}},"171":{"start":{"line":172,"column":0},"end":{"line":172,"column":73}},"172":{"start":{"line":173,"column":0},"end":{"line":173,"column":62}},"173":{"start":{"line":174,"column":0},"end":{"line":174,"column":87}},"174":{"start":{"line":175,"column":0},"end":{"line":175,"column":78}},"175":{"start":{"line":176,"column":0},"end":{"line":176,"column":71}},"176":{"start":{"line":177,"column":0},"end":{"line":177,"column":58}},"178":{"start":{"line":179,"column":0},"end":{"line":179,"column":28}},"179":{"start":{"line":180,"column":0},"end":{"line":180,"column":26}},"180":{"start":{"line":181,"column":0},"end":{"line":181,"column":39}},"181":{"start":{"line":182,"column":0},"end":{"line":182,"column":36}},"183":{"start":{"line":184,"column":0},"end":{"line":184,"column":97}},"184":{"start":{"line":185,"column":0},"end":{"line":185,"column":79}},"186":{"start":{"line":187,"column":0},"end":{"line":187,"column":98}},"188":{"start":{"line":189,"column":0},"end":{"line":189,"column":41}},"189":{"start":{"line":190,"column":0},"end":{"line":190,"column":65}},"190":{"start":{"line":191,"column":0},"end":{"line":191,"column":46}},"191":{"start":{"line":192,"column":0},"end":{"line":192,"column":33}},"193":{"start":{"line":194,"column":0},"end":{"line":194,"column":66}},"195":{"start":{"line":196,"column":0},"end":{"line":196,"column":28}},"197":{"start":{"line":198,"column":0},"end":{"line":198,"column":21}},"198":{"start":{"line":199,"column":0},"end":{"line":199,"column":22}},"199":{"start":{"line":200,"column":0},"end":{"line":200,"column":17}},"200":{"start":{"line":201,"column":0},"end":{"line":201,"column":18}},"201":{"start":{"line":202,"column":0},"end":{"line":202,"column":16}},"203":{"start":{"line":204,"column":0},"end":{"line":204,"column":12}},"206":{"start":{"line":207,"column":0},"end":{"line":207,"column":53}},"207":{"start":{"line":208,"column":0},"end":{"line":208,"column":54}},"208":{"start":{"line":209,"column":0},"end":{"line":209,"column":61}},"209":{"start":{"line":210,"column":0},"end":{"line":210,"column":81}},"210":{"start":{"line":211,"column":0},"end":{"line":211,"column":57}},"212":{"start":{"line":213,"column":0},"end":{"line":213,"column":46}},"213":{"start":{"line":214,"column":0},"end":{"line":214,"column":87}},"214":{"start":{"line":215,"column":0},"end":{"line":215,"column":25}},"215":{"start":{"line":216,"column":0},"end":{"line":216,"column":34}},"216":{"start":{"line":217,"column":0},"end":{"line":217,"column":65}},"217":{"start":{"line":218,"column":0},"end":{"line":218,"column":32}},"219":{"start":{"line":220,"column":0},"end":{"line":220,"column":53}},"220":{"start":{"line":221,"column":0},"end":{"line":221,"column":76}},"221":{"start":{"line":222,"column":0},"end":{"line":222,"column":71}},"222":{"start":{"line":223,"column":0},"end":{"line":223,"column":23}},"224":{"start":{"line":225,"column":0},"end":{"line":225,"column":66}},"226":{"start":{"line":227,"column":0},"end":{"line":227,"column":30}},"227":{"start":{"line":228,"column":0},"end":{"line":228,"column":27}},"228":{"start":{"line":229,"column":0},"end":{"line":229,"column":19}},"229":{"start":{"line":230,"column":0},"end":{"line":230,"column":20}},"232":{"start":{"line":233,"column":0},"end":{"line":233,"column":40}},"233":{"start":{"line":234,"column":0},"end":{"line":234,"column":22}},"234":{"start":{"line":235,"column":0},"end":{"line":235,"column":29}},"235":{"start":{"line":236,"column":0},"end":{"line":236,"column":53}},"236":{"start":{"line":237,"column":0},"end":{"line":237,"column":155}},"237":{"start":{"line":238,"column":0},"end":{"line":238,"column":18}},"238":{"start":{"line":239,"column":0},"end":{"line":239,"column":20}},"239":{"start":{"line":240,"column":0},"end":{"line":240,"column":18}},"240":{"start":{"line":241,"column":0},"end":{"line":241,"column":16}},"241":{"start":{"line":242,"column":0},"end":{"line":242,"column":14}},"243":{"start":{"line":244,"column":0},"end":{"line":244,"column":46}},"244":{"start":{"line":245,"column":0},"end":{"line":245,"column":31}},"245":{"start":{"line":246,"column":0},"end":{"line":246,"column":60}},"247":{"start":{"line":248,"column":0},"end":{"line":248,"column":20}},"248":{"start":{"line":249,"column":0},"end":{"line":249,"column":40}},"249":{"start":{"line":250,"column":0},"end":{"line":250,"column":47}},"250":{"start":{"line":251,"column":0},"end":{"line":251,"column":21}},"251":{"start":{"line":252,"column":0},"end":{"line":252,"column":18}},"252":{"start":{"line":253,"column":0},"end":{"line":253,"column":16}},"253":{"start":{"line":254,"column":0},"end":{"line":254,"column":14}},"254":{"start":{"line":255,"column":0},"end":{"line":255,"column":12}},"257":{"start":{"line":258,"column":0},"end":{"line":258,"column":143}},"258":{"start":{"line":259,"column":0},"end":{"line":259,"column":88}},"259":{"start":{"line":260,"column":0},"end":{"line":260,"column":17}},"260":{"start":{"line":261,"column":0},"end":{"line":261,"column":76}},"261":{"start":{"line":262,"column":0},"end":{"line":262,"column":53}},"262":{"start":{"line":263,"column":0},"end":{"line":263,"column":96}},"264":{"start":{"line":265,"column":0},"end":{"line":265,"column":38}},"265":{"start":{"line":266,"column":0},"end":{"line":266,"column":53}},"267":{"start":{"line":268,"column":0},"end":{"line":268,"column":54}},"269":{"start":{"line":270,"column":0},"end":{"line":270,"column":19}},"270":{"start":{"line":271,"column":0},"end":{"line":271,"column":38}},"271":{"start":{"line":272,"column":0},"end":{"line":272,"column":76}},"273":{"start":{"line":274,"column":0},"end":{"line":274,"column":14}},"275":{"start":{"line":276,"column":0},"end":{"line":276,"column":36}},"276":{"start":{"line":277,"column":0},"end":{"line":277,"column":48}},"278":{"start":{"line":279,"column":0},"end":{"line":279,"column":58}},"279":{"start":{"line":280,"column":0},"end":{"line":280,"column":80}},"280":{"start":{"line":281,"column":0},"end":{"line":281,"column":41}},"281":{"start":{"line":282,"column":0},"end":{"line":282,"column":44}},"282":{"start":{"line":283,"column":0},"end":{"line":283,"column":97}},"283":{"start":{"line":284,"column":0},"end":{"line":284,"column":72}},"284":{"start":{"line":285,"column":0},"end":{"line":285,"column":38}},"286":{"start":{"line":287,"column":0},"end":{"line":287,"column":52}},"287":{"start":{"line":288,"column":0},"end":{"line":288,"column":55}},"288":{"start":{"line":289,"column":0},"end":{"line":289,"column":53}},"289":{"start":{"line":290,"column":0},"end":{"line":290,"column":23}},"291":{"start":{"line":292,"column":0},"end":{"line":292,"column":51}},"292":{"start":{"line":293,"column":0},"end":{"line":293,"column":27}},"293":{"start":{"line":294,"column":0},"end":{"line":294,"column":24}},"294":{"start":{"line":295,"column":0},"end":{"line":295,"column":19}},"295":{"start":{"line":296,"column":0},"end":{"line":296,"column":20}},"296":{"start":{"line":297,"column":0},"end":{"line":297,"column":18}},"299":{"start":{"line":300,"column":0},"end":{"line":300,"column":33}},"300":{"start":{"line":301,"column":0},"end":{"line":301,"column":70}},"301":{"start":{"line":302,"column":0},"end":{"line":302,"column":80}},"302":{"start":{"line":303,"column":0},"end":{"line":303,"column":66}},"303":{"start":{"line":304,"column":0},"end":{"line":304,"column":20}},"305":{"start":{"line":306,"column":0},"end":{"line":306,"column":41}},"306":{"start":{"line":307,"column":0},"end":{"line":307,"column":72}},"308":{"start":{"line":309,"column":0},"end":{"line":309,"column":24}},"309":{"start":{"line":310,"column":0},"end":{"line":310,"column":75}},"310":{"start":{"line":311,"column":0},"end":{"line":311,"column":22}},"312":{"start":{"line":313,"column":0},"end":{"line":313,"column":43}},"313":{"start":{"line":314,"column":0},"end":{"line":314,"column":46}},"314":{"start":{"line":315,"column":0},"end":{"line":315,"column":24}},"315":{"start":{"line":316,"column":0},"end":{"line":316,"column":37}},"316":{"start":{"line":317,"column":0},"end":{"line":317,"column":98}},"318":{"start":{"line":319,"column":0},"end":{"line":319,"column":27}},"319":{"start":{"line":320,"column":0},"end":{"line":320,"column":72}},"320":{"start":{"line":321,"column":0},"end":{"line":321,"column":63}},"321":{"start":{"line":322,"column":0},"end":{"line":322,"column":59}},"322":{"start":{"line":323,"column":0},"end":{"line":323,"column":30}},"323":{"start":{"line":324,"column":0},"end":{"line":324,"column":28}},"324":{"start":{"line":325,"column":0},"end":{"line":325,"column":29}},"325":{"start":{"line":326,"column":0},"end":{"line":326,"column":70}},"326":{"start":{"line":327,"column":0},"end":{"line":327,"column":75}},"327":{"start":{"line":328,"column":0},"end":{"line":328,"column":57}},"328":{"start":{"line":329,"column":0},"end":{"line":329,"column":23}},"330":{"start":{"line":331,"column":0},"end":{"line":331,"column":31}},"331":{"start":{"line":332,"column":0},"end":{"line":332,"column":26}},"332":{"start":{"line":333,"column":0},"end":{"line":333,"column":21}},"333":{"start":{"line":334,"column":0},"end":{"line":334,"column":22}},"335":{"start":{"line":336,"column":0},"end":{"line":336,"column":18}},"336":{"start":{"line":337,"column":0},"end":{"line":337,"column":16}},"338":{"start":{"line":339,"column":0},"end":{"line":339,"column":12}},"339":{"start":{"line":340,"column":0},"end":{"line":340,"column":10}},"341":{"start":{"line":342,"column":0},"end":{"line":342,"column":1}}},"s":{"0":1,"1":1,"39":1,"40":1,"41":1,"42":1,"43":1,"44":1,"45":1,"46":1,"47":1,"48":1,"50":1,"51":153,"52":153,"53":153,"54":153,"55":153,"56":153,"57":153,"58":153,"59":153,"60":153,"63":153,"64":63,"65":63,"66":989,"67":11854,"68":11854,"69":11854,"71":11854,"72":11854,"73":11854,"74":11854,"75":11854,"76":11854,"77":989,"78":63,"79":153,"82":153,"83":63,"85":7,"86":1,"87":1,"89":6,"90":7,"91":2,"93":2,"94":2,"95":7,"96":1,"98":1,"99":1,"100":7,"101":1,"103":1,"104":1,"105":7,"106":7,"107":7,"108":7,"109":7,"110":7,"111":2,"112":2,"113":2,"114":2,"115":2,"116":2,"117":2,"118":7,"119":7,"121":63,"122":63,"123":153,"125":153,"126":0,"127":0,"128":0,"129":0,"130":0,"131":0,"132":153,"134":153,"135":0,"136":153,"138":153,"139":0,"140":153,"142":153,"143":153,"145":153,"146":153,"147":153,"148":145,"150":153,"151":153,"152":153,"153":153,"155":153,"156":8,"158":145,"160":153,"161":153,"163":153,"164":145,"165":145,"166":145,"167":2282,"168":2282,"169":2282,"170":2282,"171":2282,"172":27356,"173":27356,"174":27356,"175":27356,"176":27356,"178":27356,"179":27356,"180":27356,"181":27356,"183":27356,"184":27356,"186":27356,"188":27356,"189":0,"190":0,"191":0,"193":27356,"195":27356,"197":2282,"198":2282,"199":145,"200":145,"201":145,"203":153,"206":153,"207":153,"208":153,"209":153,"210":153,"212":153,"213":153,"214":1071,"215":1071,"216":1071,"217":1071,"219":1071,"220":153,"221":918,"222":1071,"224":1071,"226":1071,"227":1071,"228":153,"229":153,"232":153,"233":153,"234":153,"235":153,"236":153,"237":153,"238":153,"239":153,"240":153,"241":153,"243":153,"244":153,"245":153,"247":153,"248":153,"249":153,"250":153,"251":153,"252":153,"253":153,"254":153,"257":153,"258":153,"259":153,"260":153,"261":153,"262":153,"264":153,"265":6,"267":147,"269":153,"270":153,"271":147,"273":153,"275":153,"276":147,"278":147,"279":147,"280":147,"281":147,"282":1176,"283":1176,"284":1176,"286":1176,"287":0,"288":1176,"289":1176,"291":1176,"292":1176,"293":1176,"294":147,"295":147,"296":147,"299":147,"300":147,"301":147,"302":147,"303":147,"305":147,"306":147,"308":147,"309":147,"310":147,"312":0,"313":0,"314":0,"315":0,"316":0,"318":0,"319":0,"320":0,"321":0,"322":0,"323":0,"324":0,"325":0,"326":0,"327":0,"328":0,"330":0,"331":0,"332":0,"333":0,"335":147,"336":147,"338":153,"339":153,"341":153},"branchMap":{"0":{"type":"branch","line":51,"loc":{"start":{"line":51,"column":51},"end":{"line":342,"column":1}},"locations":[{"start":{"line":51,"column":51},"end":{"line":342,"column":1}}]},"1":{"type":"branch","line":146,"loc":{"start":{"line":146,"column":53},"end":{"line":146,"column":84}},"locations":[{"start":{"line":146,"column":53},"end":{"line":146,"column":84}}]},"2":{"type":"branch","line":146,"loc":{"start":{"line":146,"column":76},"end":{"line":146,"column":90}},"locations":[{"start":{"line":146,"column":76},"end":{"line":146,"column":90}}]},"3":{"type":"branch","line":148,"loc":{"start":{"line":148,"column":12},"end":{"line":149,"column":80}},"locations":[{"start":{"line":148,"column":12},"end":{"line":149,"column":80}}]},"4":{"type":"branch","line":154,"loc":{"start":{"line":154,"column":24},"end":{"line":154,"column":70}},"locations":[{"start":{"line":154,"column":24},"end":{"line":154,"column":70}}]},"5":{"type":"branch","line":154,"loc":{"start":{"line":154,"column":47},"end":{"line":154,"column":93}},"locations":[{"start":{"line":154,"column":47},"end":{"line":154,"column":93}}]},"6":{"type":"branch","line":156,"loc":{"start":{"line":156,"column":13},"end":{"line":157,"column":54}},"locations":[{"start":{"line":156,"column":13},"end":{"line":157,"column":54}}]},"7":{"type":"branch","line":157,"loc":{"start":{"line":157,"column":52},"end":{"line":159,"column":53}},"locations":[{"start":{"line":157,"column":52},"end":{"line":159,"column":53}}]},"8":{"type":"branch","line":164,"loc":{"start":{"line":164,"column":10},"end":{"line":202,"column":16}},"locations":[{"start":{"line":164,"column":10},"end":{"line":202,"column":16}}]},"9":{"type":"branch","line":258,"loc":{"start":{"line":258,"column":53},"end":{"line":258,"column":85}},"locations":[{"start":{"line":258,"column":53},"end":{"line":258,"column":85}}]},"10":{"type":"branch","line":258,"loc":{"start":{"line":258,"column":77},"end":{"line":258,"column":91}},"locations":[{"start":{"line":258,"column":77},"end":{"line":258,"column":91}}]},"11":{"type":"branch","line":263,"loc":{"start":{"line":263,"column":24},"end":{"line":263,"column":72}},"locations":[{"start":{"line":263,"column":24},"end":{"line":263,"column":72}}]},"12":{"type":"branch","line":263,"loc":{"start":{"line":263,"column":48},"end":{"line":263,"column":96}},"locations":[{"start":{"line":263,"column":48},"end":{"line":263,"column":96}}]},"13":{"type":"branch","line":265,"loc":{"start":{"line":265,"column":13},"end":{"line":266,"column":53}},"locations":[{"start":{"line":265,"column":13},"end":{"line":266,"column":53}}]},"14":{"type":"branch","line":266,"loc":{"start":{"line":266,"column":51},"end":{"line":268,"column":54}},"locations":[{"start":{"line":266,"column":51},"end":{"line":268,"column":54}}]},"15":{"type":"branch","line":271,"loc":{"start":{"line":271,"column":12},"end":{"line":272,"column":76}},"locations":[{"start":{"line":271,"column":12},"end":{"line":272,"column":76}}]},"16":{"type":"branch","line":276,"loc":{"start":{"line":276,"column":10},"end":{"line":337,"column":16}},"locations":[{"start":{"line":276,"column":10},"end":{"line":337,"column":16}}]},"17":{"type":"branch","line":311,"loc":{"start":{"line":311,"column":16},"end":{"line":334,"column":22}},"locations":[{"start":{"line":311,"column":16},"end":{"line":334,"column":22}}]},"18":{"type":"branch","line":64,"loc":{"start":{"line":64,"column":12},"end":{"line":80,"column":5}},"locations":[{"start":{"line":64,"column":12},"end":{"line":80,"column":5}}]},"19":{"type":"branch","line":66,"loc":{"start":{"line":66,"column":55},"end":{"line":78,"column":5}},"locations":[{"start":{"line":66,"column":55},"end":{"line":78,"column":5}}]},"20":{"type":"branch","line":67,"loc":{"start":{"line":67,"column":53},"end":{"line":77,"column":7}},"locations":[{"start":{"line":67,"column":53},"end":{"line":77,"column":7}}]},"21":{"type":"branch","line":69,"loc":{"start":{"line":69,"column":27},"end":{"line":69,"column":61}},"locations":[{"start":{"line":69,"column":27},"end":{"line":69,"column":61}}]},"22":{"type":"branch","line":69,"loc":{"start":{"line":69,"column":57},"end":{"line":69,"column":65}},"locations":[{"start":{"line":69,"column":57},"end":{"line":69,"column":65}}]},"23":{"type":"branch","line":83,"loc":{"start":{"line":83,"column":12},"end":{"line":124,"column":5}},"locations":[{"start":{"line":83,"column":12},"end":{"line":124,"column":5}}]},"24":{"type":"branch","line":84,"loc":{"start":{"line":84,"column":27},"end":{"line":120,"column":5}},"locations":[{"start":{"line":84,"column":27},"end":{"line":120,"column":5}}]},"25":{"type":"branch","line":86,"loc":{"start":{"line":86,"column":34},"end":{"line":86,"column":99}},"locations":[{"start":{"line":86,"column":34},"end":{"line":86,"column":99}}]},"26":{"type":"branch","line":86,"loc":{"start":{"line":86,"column":99},"end":{"line":88,"column":7}},"locations":[{"start":{"line":86,"column":99},"end":{"line":88,"column":7}}]},"27":{"type":"branch","line":88,"loc":{"start":{"line":88,"column":6},"end":{"line":90,"column":40}},"locations":[{"start":{"line":88,"column":6},"end":{"line":90,"column":40}}]},"28":{"type":"branch","line":91,"loc":{"start":{"line":91,"column":8},"end":{"line":95,"column":15}},"locations":[{"start":{"line":91,"column":8},"end":{"line":95,"column":15}}]},"29":{"type":"branch","line":96,"loc":{"start":{"line":96,"column":8},"end":{"line":100,"column":15}},"locations":[{"start":{"line":96,"column":8},"end":{"line":100,"column":15}}]},"30":{"type":"branch","line":101,"loc":{"start":{"line":101,"column":8},"end":{"line":105,"column":15}},"locations":[{"start":{"line":101,"column":8},"end":{"line":105,"column":15}}]},"31":{"type":"branch","line":106,"loc":{"start":{"line":106,"column":8},"end":{"line":106,"column":17}},"locations":[{"start":{"line":106,"column":8},"end":{"line":106,"column":17}}]},"32":{"type":"branch","line":107,"loc":{"start":{"line":107,"column":8},"end":{"line":107,"column":17}},"locations":[{"start":{"line":107,"column":8},"end":{"line":107,"column":17}}]},"33":{"type":"branch","line":108,"loc":{"start":{"line":108,"column":8},"end":{"line":108,"column":17}},"locations":[{"start":{"line":108,"column":8},"end":{"line":108,"column":17}}]},"34":{"type":"branch","line":109,"loc":{"start":{"line":109,"column":8},"end":{"line":109,"column":17}},"locations":[{"start":{"line":109,"column":8},"end":{"line":109,"column":17}}]},"35":{"type":"branch","line":110,"loc":{"start":{"line":110,"column":8},"end":{"line":110,"column":17}},"locations":[{"start":{"line":110,"column":8},"end":{"line":110,"column":17}}]},"36":{"type":"branch","line":111,"loc":{"start":{"line":111,"column":8},"end":{"line":118,"column":15}},"locations":[{"start":{"line":111,"column":8},"end":{"line":118,"column":15}}]},"37":{"type":"branch","line":119,"loc":{"start":{"line":119,"column":6},"end":{"line":119,"column":7}},"locations":[{"start":{"line":119,"column":6},"end":{"line":119,"column":7}}]},"38":{"type":"branch","line":123,"loc":{"start":{"line":123,"column":11},"end":{"line":123,"column":72}},"locations":[{"start":{"line":123,"column":11},"end":{"line":123,"column":72}}]},"39":{"type":"branch","line":152,"loc":{"start":{"line":152,"column":21},"end":{"line":152,"column":74}},"locations":[{"start":{"line":152,"column":21},"end":{"line":152,"column":74}}]},"40":{"type":"branch","line":167,"loc":{"start":{"line":167,"column":51},"end":{"line":199,"column":22}},"locations":[{"start":{"line":167,"column":51},"end":{"line":199,"column":22}}]},"41":{"type":"branch","line":172,"loc":{"start":{"line":172,"column":54},"end":{"line":198,"column":19}},"locations":[{"start":{"line":172,"column":54},"end":{"line":198,"column":19}}]},"42":{"type":"branch","line":174,"loc":{"start":{"line":174,"column":39},"end":{"line":174,"column":74}},"locations":[{"start":{"line":174,"column":39},"end":{"line":174,"column":74}}]},"43":{"type":"branch","line":174,"loc":{"start":{"line":174,"column":62},"end":{"line":174,"column":87}},"locations":[{"start":{"line":174,"column":62},"end":{"line":174,"column":87}}]},"44":{"type":"branch","line":184,"loc":{"start":{"line":184,"column":28},"end":{"line":184,"column":68}},"locations":[{"start":{"line":184,"column":28},"end":{"line":184,"column":68}}]},"45":{"type":"branch","line":184,"loc":{"start":{"line":184,"column":37},"end":{"line":184,"column":96}},"locations":[{"start":{"line":184,"column":37},"end":{"line":184,"column":96}}]},"46":{"type":"branch","line":185,"loc":{"start":{"line":185,"column":28},"end":{"line":185,"column":43}},"locations":[{"start":{"line":185,"column":28},"end":{"line":185,"column":43}}]},"47":{"type":"branch","line":185,"loc":{"start":{"line":185,"column":34},"end":{"line":185,"column":76}},"locations":[{"start":{"line":185,"column":34},"end":{"line":185,"column":76}}]},"48":{"type":"branch","line":189,"loc":{"start":{"line":189,"column":25},"end":{"line":189,"column":41}},"locations":[{"start":{"line":189,"column":25},"end":{"line":189,"column":41}}]},"49":{"type":"branch","line":189,"loc":{"start":{"line":189,"column":31},"end":{"line":192,"column":33}},"locations":[{"start":{"line":189,"column":31},"end":{"line":192,"column":33}}]},"50":{"type":"branch","line":176,"loc":{"start":{"line":176,"column":44},"end":{"line":176,"column":70}},"locations":[{"start":{"line":176,"column":44},"end":{"line":176,"column":70}}]},"51":{"type":"branch","line":214,"loc":{"start":{"line":214,"column":65},"end":{"line":228,"column":27}},"locations":[{"start":{"line":214,"column":65},"end":{"line":228,"column":27}}]},"52":{"type":"branch","line":220,"loc":{"start":{"line":220,"column":45},"end":{"line":221,"column":76}},"locations":[{"start":{"line":220,"column":45},"end":{"line":221,"column":76}}]},"53":{"type":"branch","line":221,"loc":{"start":{"line":221,"column":26},"end":{"line":222,"column":71}},"locations":[{"start":{"line":221,"column":26},"end":{"line":222,"column":71}}]},"54":{"type":"branch","line":217,"loc":{"start":{"line":217,"column":29},"end":{"line":217,"column":65}},"locations":[{"start":{"line":217,"column":29},"end":{"line":217,"column":65}}]},"55":{"type":"branch","line":261,"loc":{"start":{"line":261,"column":21},"end":{"line":261,"column":76}},"locations":[{"start":{"line":261,"column":21},"end":{"line":261,"column":76}}]},"56":{"type":"branch","line":282,"loc":{"start":{"line":282,"column":33},"end":{"line":294,"column":24}},"locations":[{"start":{"line":282,"column":33},"end":{"line":294,"column":24}}]},"57":{"type":"branch","line":287,"loc":{"start":{"line":287,"column":44},"end":{"line":288,"column":55}},"locations":[{"start":{"line":287,"column":44},"end":{"line":288,"column":55}}]}},"b":{"0":[153],"1":[8],"2":[145],"3":[145],"4":[8],"5":[145],"6":[8],"7":[145],"8":[145],"9":[6],"10":[147],"11":[6],"12":[147],"13":[6],"14":[147],"15":[147],"16":[147],"17":[0],"18":[63],"19":[989],"20":[11854],"21":[5922],"22":[5932],"23":[63],"24":[7],"25":[6],"26":[1],"27":[6],"28":[2],"29":[1],"30":[1],"31":[0],"32":[1],"33":[2],"34":[2],"35":[2],"36":[2],"37":[6],"38":[63],"39":[9],"40":[2282],"41":[27356],"42":[13668],"43":[13688],"44":[2282],"45":[25074],"46":[15502],"47":[0],"48":[15502],"49":[0],"50":[1504857],"51":[1071],"52":[153],"53":[918],"54":[8],"55":[8],"56":[1176],"57":[0]},"fnMap":{"0":{"name":"DraftRoom","decl":{"start":{"line":51,"column":51},"end":{"line":342,"column":1}},"loc":{"start":{"line":51,"column":51},"end":{"line":342,"column":1}},"line":51},"1":{"name":"handleKeyPress","decl":{"start":{"line":84,"column":27},"end":{"line":120,"column":5}},"loc":{"start":{"line":84,"column":27},"end":{"line":120,"column":5}},"line":84},"2":{"name":"onClick","decl":{"start":{"line":152,"column":21},"end":{"line":152,"column":74}},"loc":{"start":{"line":152,"column":21},"end":{"line":152,"column":74}},"line":152},"3":{"name":"onClick","decl":{"start":{"line":217,"column":29},"end":{"line":217,"column":65}},"loc":{"start":{"line":217,"column":29},"end":{"line":217,"column":65}},"line":217},"4":{"name":"onClick","decl":{"start":{"line":261,"column":21},"end":{"line":261,"column":76}},"loc":{"start":{"line":261,"column":21},"end":{"line":261,"column":76}},"line":261}},"f":{"0":153,"1":7,"2":9,"3":8,"4":8}}
,"/Users/tim/Code/Personal/NFLDrafter/frontend/src/components/Navigation.tsx": {"path":"/Users/tim/Code/Personal/NFLDrafter/frontend/src/components/Navigation.tsx","all":false,"statementMap":{"0":{"start":{"line":1,"column":0},"end":{"line":1,"column":52}},"2":{"start":{"line":3,"column":0},"end":{"line":3,"column":30}},"3":{"start":{"line":4,"column":0},"end":{"line":4,"column":32}},"5":{"start":{"line":6,"column":0},"end":{"line":6,"column":20}},"6":{"start":{"line":7,"column":0},"end":{"line":7,"column":44}},"7":{"start":{"line":8,"column":0},"end":{"line":8,"column":52}},"8":{"start":{"line":9,"column":0},"end":{"line":9,"column":44}},"9":{"start":{"line":10,"column":0},"end":{"line":10,"column":3}},"11":{"start":{"line":12,"column":0},"end":{"line":12,"column":10}},"12":{"start":{"line":13,"column":0},"end":{"line":13,"column":54}},"13":{"start":{"line":14,"column":0},"end":{"line":14,"column":46}},"14":{"start":{"line":15,"column":0},"end":{"line":15,"column":64}},"15":{"start":{"line":16,"column":0},"end":{"line":16,"column":45}},"16":{"start":{"line":17,"column":0},"end":{"line":17,"column":61}},"17":{"start":{"line":18,"column":0},"end":{"line":18,"column":16}},"19":{"start":{"line":20,"column":0},"end":{"line":20,"column":42}},"20":{"start":{"line":21,"column":0},"end":{"line":21,"column":37}},"21":{"start":{"line":22,"column":0},"end":{"line":22,"column":19}},"22":{"start":{"line":23,"column":0},"end":{"line":23,"column":31}},"23":{"start":{"line":24,"column":0},"end":{"line":24,"column":30}},"24":{"start":{"line":25,"column":0},"end":{"line":25,"column":89}},"25":{"start":{"line":26,"column":0},"end":{"line":26,"column":49}},"26":{"start":{"line":27,"column":0},"end":{"line":27,"column":53}},"27":{"start":{"line":28,"column":0},"end":{"line":28,"column":68}},"28":{"start":{"line":29,"column":0},"end":{"line":29,"column":19}},"30":{"start":{"line":31,"column":0},"end":{"line":31,"column":28}},"31":{"start":{"line":32,"column":0},"end":{"line":32,"column":21}},"32":{"start":{"line":33,"column":0},"end":{"line":33,"column":15}},"33":{"start":{"line":34,"column":0},"end":{"line":34,"column":16}},"34":{"start":{"line":35,"column":0},"end":{"line":35,"column":14}},"35":{"start":{"line":36,"column":0},"end":{"line":36,"column":12}},"36":{"start":{"line":37,"column":0},"end":{"line":37,"column":10}},"38":{"start":{"line":39,"column":0},"end":{"line":39,"column":1}}},"s":{"0":1,"2":1,"3":6,"5":6,"6":6,"7":6,"8":6,"9":6,"11":6,"12":6,"13":6,"14":6,"15":6,"16":6,"17":6,"19":6,"20":6,"21":18,"22":18,"23":18,"24":18,"25":18,"26":6,"27":12,"28":18,"30":18,"31":18,"32":6,"33":6,"34":6,"35":6,"36":6,"38":6},"branchMap":{"0":{"type":"branch","line":3,"loc":{"start":{"line":3,"column":7},"end":{"line":39,"column":1}},"locations":[{"start":{"line":3,"column":7},"end":{"line":39,"column":1}}]},"1":{"type":"branch","line":21,"loc":{"start":{"line":21,"column":26},"end":{"line":32,"column":21}},"locations":[{"start":{"line":21,"column":26},"end":{"line":32,"column":21}}]},"2":{"type":"branch","line":26,"loc":{"start":{"line":26,"column":45},"end":{"line":27,"column":53}},"locations":[{"start":{"line":26,"column":45},"end":{"line":27,"column":53}}]},"3":{"type":"branch","line":27,"loc":{"start":{"line":27,"column":22},"end":{"line":28,"column":68}},"locations":[{"start":{"line":27,"column":22},"end":{"line":28,"column":68}}]}},"b":{"0":[6],"1":[18],"2":[6],"3":[12]},"fnMap":{"0":{"name":"Navigation","decl":{"start":{"line":3,"column":7},"end":{"line":39,"column":1}},"loc":{"start":{"line":3,"column":7},"end":{"line":39,"column":1}},"line":3}},"f":{"0":6}}
,"/Users/tim/Code/Personal/NFLDrafter/frontend/src/components/PlayerBoard.tsx": {"path":"/Users/tim/Code/Personal/NFLDrafter/frontend/src/components/PlayerBoard.tsx","all":false,"statementMap":{"0":{"start":{"line":1,"column":0},"end":{"line":1,"column":80}},"1":{"start":{"line":2,"column":0},"end":{"line":2,"column":76}},"34":{"start":{"line":35,"column":0},"end":{"line":35,"column":53}},"35":{"start":{"line":36,"column":0},"end":{"line":36,"column":57}},"36":{"start":{"line":37,"column":0},"end":{"line":37,"column":59}},"38":{"start":{"line":39,"column":0},"end":{"line":39,"column":57}},"39":{"start":{"line":40,"column":0},"end":{"line":40,"column":10}},"40":{"start":{"line":41,"column":0},"end":{"line":41,"column":19}},"41":{"start":{"line":42,"column":0},"end":{"line":42,"column":14}},"42":{"start":{"line":43,"column":0},"end":{"line":43,"column":17}},"43":{"start":{"line":44,"column":0},"end":{"line":44,"column":19}},"44":{"start":{"line":45,"column":0},"end":{"line":45,"column":24}},"45":{"start":{"line":46,"column":0},"end":{"line":46,"column":12}},"46":{"start":{"line":47,"column":0},"end":{"line":47,"column":17}},"47":{"start":{"line":48,"column":0},"end":{"line":48,"column":7}},"48":{"start":{"line":49,"column":0},"end":{"line":49,"column":72}},"49":{"start":{"line":50,"column":0},"end":{"line":50,"column":75}},"50":{"start":{"line":51,"column":0},"end":{"line":51,"column":75}},"51":{"start":{"line":52,"column":0},"end":{"line":52,"column":69}},"52":{"start":{"line":53,"column":0},"end":{"line":53,"column":55}},"54":{"start":{"line":55,"column":0},"end":{"line":55,"column":47}},"55":{"start":{"line":56,"column":0},"end":{"line":56,"column":58}},"58":{"start":{"line":59,"column":0},"end":{"line":59,"column":50}},"59":{"start":{"line":60,"column":0},"end":{"line":60,"column":45}},"61":{"start":{"line":62,"column":0},"end":{"line":62,"column":79}},"62":{"start":{"line":63,"column":0},"end":{"line":63,"column":20}},"63":{"start":{"line":64,"column":0},"end":{"line":64,"column":7}},"66":{"start":{"line":67,"column":0},"end":{"line":67,"column":24}},"67":{"start":{"line":68,"column":0},"end":{"line":68,"column":47}},"68":{"start":{"line":69,"column":0},"end":{"line":69,"column":16}},"69":{"start":{"line":70,"column":0},"end":{"line":70,"column":54}},"70":{"start":{"line":71,"column":0},"end":{"line":71,"column":54}},"71":{"start":{"line":72,"column":0},"end":{"line":72,"column":55}},"73":{"start":{"line":74,"column":0},"end":{"line":74,"column":7}},"75":{"start":{"line":76,"column":0},"end":{"line":76,"column":17}},"76":{"start":{"line":77,"column":0},"end":{"line":77,"column":6}},"79":{"start":{"line":80,"column":0},"end":{"line":80,"column":29}},"80":{"start":{"line":81,"column":0},"end":{"line":81,"column":36}},"81":{"start":{"line":82,"column":0},"end":{"line":82,"column":36}},"84":{"start":{"line":85,"column":0},"end":{"line":85,"column":87}},"85":{"start":{"line":86,"column":0},"end":{"line":86,"column":87}},"88":{"start":{"line":89,"column":0},"end":{"line":89,"column":39}},"89":{"start":{"line":90,"column":0},"end":{"line":90,"column":37}},"90":{"start":{"line":91,"column":0},"end":{"line":91,"column":37}},"91":{"start":{"line":92,"column":0},"end":{"line":92,"column":7}},"93":{"start":{"line":94,"column":0},"end":{"line":94,"column":66}},"94":{"start":{"line":95,"column":0},"end":{"line":95,"column":66}},"95":{"start":{"line":96,"column":0},"end":{"line":96,"column":14}},"96":{"start":{"line":97,"column":0},"end":{"line":97,"column":6}},"98":{"start":{"line":99,"column":0},"end":{"line":99,"column":19}},"99":{"start":{"line":100,"column":0},"end":{"line":100,"column":72}},"102":{"start":{"line":103,"column":0},"end":{"line":103,"column":37}},"103":{"start":{"line":104,"column":0},"end":{"line":104,"column":64}},"104":{"start":{"line":105,"column":0},"end":{"line":105,"column":87}},"105":{"start":{"line":106,"column":0},"end":{"line":106,"column":9}},"106":{"start":{"line":107,"column":0},"end":{"line":107,"column":48}},"108":{"start":{"line":109,"column":0},"end":{"line":109,"column":55}},"109":{"start":{"line":110,"column":0},"end":{"line":110,"column":87}},"110":{"start":{"line":111,"column":0},"end":{"line":111,"column":77}},"113":{"start":{"line":114,"column":0},"end":{"line":114,"column":56}},"114":{"start":{"line":115,"column":0},"end":{"line":115,"column":30}},"115":{"start":{"line":116,"column":0},"end":{"line":116,"column":64}},"116":{"start":{"line":117,"column":0},"end":{"line":117,"column":12}},"117":{"start":{"line":118,"column":0},"end":{"line":118,"column":25}},"118":{"start":{"line":119,"column":0},"end":{"line":119,"column":30}},"119":{"start":{"line":120,"column":0},"end":{"line":120,"column":5}},"120":{"start":{"line":121,"column":0},"end":{"line":121,"column":32}},"123":{"start":{"line":124,"column":0},"end":{"line":124,"column":67}},"124":{"start":{"line":125,"column":0},"end":{"line":125,"column":68}},"125":{"start":{"line":126,"column":0},"end":{"line":126,"column":22}},"128":{"start":{"line":129,"column":0},"end":{"line":129,"column":78}},"129":{"start":{"line":130,"column":0},"end":{"line":130,"column":47}},"130":{"start":{"line":131,"column":0},"end":{"line":131,"column":8}},"133":{"start":{"line":134,"column":0},"end":{"line":134,"column":19}},"134":{"start":{"line":135,"column":0},"end":{"line":135,"column":53}},"135":{"start":{"line":136,"column":0},"end":{"line":136,"column":50}},"137":{"start":{"line":138,"column":0},"end":{"line":138,"column":26}},"138":{"start":{"line":139,"column":0},"end":{"line":139,"column":25}},"139":{"start":{"line":140,"column":0},"end":{"line":140,"column":32}},"140":{"start":{"line":141,"column":0},"end":{"line":141,"column":38}},"141":{"start":{"line":142,"column":0},"end":{"line":142,"column":67}},"142":{"start":{"line":143,"column":0},"end":{"line":143,"column":11}},"143":{"start":{"line":144,"column":0},"end":{"line":144,"column":15}},"144":{"start":{"line":145,"column":0},"end":{"line":145,"column":23}},"145":{"start":{"line":146,"column":0},"end":{"line":146,"column":32}},"146":{"start":{"line":147,"column":0},"end":{"line":147,"column":60}},"147":{"start":{"line":148,"column":0},"end":{"line":148,"column":15}},"148":{"start":{"line":149,"column":0},"end":{"line":149,"column":21}},"149":{"start":{"line":150,"column":0},"end":{"line":150,"column":32}},"150":{"start":{"line":151,"column":0},"end":{"line":151,"column":59}},"151":{"start":{"line":152,"column":0},"end":{"line":152,"column":70}},"152":{"start":{"line":153,"column":0},"end":{"line":153,"column":11}},"153":{"start":{"line":154,"column":0},"end":{"line":154,"column":15}},"154":{"start":{"line":155,"column":0},"end":{"line":155,"column":17}},"155":{"start":{"line":156,"column":0},"end":{"line":156,"column":17}},"156":{"start":{"line":157,"column":0},"end":{"line":157,"column":32}},"157":{"start":{"line":158,"column":0},"end":{"line":158,"column":59}},"158":{"start":{"line":159,"column":0},"end":{"line":159,"column":69}},"159":{"start":{"line":160,"column":0},"end":{"line":160,"column":49}},"160":{"start":{"line":161,"column":0},"end":{"line":161,"column":38}},"161":{"start":{"line":162,"column":0},"end":{"line":162,"column":13}},"162":{"start":{"line":163,"column":0},"end":{"line":163,"column":11}},"163":{"start":{"line":164,"column":0},"end":{"line":164,"column":15}},"164":{"start":{"line":165,"column":0},"end":{"line":165,"column":17}},"165":{"start":{"line":166,"column":0},"end":{"line":166,"column":17}},"166":{"start":{"line":167,"column":0},"end":{"line":167,"column":32}},"167":{"start":{"line":168,"column":0},"end":{"line":168,"column":59}},"168":{"start":{"line":169,"column":0},"end":{"line":169,"column":69}},"169":{"start":{"line":170,"column":0},"end":{"line":170,"column":48}},"170":{"start":{"line":171,"column":0},"end":{"line":171,"column":46}},"171":{"start":{"line":172,"column":0},"end":{"line":172,"column":13}},"172":{"start":{"line":173,"column":0},"end":{"line":173,"column":11}},"173":{"start":{"line":174,"column":0},"end":{"line":174,"column":15}},"174":{"start":{"line":175,"column":0},"end":{"line":175,"column":22}},"175":{"start":{"line":176,"column":0},"end":{"line":176,"column":33}},"176":{"start":{"line":177,"column":0},"end":{"line":177,"column":15}},"177":{"start":{"line":178,"column":0},"end":{"line":178,"column":7}},"178":{"start":{"line":179,"column":0},"end":{"line":179,"column":5}},"180":{"start":{"line":181,"column":0},"end":{"line":181,"column":53}},"181":{"start":{"line":182,"column":0},"end":{"line":182,"column":69}},"182":{"start":{"line":183,"column":0},"end":{"line":183,"column":118}},"185":{"start":{"line":186,"column":0},"end":{"line":186,"column":19}},"186":{"start":{"line":187,"column":0},"end":{"line":187,"column":53}},"187":{"start":{"line":188,"column":0},"end":{"line":188,"column":50}},"188":{"start":{"line":189,"column":0},"end":{"line":189,"column":59}},"189":{"start":{"line":190,"column":0},"end":{"line":190,"column":50}},"191":{"start":{"line":192,"column":0},"end":{"line":192,"column":71}},"192":{"start":{"line":193,"column":0},"end":{"line":193,"column":65}},"193":{"start":{"line":194,"column":0},"end":{"line":194,"column":7}},"194":{"start":{"line":195,"column":0},"end":{"line":195,"column":5}},"195":{"start":{"line":196,"column":0},"end":{"line":196,"column":24}},"198":{"start":{"line":199,"column":0},"end":{"line":199,"column":45}},"199":{"start":{"line":200,"column":0},"end":{"line":200,"column":40}},"200":{"start":{"line":201,"column":0},"end":{"line":201,"column":28}},"201":{"start":{"line":202,"column":0},"end":{"line":202,"column":3}},"204":{"start":{"line":205,"column":0},"end":{"line":205,"column":43}},"205":{"start":{"line":206,"column":0},"end":{"line":206,"column":39}},"206":{"start":{"line":207,"column":0},"end":{"line":207,"column":38}},"207":{"start":{"line":208,"column":0},"end":{"line":208,"column":39}},"208":{"start":{"line":209,"column":0},"end":{"line":209,"column":3}},"211":{"start":{"line":212,"column":0},"end":{"line":212,"column":43}},"212":{"start":{"line":213,"column":0},"end":{"line":213,"column":37}},"213":{"start":{"line":214,"column":0},"end":{"line":214,"column":50}},"214":{"start":{"line":215,"column":0},"end":{"line":215,"column":57}},"215":{"start":{"line":216,"column":0},"end":{"line":216,"column":55}},"216":{"start":{"line":217,"column":0},"end":{"line":217,"column":26}},"217":{"start":{"line":218,"column":0},"end":{"line":218,"column":3}},"220":{"start":{"line":221,"column":0},"end":{"line":221,"column":43}},"221":{"start":{"line":222,"column":0},"end":{"line":222,"column":37}},"222":{"start":{"line":223,"column":0},"end":{"line":223,"column":53}},"223":{"start":{"line":224,"column":0},"end":{"line":224,"column":57}},"224":{"start":{"line":225,"column":0},"end":{"line":225,"column":54}},"225":{"start":{"line":226,"column":0},"end":{"line":226,"column":56}},"226":{"start":{"line":227,"column":0},"end":{"line":227,"column":54}},"227":{"start":{"line":228,"column":0},"end":{"line":228,"column":26}},"228":{"start":{"line":229,"column":0},"end":{"line":229,"column":3}},"231":{"start":{"line":232,"column":0},"end":{"line":232,"column":45}},"232":{"start":{"line":233,"column":0},"end":{"line":233,"column":38}},"233":{"start":{"line":234,"column":0},"end":{"line":234,"column":57}},"234":{"start":{"line":235,"column":0},"end":{"line":235,"column":55}},"235":{"start":{"line":236,"column":0},"end":{"line":236,"column":56}},"236":{"start":{"line":237,"column":0},"end":{"line":237,"column":54}},"237":{"start":{"line":238,"column":0},"end":{"line":238,"column":26}},"238":{"start":{"line":239,"column":0},"end":{"line":239,"column":3}},"241":{"start":{"line":242,"column":0},"end":{"line":242,"column":106}},"242":{"start":{"line":243,"column":0},"end":{"line":243,"column":11}},"243":{"start":{"line":244,"column":0},"end":{"line":244,"column":39}},"244":{"start":{"line":245,"column":0},"end":{"line":245,"column":211}},"246":{"start":{"line":247,"column":0},"end":{"line":247,"column":29}},"247":{"start":{"line":248,"column":0},"end":{"line":248,"column":31}},"248":{"start":{"line":249,"column":0},"end":{"line":249,"column":39}},"249":{"start":{"line":250,"column":0},"end":{"line":250,"column":38}},"250":{"start":{"line":251,"column":0},"end":{"line":251,"column":63}},"252":{"start":{"line":253,"column":0},"end":{"line":253,"column":65}},"254":{"start":{"line":255,"column":0},"end":{"line":255,"column":14}},"256":{"start":{"line":257,"column":0},"end":{"line":257,"column":13}},"259":{"start":{"line":260,"column":0},"end":{"line":260,"column":10}},"260":{"start":{"line":261,"column":0},"end":{"line":261,"column":51}},"262":{"start":{"line":263,"column":0},"end":{"line":263,"column":58}},"263":{"start":{"line":264,"column":0},"end":{"line":264,"column":59}},"264":{"start":{"line":265,"column":0},"end":{"line":265,"column":79}},"265":{"start":{"line":266,"column":0},"end":{"line":266,"column":55}},"266":{"start":{"line":267,"column":0},"end":{"line":267,"column":51}},"267":{"start":{"line":268,"column":0},"end":{"line":268,"column":55}},"268":{"start":{"line":269,"column":0},"end":{"line":269,"column":56}},"269":{"start":{"line":270,"column":0},"end":{"line":270,"column":18}},"270":{"start":{"line":271,"column":0},"end":{"line":271,"column":51}},"271":{"start":{"line":272,"column":0},"end":{"line":272,"column":83}},"272":{"start":{"line":273,"column":0},"end":{"line":273,"column":84}},"273":{"start":{"line":274,"column":0},"end":{"line":274,"column":77}},"274":{"start":{"line":275,"column":0},"end":{"line":275,"column":77}},"275":{"start":{"line":276,"column":0},"end":{"line":276,"column":18}},"276":{"start":{"line":277,"column":0},"end":{"line":277,"column":16}},"277":{"start":{"line":278,"column":0},"end":{"line":278,"column":14}},"278":{"start":{"line":279,"column":0},"end":{"line":279,"column":12}},"281":{"start":{"line":282,"column":0},"end":{"line":282,"column":11}},"282":{"start":{"line":283,"column":0},"end":{"line":283,"column":22}},"283":{"start":{"line":284,"column":0},"end":{"line":284,"column":40}},"284":{"start":{"line":285,"column":0},"end":{"line":285,"column":31}},"286":{"start":{"line":287,"column":0},"end":{"line":287,"column":67}},"287":{"start":{"line":288,"column":0},"end":{"line":288,"column":65}},"288":{"start":{"line":289,"column":0},"end":{"line":289,"column":60}},"289":{"start":{"line":290,"column":0},"end":{"line":290,"column":18}},"290":{"start":{"line":291,"column":0},"end":{"line":291,"column":123}},"292":{"start":{"line":293,"column":0},"end":{"line":293,"column":21}},"293":{"start":{"line":294,"column":0},"end":{"line":294,"column":123}},"294":{"start":{"line":295,"column":0},"end":{"line":295,"column":63}},"295":{"start":{"line":296,"column":0},"end":{"line":296,"column":21}},"296":{"start":{"line":297,"column":0},"end":{"line":297,"column":123}},"297":{"start":{"line":298,"column":0},"end":{"line":298,"column":60}},"298":{"start":{"line":299,"column":0},"end":{"line":299,"column":21}},"299":{"start":{"line":300,"column":0},"end":{"line":300,"column":123}},"300":{"start":{"line":301,"column":0},"end":{"line":301,"column":70}},"301":{"start":{"line":302,"column":0},"end":{"line":302,"column":21}},"302":{"start":{"line":303,"column":0},"end":{"line":303,"column":123}},"303":{"start":{"line":304,"column":0},"end":{"line":304,"column":71}},"304":{"start":{"line":305,"column":0},"end":{"line":305,"column":21}},"305":{"start":{"line":306,"column":0},"end":{"line":306,"column":123}},"306":{"start":{"line":307,"column":0},"end":{"line":307,"column":58}},"307":{"start":{"line":308,"column":0},"end":{"line":308,"column":21}},"308":{"start":{"line":309,"column":0},"end":{"line":309,"column":123}},"309":{"start":{"line":310,"column":0},"end":{"line":310,"column":60}},"310":{"start":{"line":311,"column":0},"end":{"line":311,"column":21}},"311":{"start":{"line":312,"column":0},"end":{"line":312,"column":123}},"312":{"start":{"line":313,"column":0},"end":{"line":313,"column":60}},"313":{"start":{"line":314,"column":0},"end":{"line":314,"column":21}},"314":{"start":{"line":315,"column":0},"end":{"line":315,"column":123}},"315":{"start":{"line":316,"column":0},"end":{"line":316,"column":58}},"316":{"start":{"line":317,"column":0},"end":{"line":317,"column":21}},"317":{"start":{"line":318,"column":0},"end":{"line":318,"column":123}},"319":{"start":{"line":320,"column":0},"end":{"line":320,"column":21}},"320":{"start":{"line":321,"column":0},"end":{"line":321,"column":123}},"322":{"start":{"line":323,"column":0},"end":{"line":323,"column":21}},"323":{"start":{"line":324,"column":0},"end":{"line":324,"column":123}},"325":{"start":{"line":326,"column":0},"end":{"line":326,"column":21}},"326":{"start":{"line":327,"column":0},"end":{"line":327,"column":19}},"327":{"start":{"line":328,"column":0},"end":{"line":328,"column":20}},"328":{"start":{"line":329,"column":0},"end":{"line":329,"column":65}},"329":{"start":{"line":330,"column":0},"end":{"line":330,"column":56}},"330":{"start":{"line":331,"column":0},"end":{"line":331,"column":20}},"331":{"start":{"line":332,"column":0},"end":{"line":332,"column":84}},"332":{"start":{"line":333,"column":0},"end":{"line":333,"column":79}},"333":{"start":{"line":334,"column":0},"end":{"line":334,"column":93}},"334":{"start":{"line":335,"column":0},"end":{"line":335,"column":23}},"335":{"start":{"line":336,"column":0},"end":{"line":336,"column":21}},"337":{"start":{"line":338,"column":0},"end":{"line":338,"column":55}},"338":{"start":{"line":339,"column":0},"end":{"line":339,"column":56}},"339":{"start":{"line":340,"column":0},"end":{"line":340,"column":69}},"340":{"start":{"line":341,"column":0},"end":{"line":341,"column":65}},"342":{"start":{"line":343,"column":0},"end":{"line":343,"column":26}},"343":{"start":{"line":344,"column":0},"end":{"line":344,"column":52}},"344":{"start":{"line":345,"column":0},"end":{"line":345,"column":26}},"345":{"start":{"line":346,"column":0},"end":{"line":346,"column":64}},"346":{"start":{"line":347,"column":0},"end":{"line":347,"column":88}},"347":{"start":{"line":348,"column":0},"end":{"line":348,"column":78}},"348":{"start":{"line":349,"column":0},"end":{"line":349,"column":61}},"349":{"start":{"line":350,"column":0},"end":{"line":350,"column":62}},"350":{"start":{"line":351,"column":0},"end":{"line":351,"column":63}},"351":{"start":{"line":352,"column":0},"end":{"line":352,"column":32}},"352":{"start":{"line":353,"column":0},"end":{"line":353,"column":47}},"353":{"start":{"line":354,"column":0},"end":{"line":354,"column":56}},"354":{"start":{"line":355,"column":0},"end":{"line":355,"column":40}},"355":{"start":{"line":356,"column":0},"end":{"line":356,"column":45}},"356":{"start":{"line":357,"column":0},"end":{"line":357,"column":26}},"359":{"start":{"line":360,"column":0},"end":{"line":360,"column":68}},"360":{"start":{"line":361,"column":0},"end":{"line":361,"column":61}},"361":{"start":{"line":362,"column":0},"end":{"line":362,"column":67}},"362":{"start":{"line":363,"column":0},"end":{"line":363,"column":37}},"363":{"start":{"line":364,"column":0},"end":{"line":364,"column":49}},"364":{"start":{"line":365,"column":0},"end":{"line":365,"column":53}},"365":{"start":{"line":366,"column":0},"end":{"line":366,"column":66}},"366":{"start":{"line":367,"column":0},"end":{"line":367,"column":34}},"367":{"start":{"line":368,"column":0},"end":{"line":368,"column":103}},"368":{"start":{"line":369,"column":0},"end":{"line":369,"column":74}},"370":{"start":{"line":371,"column":0},"end":{"line":371,"column":47}},"371":{"start":{"line":372,"column":0},"end":{"line":372,"column":73}},"373":{"start":{"line":374,"column":0},"end":{"line":374,"column":71}},"375":{"start":{"line":376,"column":0},"end":{"line":376,"column":39}},"376":{"start":{"line":377,"column":0},"end":{"line":377,"column":34}},"377":{"start":{"line":378,"column":0},"end":{"line":378,"column":50}},"378":{"start":{"line":379,"column":0},"end":{"line":379,"column":100}},"379":{"start":{"line":380,"column":0},"end":{"line":380,"column":34}},"380":{"start":{"line":381,"column":0},"end":{"line":381,"column":32}},"381":{"start":{"line":382,"column":0},"end":{"line":382,"column":29}},"384":{"start":{"line":385,"column":0},"end":{"line":385,"column":68}},"385":{"start":{"line":386,"column":0},"end":{"line":386,"column":142}},"386":{"start":{"line":387,"column":0},"end":{"line":387,"column":45}},"387":{"start":{"line":388,"column":0},"end":{"line":388,"column":33}},"388":{"start":{"line":389,"column":0},"end":{"line":389,"column":29}},"391":{"start":{"line":392,"column":0},"end":{"line":392,"column":90}},"392":{"start":{"line":393,"column":0},"end":{"line":393,"column":39}},"393":{"start":{"line":394,"column":0},"end":{"line":394,"column":29}},"396":{"start":{"line":397,"column":0},"end":{"line":397,"column":102}},"397":{"start":{"line":398,"column":0},"end":{"line":398,"column":62}},"398":{"start":{"line":399,"column":0},"end":{"line":399,"column":29}},"401":{"start":{"line":402,"column":0},"end":{"line":402,"column":90}},"402":{"start":{"line":403,"column":0},"end":{"line":403,"column":60}},"403":{"start":{"line":404,"column":0},"end":{"line":404,"column":29}},"406":{"start":{"line":407,"column":0},"end":{"line":407,"column":121}},"407":{"start":{"line":408,"column":0},"end":{"line":408,"column":53}},"408":{"start":{"line":409,"column":0},"end":{"line":409,"column":29}},"411":{"start":{"line":412,"column":0},"end":{"line":412,"column":119}},"412":{"start":{"line":413,"column":0},"end":{"line":413,"column":70}},"413":{"start":{"line":414,"column":0},"end":{"line":414,"column":29}},"416":{"start":{"line":417,"column":0},"end":{"line":417,"column":119}},"417":{"start":{"line":418,"column":0},"end":{"line":418,"column":46}},"418":{"start":{"line":419,"column":0},"end":{"line":419,"column":29}},"421":{"start":{"line":422,"column":0},"end":{"line":422,"column":90}},"422":{"start":{"line":423,"column":0},"end":{"line":423,"column":63}},"423":{"start":{"line":424,"column":0},"end":{"line":424,"column":29}},"426":{"start":{"line":427,"column":0},"end":{"line":427,"column":68}},"427":{"start":{"line":428,"column":0},"end":{"line":428,"column":47}},"428":{"start":{"line":429,"column":0},"end":{"line":429,"column":144}},"429":{"start":{"line":430,"column":0},"end":{"line":430,"column":48}},"430":{"start":{"line":431,"column":0},"end":{"line":431,"column":35}},"432":{"start":{"line":433,"column":0},"end":{"line":433,"column":68}},"434":{"start":{"line":435,"column":0},"end":{"line":435,"column":29}},"437":{"start":{"line":438,"column":0},"end":{"line":438,"column":90}},"438":{"start":{"line":439,"column":0},"end":{"line":439,"column":71}},"439":{"start":{"line":440,"column":0},"end":{"line":440,"column":29}},"442":{"start":{"line":443,"column":0},"end":{"line":443,"column":88}},"443":{"start":{"line":444,"column":0},"end":{"line":444,"column":58}},"444":{"start":{"line":445,"column":0},"end":{"line":445,"column":62}},"445":{"start":{"line":446,"column":0},"end":{"line":446,"column":37}},"446":{"start":{"line":447,"column":0},"end":{"line":447,"column":49}},"447":{"start":{"line":448,"column":0},"end":{"line":448,"column":53}},"448":{"start":{"line":449,"column":0},"end":{"line":449,"column":66}},"449":{"start":{"line":450,"column":0},"end":{"line":450,"column":34}},"450":{"start":{"line":451,"column":0},"end":{"line":451,"column":93}},"451":{"start":{"line":452,"column":0},"end":{"line":452,"column":65}},"452":{"start":{"line":453,"column":0},"end":{"line":453,"column":31}},"454":{"start":{"line":455,"column":0},"end":{"line":455,"column":39}},"456":{"start":{"line":457,"column":0},"end":{"line":457,"column":37}},"457":{"start":{"line":458,"column":0},"end":{"line":458,"column":49}},"458":{"start":{"line":459,"column":0},"end":{"line":459,"column":53}},"459":{"start":{"line":460,"column":0},"end":{"line":460,"column":58}},"460":{"start":{"line":461,"column":0},"end":{"line":461,"column":34}},"461":{"start":{"line":462,"column":0},"end":{"line":462,"column":95}},"462":{"start":{"line":463,"column":0},"end":{"line":463,"column":60}},"463":{"start":{"line":464,"column":0},"end":{"line":464,"column":31}},"465":{"start":{"line":466,"column":0},"end":{"line":466,"column":39}},"467":{"start":{"line":468,"column":0},"end":{"line":468,"column":32}},"468":{"start":{"line":469,"column":0},"end":{"line":469,"column":29}},"469":{"start":{"line":470,"column":0},"end":{"line":470,"column":27}},"472":{"start":{"line":473,"column":0},"end":{"line":473,"column":38}},"473":{"start":{"line":474,"column":0},"end":{"line":474,"column":27}},"474":{"start":{"line":475,"column":0},"end":{"line":475,"column":34}},"475":{"start":{"line":476,"column":0},"end":{"line":476,"column":49}},"476":{"start":{"line":477,"column":0},"end":{"line":477,"column":71}},"477":{"start":{"line":478,"column":0},"end":{"line":478,"column":42}},"478":{"start":{"line":479,"column":0},"end":{"line":479,"column":56}},"479":{"start":{"line":480,"column":0},"end":{"line":480,"column":28}},"481":{"start":{"line":482,"column":0},"end":{"line":482,"column":76}},"482":{"start":{"line":483,"column":0},"end":{"line":483,"column":83}},"484":{"start":{"line":485,"column":0},"end":{"line":485,"column":35}},"485":{"start":{"line":486,"column":0},"end":{"line":486,"column":104}},"486":{"start":{"line":487,"column":0},"end":{"line":487,"column":81}},"487":{"start":{"line":488,"column":0},"end":{"line":488,"column":97}},"488":{"start":{"line":489,"column":0},"end":{"line":489,"column":93}},"489":{"start":{"line":490,"column":0},"end":{"line":490,"column":97}},"490":{"start":{"line":491,"column":0},"end":{"line":491,"column":73}},"491":{"start":{"line":492,"column":0},"end":{"line":492,"column":89}},"492":{"start":{"line":493,"column":0},"end":{"line":493,"column":38}},"493":{"start":{"line":494,"column":0},"end":{"line":494,"column":36}},"496":{"start":{"line":497,"column":0},"end":{"line":497,"column":35}},"497":{"start":{"line":498,"column":0},"end":{"line":498,"column":103}},"498":{"start":{"line":499,"column":0},"end":{"line":499,"column":71}},"499":{"start":{"line":500,"column":0},"end":{"line":500,"column":55}},"500":{"start":{"line":501,"column":0},"end":{"line":501,"column":86}},"502":{"start":{"line":503,"column":0},"end":{"line":503,"column":61}},"504":{"start":{"line":505,"column":0},"end":{"line":505,"column":38}},"505":{"start":{"line":506,"column":0},"end":{"line":506,"column":36}},"508":{"start":{"line":509,"column":0},"end":{"line":509,"column":35}},"509":{"start":{"line":510,"column":0},"end":{"line":510,"column":105}},"510":{"start":{"line":511,"column":0},"end":{"line":511,"column":59}},"511":{"start":{"line":512,"column":0},"end":{"line":512,"column":41}},"512":{"start":{"line":513,"column":0},"end":{"line":513,"column":53}},"513":{"start":{"line":514,"column":0},"end":{"line":514,"column":57}},"514":{"start":{"line":515,"column":0},"end":{"line":515,"column":60}},"515":{"start":{"line":516,"column":0},"end":{"line":516,"column":38}},"516":{"start":{"line":517,"column":0},"end":{"line":517,"column":139}},"517":{"start":{"line":518,"column":0},"end":{"line":518,"column":35}},"519":{"start":{"line":520,"column":0},"end":{"line":520,"column":43}},"520":{"start":{"line":521,"column":0},"end":{"line":521,"column":70}},"521":{"start":{"line":522,"column":0},"end":{"line":522,"column":43}},"522":{"start":{"line":523,"column":0},"end":{"line":523,"column":55}},"523":{"start":{"line":524,"column":0},"end":{"line":524,"column":59}},"524":{"start":{"line":525,"column":0},"end":{"line":525,"column":64}},"525":{"start":{"line":526,"column":0},"end":{"line":526,"column":40}},"526":{"start":{"line":527,"column":0},"end":{"line":527,"column":143}},"527":{"start":{"line":528,"column":0},"end":{"line":528,"column":37}},"529":{"start":{"line":530,"column":0},"end":{"line":530,"column":45}},"531":{"start":{"line":532,"column":0},"end":{"line":532,"column":38}},"532":{"start":{"line":533,"column":0},"end":{"line":533,"column":36}},"533":{"start":{"line":534,"column":0},"end":{"line":534,"column":34}},"534":{"start":{"line":535,"column":0},"end":{"line":535,"column":31}},"535":{"start":{"line":536,"column":0},"end":{"line":536,"column":29}},"537":{"start":{"line":538,"column":0},"end":{"line":538,"column":37}},"539":{"start":{"line":540,"column":0},"end":{"line":540,"column":18}},"541":{"start":{"line":542,"column":0},"end":{"line":542,"column":20}},"542":{"start":{"line":543,"column":0},"end":{"line":543,"column":18}},"543":{"start":{"line":544,"column":0},"end":{"line":544,"column":14}},"544":{"start":{"line":545,"column":0},"end":{"line":545,"column":12}},"545":{"start":{"line":546,"column":0},"end":{"line":546,"column":10}},"547":{"start":{"line":548,"column":0},"end":{"line":548,"column":1}}},"s":{"0":1,"1":1,"34":1,"35":1,"36":1,"38":1,"39":102,"40":102,"41":102,"42":102,"43":102,"44":102,"45":102,"46":102,"47":102,"48":102,"49":102,"50":102,"51":102,"52":102,"54":102,"55":102,"58":102,"59":85,"61":1490,"62":6,"63":6,"66":1490,"67":56,"68":56,"69":56,"70":55,"71":53,"73":56,"75":1428,"76":85,"79":85,"80":1895,"81":1895,"84":1895,"85":1895,"88":1895,"89":0,"90":0,"91":0,"93":1895,"94":328,"95":0,"96":85,"98":85,"99":102,"102":102,"103":92,"104":1460,"105":92,"106":102,"108":102,"109":102,"110":102,"113":102,"114":1,"115":0,"116":1,"117":1,"118":1,"119":1,"120":102,"123":102,"124":6,"125":102,"128":102,"129":0,"130":102,"133":102,"134":95,"135":17,"137":17,"138":17,"139":9,"140":9,"141":9,"142":9,"143":9,"144":17,"145":2,"146":2,"147":2,"148":17,"149":3,"150":3,"151":3,"152":3,"153":3,"154":17,"155":17,"156":1,"157":1,"158":1,"159":1,"160":1,"161":1,"162":1,"163":1,"164":17,"165":17,"166":1,"167":1,"168":1,"169":1,"170":0,"171":0,"172":1,"173":1,"174":17,"175":1,"176":1,"177":17,"178":17,"180":95,"181":95,"182":102,"185":102,"186":84,"187":81,"188":81,"189":81,"191":81,"192":10,"193":10,"194":81,"195":102,"198":102,"199":700,"200":661,"201":700,"204":102,"205":345,"206":345,"207":345,"208":345,"211":102,"212":345,"213":312,"214":22,"215":7,"216":0,"217":345,"220":102,"221":345,"222":345,"223":237,"224":2,"225":0,"226":0,"227":0,"228":345,"231":102,"232":345,"233":323,"234":214,"235":0,"236":0,"237":0,"238":345,"241":102,"242":816,"243":816,"244":816,"246":816,"247":816,"248":102,"249":102,"250":0,"252":102,"254":102,"256":816,"259":102,"260":102,"262":102,"263":102,"264":102,"265":102,"266":102,"267":102,"268":102,"269":102,"270":102,"271":102,"272":102,"273":102,"274":102,"275":102,"276":102,"277":102,"278":102,"281":102,"282":102,"283":102,"284":102,"286":102,"287":102,"288":102,"289":102,"290":102,"292":102,"293":102,"294":102,"295":102,"296":102,"297":102,"298":102,"299":102,"300":102,"301":102,"302":102,"303":102,"304":102,"305":102,"306":102,"307":102,"308":102,"309":102,"310":102,"311":102,"312":102,"313":102,"314":102,"315":102,"316":102,"317":102,"319":102,"320":102,"322":102,"323":102,"325":102,"326":102,"327":102,"328":102,"329":102,"330":13,"331":13,"332":13,"333":13,"334":13,"335":13,"337":89,"338":345,"339":345,"340":345,"342":345,"343":345,"344":345,"345":345,"346":345,"347":345,"348":345,"349":345,"350":345,"351":345,"352":345,"353":345,"354":345,"355":345,"356":345,"359":345,"360":345,"361":345,"362":345,"363":345,"364":6,"365":6,"366":6,"367":345,"368":345,"370":345,"371":5,"373":340,"375":345,"376":345,"377":345,"378":345,"379":345,"380":345,"381":345,"384":345,"385":345,"386":345,"387":345,"388":345,"391":345,"392":345,"393":345,"396":345,"397":345,"398":345,"401":345,"402":345,"403":345,"406":345,"407":345,"408":345,"411":345,"412":345,"413":345,"416":345,"417":345,"418":345,"421":345,"422":345,"423":345,"426":345,"427":345,"428":242,"429":242,"430":242,"432":103,"434":345,"437":345,"438":345,"439":345,"442":345,"443":345,"444":345,"445":6,"446":6,"447":1,"448":1,"449":1,"450":6,"451":6,"452":6,"454":6,"456":339,"457":339,"458":3,"459":3,"460":3,"461":339,"462":339,"463":339,"465":339,"467":345,"468":345,"469":345,"472":345,"473":5,"474":5,"475":5,"476":5,"477":5,"478":5,"479":5,"481":5,"482":5,"484":5,"485":5,"486":5,"487":5,"488":5,"489":5,"490":5,"491":5,"492":5,"493":5,"496":5,"497":5,"498":5,"499":5,"500":5,"502":0,"504":5,"505":5,"508":5,"509":5,"510":5,"511":5,"512":5,"513":0,"514":0,"515":0,"516":5,"517":5,"519":5,"520":5,"521":5,"522":5,"523":0,"524":0,"525":0,"526":5,"527":5,"529":5,"531":5,"532":5,"533":5,"534":5,"535":5,"537":345,"539":89,"541":102,"542":102,"543":102,"544":102,"545":102,"547":102},"branchMap":{"0":{"type":"branch","line":39,"loc":{"start":{"line":39,"column":55},"end":{"line":548,"column":1}},"locations":[{"start":{"line":39,"column":55},"end":{"line":548,"column":1}}]},"1":{"type":"branch","line":269,"loc":{"start":{"line":269,"column":15},"end":{"line":269,"column":56}},"locations":[{"start":{"line":269,"column":15},"end":{"line":269,"column":56}}]},"2":{"type":"branch","line":330,"loc":{"start":{"line":330,"column":51},"end":{"line":336,"column":21}},"locations":[{"start":{"line":330,"column":51},"end":{"line":336,"column":21}}]},"3":{"type":"branch","line":336,"loc":{"start":{"line":336,"column":16},"end":{"line":540,"column":18}},"locations":[{"start":{"line":336,"column":16},"end":{"line":540,"column":18}}]},"4":{"type":"branch","line":59,"loc":{"start":{"line":59,"column":43},"end":{"line":100,"column":5}},"locations":[{"start":{"line"
[...]
ne":13,"column":75}}]},"4":{"type":"branch","line":20,"loc":{"start":{"line":20,"column":7},"end":{"line":33,"column":1}},"locations":[{"start":{"line":20,"column":7},"end":{"line":33,"column":1}}]},"5":{"type":"branch","line":29,"loc":{"start":{"line":29,"column":13},"end":{"line":29,"column":35}},"locations":[{"start":{"line":29,"column":13},"end":{"line":29,"column":35}}]},"6":{"type":"branch","line":28,"loc":{"start":{"line":28,"column":13},"end":{"line":28,"column":69}},"locations":[{"start":{"line":28,"column":13},"end":{"line":28,"column":69}}]},"7":{"type":"branch","line":35,"loc":{"start":{"line":35,"column":7},"end":{"line":42,"column":1}},"locations":[{"start":{"line":35,"column":7},"end":{"line":42,"column":1}}]},"8":{"type":"branch","line":38,"loc":{"start":{"line":38,"column":13},"end":{"line":38,"column":44}},"locations":[{"start":{"line":38,"column":13},"end":{"line":38,"column":44}}]}},"b":{"0":[4],"1":[3],"2":[2],"3":[1],"4":[4],"5":[3],"6":[1],"7":[4],"8":[2]},"fnMap":{"0":{"name":"usePoints","decl":{"start":{"line":4,"column":7},"end":{"line":18,"column":1}},"loc":{"start":{"line":4,"column":7},"end":{"line":18,"column":1}},"line":4},"1":{"name":"queryFn","decl":{"start":{"line":13,"column":13},"end":{"line":13,"column":75}},"loc":{"start":{"line":13,"column":13},"end":{"line":13,"column":75}},"line":13},"2":{"name":"usePlayerStats","decl":{"start":{"line":20,"column":7},"end":{"line":33,"column":1}},"loc":{"start":{"line":20,"column":7},"end":{"line":33,"column":1}},"line":20},"3":{"name":"queryFn","decl":{"start":{"line":28,"column":13},"end":{"line":28,"column":69}},"loc":{"start":{"line":28,"column":13},"end":{"line":28,"column":69}},"line":28},"4":{"name":"useScoringProfiles","decl":{"start":{"line":35,"column":7},"end":{"line":42,"column":1}},"loc":{"start":{"line":35,"column":7},"end":{"line":42,"column":1}},"line":35},"5":{"name":"queryFn","decl":{"start":{"line":38,"column":13},"end":{"line":38,"column":44}},"loc":{"start":{"line":38,"column":13},"end":{"line":38,"column":44}},"line":38}},"f":{"0":4,"1":1,"2":4,"3":1,"4":4,"5":2}}
,"/Users/tim/Code/Personal/NFLDrafter/frontend/src/test/mocks.ts": {"path":"/Users/tim/Code/Personal/NFLDrafter/frontend/src/test/mocks.ts","all":false,"statementMap":{"0":{"start":{"line":1,"column":0},"end":{"line":1,"column":27}},"3":{"start":{"line":4,"column":0},"end":{"line":4,"column":36}},"4":{"start":{"line":5,"column":0},"end":{"line":5,"column":13}},"5":{"start":{"line":6,"column":0},"end":{"line":6,"column":5}},"6":{"start":{"line":7,"column":0},"end":{"line":7,"column":35}},"7":{"start":{"line":8,"column":0},"end":{"line":8,"column":27}},"8":{"start":{"line":9,"column":0},"end":{"line":9,"column":42}},"9":{"start":{"line":10,"column":0},"end":{"line":10,"column":22}},"10":{"start":{"line":11,"column":0},"end":{"line":11,"column":28}},"11":{"start":{"line":12,"column":0},"end":{"line":12,"column":6}},"12":{"start":{"line":13,"column":0},"end":{"line":13,"column":5}},"13":{"start":{"line":14,"column":0},"end":{"line":14,"column":36}},"14":{"start":{"line":15,"column":0},"end":{"line":15,"column":23}},"15":{"start":{"line":16,"column":0},"end":{"line":16,"column":38}},"16":{"start":{"line":17,"column":0},"end":{"line":17,"column":22}},"17":{"start":{"line":18,"column":0},"end":{"line":18,"column":28}},"18":{"start":{"line":19,"column":0},"end":{"line":19,"column":5}},"19":{"start":{"line":20,"column":0},"end":{"line":20,"column":3}},"20":{"start":{"line":21,"column":0},"end":{"line":21,"column":1}},"23":{"start":{"line":24,"column":0},"end":{"line":24,"column":33}},"24":{"start":{"line":25,"column":0},"end":{"line":25,"column":3}},"25":{"start":{"line":26,"column":0},"end":{"line":26,"column":30}},"26":{"start":{"line":27,"column":0},"end":{"line":27,"column":21}},"27":{"start":{"line":28,"column":0},"end":{"line":28,"column":11}},"28":{"start":{"line":29,"column":0},"end":{"line":29,"column":19}},"29":{"start":{"line":30,"column":0},"end":{"line":30,"column":20}},"30":{"start":{"line":31,"column":0},"end":{"line":31,"column":13}},"31":{"start":{"line":32,"column":0},"end":{"line":32,"column":4}},"32":{"start":{"line":33,"column":0},"end":{"line":33,"column":3}},"33":{"start":{"line":34,"column":0},"end":{"line":34,"column":35}},"34":{"start":{"line":35,"column":0},"end":{"line":35,"column":20}},"35":{"start":{"line":36,"column":0},"end":{"line":36,"column":11}},"36":{"start":{"line":37,"column":0},"end":{"line":37,"column":20}},"37":{"start":{"line":38,"column":0},"end":{"line":38,"column":20}},"38":{"start":{"line":39,"column":0},"end":{"line":39,"column":13}},"39":{"start":{"line":40,"column":0},"end":{"line":40,"column":4}},"40":{"start":{"line":41,"column":0},"end":{"line":41,"column":3}},"41":{"start":{"line":42,"column":0},"end":{"line":42,"column":30}},"42":{"start":{"line":43,"column":0},"end":{"line":43,"column":20}},"43":{"start":{"line":44,"column":0},"end":{"line":44,"column":11}},"44":{"start":{"line":45,"column":0},"end":{"line":45,"column":19}},"45":{"start":{"line":46,"column":0},"end":{"line":46,"column":20}},"46":{"start":{"line":47,"column":0},"end":{"line":47,"column":13}},"47":{"start":{"line":48,"column":0},"end":{"line":48,"column":3}},"48":{"start":{"line":49,"column":0},"end":{"line":49,"column":1}},"51":{"start":{"line":52,"column":0},"end":{"line":52,"column":28}},"52":{"start":{"line":53,"column":0},"end":{"line":53,"column":3}},"53":{"start":{"line":54,"column":0},"end":{"line":54,"column":19}},"54":{"start":{"line":55,"column":0},"end":{"line":55,"column":28}},"55":{"start":{"line":56,"column":0},"end":{"line":56,"column":19}},"56":{"start":{"line":57,"column":0},"end":{"line":57,"column":14}},"57":{"start":{"line":58,"column":0},"end":{"line":58,"column":4}},"58":{"start":{"line":59,"column":0},"end":{"line":59,"column":3}},"59":{"start":{"line":60,"column":0},"end":{"line":60,"column":19}},"60":{"start":{"line":61,"column":0},"end":{"line":61,"column":32}},"61":{"start":{"line":62,"column":0},"end":{"line":62,"column":19}},"62":{"start":{"line":63,"column":0},"end":{"line":63,"column":14}},"63":{"start":{"line":64,"column":0},"end":{"line":64,"column":4}},"64":{"start":{"line":65,"column":0},"end":{"line":65,"column":3}},"65":{"start":{"line":66,"column":0},"end":{"line":66,"column":19}},"66":{"start":{"line":67,"column":0},"end":{"line":67,"column":24}},"67":{"start":{"line":68,"column":0},"end":{"line":68,"column":19}},"68":{"start":{"line":69,"column":0},"end":{"line":69,"column":15}},"69":{"start":{"line":70,"column":0},"end":{"line":70,"column":3}},"70":{"start":{"line":71,"column":0},"end":{"line":71,"column":1}},"73":{"start":{"line":74,"column":0},"end":{"line":74,"column":32}},"74":{"start":{"line":75,"column":0},"end":{"line":75,"column":24}},"75":{"start":{"line":76,"column":0},"end":{"line":76,"column":15}},"76":{"start":{"line":77,"column":0},"end":{"line":77,"column":10}},"77":{"start":{"line":78,"column":0},"end":{"line":78,"column":10}},"78":{"start":{"line":79,"column":0},"end":{"line":79,"column":23}},"79":{"start":{"line":80,"column":0},"end":{"line":80,"column":26}},"80":{"start":{"line":81,"column":0},"end":{"line":81,"column":22}},"81":{"start":{"line":82,"column":0},"end":{"line":82,"column":20}},"82":{"start":{"line":83,"column":0},"end":{"line":83,"column":3}},"83":{"start":{"line":84,"column":0},"end":{"line":84,"column":1}},"86":{"start":{"line":87,"column":0},"end":{"line":87,"column":33}},"87":{"start":{"line":88,"column":0},"end":{"line":88,"column":24}},"88":{"start":{"line":89,"column":0},"end":{"line":89,"column":15}},"89":{"start":{"line":90,"column":0},"end":{"line":90,"column":10}},"90":{"start":{"line":91,"column":0},"end":{"line":91,"column":31}},"91":{"start":{"line":92,"column":0},"end":{"line":92,"column":21}},"92":{"start":{"line":93,"column":0},"end":{"line":93,"column":14}},"93":{"start":{"line":94,"column":0},"end":{"line":94,"column":24}},"94":{"start":{"line":95,"column":0},"end":{"line":95,"column":29}},"95":{"start":{"line":96,"column":0},"end":{"line":96,"column":23}},"96":{"start":{"line":97,"column":0},"end":{"line":97,"column":23}},"97":{"start":{"line":98,"column":0},"end":{"line":98,"column":3}},"98":{"start":{"line":99,"column":0},"end":{"line":99,"column":1}},"101":{"start":{"line":102,"column":0},"end":{"line":102,"column":31}},"102":{"start":{"line":103,"column":0},"end":{"line":103,"column":62}},"103":{"start":{"line":104,"column":0},"end":{"line":104,"column":57}},"104":{"start":{"line":105,"column":0},"end":{"line":105,"column":61}},"105":{"start":{"line":106,"column":0},"end":{"line":106,"column":62}},"106":{"start":{"line":107,"column":0},"end":{"line":107,"column":1}}},"s":{"0":1,"3":1,"4":1,"5":1,"6":1,"7":1,"8":1,"9":1,"10":1,"11":1,"12":1,"13":1,"14":1,"15":1,"16":1,"17":1,"18":1,"19":1,"20":1,"23":1,"24":1,"25":1,"26":1,"27":1,"28":1,"29":1,"30":1,"31":1,"32":1,"33":1,"34":1,"35":1,"36":1,"37":1,"38":1,"39":1,"40":1,"41":1,"42":1,"43":1,"44":1,"45":1,"46":1,"47":1,"48":1,"51":1,"52":1,"53":1,"54":1,"55":1,"56":1,"57":1,"58":1,"59":1,"60":1,"61":1,"62":1,"63":1,"64":1,"65":1,"66":1,"67":1,"68":1,"69":1,"70":1,"73":1,"74":1,"75":1,"76":1,"77":1,"78":1,"79":1,"80":1,"81":1,"82":1,"83":1,"86":1,"87":1,"88":1,"89":1,"90":1,"91":1,"92":1,"93":1,"94":1,"95":1,"96":1,"97":1,"98":1,"101":1,"102":1,"103":1,"104":1,"105":1,"106":1},"branchMap":{},"b":{},"fnMap":{},"f":{}}
,"/Users/tim/Code/Personal/NFLDrafter/frontend/src/test/test-utils.tsx": {"path":"/Users/tim/Code/Personal/NFLDrafter/frontend/src/test/test-utils.tsx","all":false,"statementMap":{"0":{"start":{"line":1,"column":0},"end":{"line":1,"column":43}},"1":{"start":{"line":2,"column":0},"end":{"line":2,"column":62}},"2":{"start":{"line":3,"column":0},"end":{"line":3,"column":72}},"3":{"start":{"line":4,"column":0},"end":{"line":4,"column":48}},"6":{"start":{"line":7,"column":0},"end":{"line":7,"column":34}},"7":{"start":{"line":8,"column":0},"end":{"line":8,"column":26}},"8":{"start":{"line":9,"column":0},"end":{"line":9,"column":21}},"9":{"start":{"line":10,"column":0},"end":{"line":10,"column":16}},"10":{"start":{"line":11,"column":0},"end":{"line":11,"column":21}},"11":{"start":{"line":12,"column":0},"end":{"line":12,"column":18}},"12":{"start":{"line":13,"column":0},"end":{"line":13,"column":8}},"13":{"start":{"line":14,"column":0},"end":{"line":14,"column":6}},"14":{"start":{"line":15,"column":0},"end":{"line":15,"column":4}},"15":{"start":{"line":16,"column":0},"end":{"line":16,"column":1}},"21":{"start":{"line":22,"column":0},"end":{"line":22,"column":22}},"22":{"start":{"line":23,"column":0},"end":{"line":23,"column":19}},"23":{"start":{"line":24,"column":0},"end":{"line":24,"column":87}},"24":{"start":{"line":25,"column":0},"end":{"line":25,"column":3}},"25":{"start":{"line":26,"column":0},"end":{"line":26,"column":65}},"26":{"start":{"line":27,"column":0},"end":{"line":27,"column":12}},"27":{"start":{"line":28,"column":0},"end":{"line":28,"column":48}},"28":{"start":{"line":29,"column":0},"end":{"line":29,"column":23}},"29":{"start":{"line":30,"column":0},"end":{"line":30,"column":20}},"30":{"start":{"line":31,"column":0},"end":{"line":31,"column":24}},"31":{"start":{"line":32,"column":0},"end":{"line":32,"column":28}},"33":{"start":{"line":34,"column":0},"end":{"line":34,"column":3}},"35":{"start":{"line":36,"column":0},"end":{"line":36,"column":10}},"36":{"start":{"line":37,"column":0},"end":{"line":37,"column":58}},"37":{"start":{"line":38,"column":0},"end":{"line":38,"column":16}},"38":{"start":{"line":39,"column":0},"end":{"line":39,"column":3}},"39":{"start":{"line":40,"column":0},"end":{"line":40,"column":1}},"42":{"start":{"line":43,"column":0},"end":{"line":43,"column":38}}},"s":{"0":1,"1":1,"2":1,"3":1,"6":26,"7":26,"8":26,"9":26,"10":26,"11":26,"12":26,"13":26,"14":26,"15":26,"21":26,"22":26,"23":26,"24":26,"25":26,"26":26,"27":26,"28":26,"29":26,"30":26,"31":26,"33":26,"35":26,"36":26,"37":26,"38":26,"39":26,"42":1},"branchMap":{"0":{"type":"branch","line":7,"loc":{"start":{"line":7,"column":0},"end":{"line":16,"column":1}},"locations":[{"start":{"line":7,"column":0},"end":{"line":16,"column":1}}]},"1":{"type":"branch","line":22,"loc":{"start":{"line":22,"column":0},"end":{"line":40,"column":1}},"locations":[{"start":{"line":22,"column":0},"end":{"line":40,"column":1}}]},"2":{"type":"branch","line":26,"loc":{"start":{"line":26,"column":2},"end":{"line":34,"column":3}},"locations":[{"start":{"line":26,"column":2},"end":{"line":34,"column":3}}]}},"b":{"0":[26],"1":[26],"2":[26]},"fnMap":{"0":{"name":"createTestQueryClient","decl":{"start":{"line":7,"column":0},"end":{"line":16,"column":1}},"loc":{"start":{"line":7,"column":0},"end":{"line":16,"column":1}},"line":7},"1":{"name":"customRender","decl":{"start":{"line":22,"column":0},"end":{"line":40,"column":1}},"loc":{"start":{"line":22,"column":0},"end":{"line":40,"column":1}},"line":22},"2":{"name":"Wrapper","decl":{"start":{"line":26,"column":2},"end":{"line":34,"column":3}},"loc":{"start":{"line":26,"column":2},"end":{"line":34,"column":3}},"line":26}},"f":{"0":26,"1":26,"2":26}}
,"/Users/tim/Code/Personal/NFLDrafter/frontend/src/test/integration/index.ts": {"path":"/Users/tim/Code/Personal/NFLDrafter/frontend/src/test/integration/index.ts","all":true,"statementMap":{"3":{"start":{"line":4,"column":0},"end":{"line":4,"column":83}},"4":{"start":{"line":5,"column":0},"end":{"line":5,"column":87}},"5":{"start":{"line":6,"column":0},"end":{"line":6,"column":79}},"8":{"start":{"line":9,"column":0},"end":{"line":9,"column":37}},"10":{"start":{"line":11,"column":0},"end":{"line":11,"column":16}},"11":{"start":{"line":12,"column":0},"end":{"line":12,"column":5}},"12":{"start":{"line":13,"column":0},"end":{"line":13,"column":14}},"13":{"start":{"line":14,"column":0},"end":{"line":14,"column":34}},"14":{"start":{"line":15,"column":0},"end":{"line":15,"column":21}},"15":{"start":{"line":16,"column":0},"end":{"line":16,"column":17}},"16":{"start":{"line":17,"column":0},"end":{"line":17,"column":27}},"17":{"start":{"line":18,"column":0},"end":{"line":18,"column":25}},"18":{"start":{"line":19,"column":0},"end":{"line":19,"column":18}},"19":{"start":{"line":20,"column":0},"end":{"line":20,"column":17}},"20":{"start":{"line":21,"column":0},"end":{"line":21,"column":14}},"21":{"start":{"line":22,"column":0},"end":{"line":22,"column":13}},"22":{"start":{"line":23,"column":0},"end":{"line":23,"column":19}},"23":{"start":{"line":24,"column":0},"end":{"line":24,"column":17}},"24":{"start":{"line":25,"column":0},"end":{"line":25,"column":6}},"25":{"start":{"line":26,"column":0},"end":{"line":26,"column":5}},"26":{"start":{"line":27,"column":0},"end":{"line":27,"column":14}},"27":{"start":{"line":28,"column":0},"end":{"line":28,"column":30}},"28":{"start":{"line":29,"column":0},"end":{"line":29,"column":21}},"29":{"start":{"line":30,"column":0},"end":{"line":30,"column":17}},"30":{"start":{"line":31,"column":0},"end":{"line":31,"column":27}},"31":{"start":{"line":32,"column":0},"end":{"line":32,"column":25}},"32":{"start":{"line":33,"column":0},"end":{"line":33,"column":17}},"33":{"start":{"line":34,"column":0},"end":{"line":34,"column":17}},"34":{"start":{"line":35,"column":0},"end":{"line":35,"column":14}},"35":{"start":{"line":36,"column":0},"end":{"line":36,"column":14}},"36":{"start":{"line":37,"column":0},"end":{"line":37,"column":19}},"37":{"start":{"line":38,"column":0},"end":{"line":38,"column":18}},"38":{"start":{"line":39,"column":0},"end":{"line":39,"column":6}},"39":{"start":{"line":40,"column":0},"end":{"line":40,"column":5}},"40":{"start":{"line":41,"column":0},"end":{"line":41,"column":14}},"41":{"start":{"line":42,"column":0},"end":{"line":42,"column":26}},"42":{"start":{"line":43,"column":0},"end":{"line":43,"column":21}},"43":{"start":{"line":44,"column":0},"end":{"line":44,"column":18}},"44":{"start":{"line":45,"column":0},"end":{"line":45,"column":27}},"45":{"start":{"line":46,"column":0},"end":{"line":46,"column":25}},"46":{"start":{"line":47,"column":0},"end":{"line":47,"column":17}},"47":{"start":{"line":48,"column":0},"end":{"line":48,"column":17}},"48":{"start":{"line":49,"column":0},"end":{"line":49,"column":14}},"49":{"start":{"line":50,"column":0},"end":{"line":50,"column":13}},"50":{"start":{"line":51,"column":0},"end":{"line":51,"column":19}},"51":{"start":{"line":52,"column":0},"end":{"line":52,"column":18}},"52":{"start":{"line":53,"column":0},"end":{"line":53,"column":6}},"53":{"start":{"line":54,"column":0},"end":{"line":54,"column":4}},"56":{"start":{"line":57,"column":0},"end":{"line":57,"column":17}},"57":{"start":{"line":58,"column":0},"end":{"line":58,"column":35}},"58":{"start":{"line":59,"column":0},"end":{"line":59,"column":28}},"59":{"start":{"line":60,"column":0},"end":{"line":60,"column":30}},"60":{"start":{"line":61,"column":0},"end":{"line":61,"column":35}},"61":{"start":{"line":62,"column":0},"end":{"line":62,"column":26}},"62":{"start":{"line":63,"column":0},"end":{"line":63,"column":26}},"63":{"start":{"line":64,"column":0},"end":{"line":64,"column":38}},"64":{"start":{"line":65,"column":0},"end":{"line":65,"column":4}},"67":{"start":{"line":68,"column":0},"end":{"line":68,"column":44}},"68":{"start":{"line":69,"column":0},"end":{"line":69,"column":53}},"69":{"start":{"line":70,"column":0},"end":{"line":70,"column":24}},"70":{"start":{"line":71,"column":0},"end":{"line":71,"column":26}},"71":{"start":{"line":72,"column":0},"end":{"line":72,"column":48}},"72":{"start":{"line":73,"column":0},"end":{"line":73,"column":28}},"73":{"start":{"line":74,"column":0},"end":{"line":74,"column":41}},"74":{"start":{"line":75,"column":0},"end":{"line":75,"column":39}},"75":{"start":{"line":76,"column":0},"end":{"line":76,"column":37}},"76":{"start":{"line":77,"column":0},"end":{"line":77,"column":32}},"77":{"start":{"line":78,"column":0},"end":{"line":78,"column":46}},"78":{"start":{"line":79,"column":0},"end":{"line":79,"column":47}},"79":{"start":{"line":80,"column":0},"end":{"line":80,"column":47}},"80":{"start":{"line":81,"column":0},"end":{"line":81,"column":50}},"81":{"start":{"line":82,"column":0},"end":{"line":82,"column":7}},"82":{"start":{"line":83,"column":0},"end":{"line":83,"column":4}},"85":{"start":{"line":86,"column":0},"end":{"line":86,"column":20}},"86":{"start":{"line":87,"column":0},"end":{"line":87,"column":61}},"87":{"start":{"line":88,"column":0},"end":{"line":88,"column":61}},"88":{"start":{"line":89,"column":0},"end":{"line":89,"column":61}},"89":{"start":{"line":90,"column":0},"end":{"line":90,"column":61}},"90":{"start":{"line":91,"column":0},"end":{"line":91,"column":63}},"91":{"start":{"line":92,"column":0},"end":{"line":92,"column":60}},"92":{"start":{"line":93,"column":0},"end":{"line":93,"column":62}},"93":{"start":{"line":94,"column":0},"end":{"line":94,"column":61}},"94":{"start":{"line":95,"column":0},"end":{"line":95,"column":4}},"95":{"start":{"line":96,"column":0},"end":{"line":96,"column":1}}},"s":{"3":0,"4":0,"5":0,"8":0,"10":0,"11":0,"12":0,"13":0,"14":0,"15":0,"16":0,"17":0,"18":0,"19":0,"20":0,"21":0,"22":0,"23":0,"24":0,"25":0,"26":0,"27":0,"28":0,"29":0,"30":0,"31":0,"32":0,"33":0,"34":0,"35":0,"36":0,"37":0,"38":0,"39":0,"40":0,"41":0,"42":0,"43":0,"44":0,"45":0,"46":0,"47":0,"48":0,"49":0,"50":0,"51":0,"52":0,"53":0,"56":0,"57":0,"58":0,"59":0,"60":0,"61":0,"62":0,"63":0,"64":0,"67":0,"68":0,"69":0,"70":0,"71":0,"72":0,"73":0,"74":0,"75":0,"76":0,"77":0,"78":0,"79":0,"80":0,"81":0,"82":0,"85":0,"86":0,"87":0,"88":0,"89":0,"90":0,"91":0,"92":0,"93":0,"94":0,"95":0},"branchMap":{"0":{"type":"branch","line":1,"loc":{"start":{"line":1,"column":2794},"end":{"line":96,"column":1}},"locations":[{"start":{"line":1,"column":2794},"end":{"line":96,"column":1}}]}},"b":{"0":[1]},"fnMap":{"0":{"name":"(empty-report)","decl":{"start":{"line":1,"column":2794},"end":{"line":96,"column":1}},"loc":{"start":{"line":1,"column":2794},"end":{"line":96,"column":1}},"line":1}},"f":{"0":1}}
}
